[0.530s] Invoking command in '/home/ayukine/holy_ws/src/bot_controller': AMENT_PREFIX_PATH=/home/ayukine/holy_ws/install/custom_messages:${AMENT_PREFIX_PATH} CMAKE_PREFIX_PATH=/home/ayukine/holy_ws/install/custom_messages LD_LIBRARY_PATH=/home/ayukine/holy_ws/install/custom_messages/lib:${LD_LIBRARY_PATH} PYTHONPATH=/home/ayukine/holy_ws/build/bot_controller/prefix_override:/usr/lib/python3/dist-packages/colcon_core/task/python/colcon_distutils_commands:/home/ayukine/holy_ws/install/bot_controller/lib/python3.10/site-packages:/home/ayukine/holy_ws/install/custom_messages/local/lib/python3.10/dist-packages:${PYTHONPATH} /usr/bin/python3 -W ignore:setup.py install is deprecated setup.py egg_info --egg-base ../../build/bot_controller build --build-base /home/ayukine/holy_ws/build/bot_controller/build install --record /home/ayukine/holy_ws/build/bot_controller/install.log --install-scripts $base/lib/bot_controller --single-version-externally-managed install_data
[0.663s] /usr/lib/python3/dist-packages/setuptools/dist.py:723: UserWarning: Usage of dash-separated 'script-dir' will not be supported in future versions. Please use the underscore name 'script_dir' instead
[0.663s]   warnings.warn(
[0.668s] running egg_info
[0.668s] creating ../../build/bot_controller/bot_controller.egg-info
[0.668s] writing ../../build/bot_controller/bot_controller.egg-info/PKG-INFO
[0.669s] writing dependency_links to ../../build/bot_controller/bot_controller.egg-info/dependency_links.txt
[0.669s] writing entry points to ../../build/bot_controller/bot_controller.egg-info/entry_points.txt
[0.669s] writing requirements to ../../build/bot_controller/bot_controller.egg-info/requires.txt
[0.669s] writing top-level names to ../../build/bot_controller/bot_controller.egg-info/top_level.txt
[0.669s] writing manifest file '../../build/bot_controller/bot_controller.egg-info/SOURCES.txt'
[0.670s] reading manifest file '../../build/bot_controller/bot_controller.egg-info/SOURCES.txt'
[0.670s] writing manifest file '../../build/bot_controller/bot_controller.egg-info/SOURCES.txt'
[0.670s] running build
[0.670s] running build_py
[0.670s] creating /home/ayukine/holy_ws/build/bot_controller/build
[0.670s] creating /home/ayukine/holy_ws/build/bot_controller/build/lib
[0.670s] creating /home/ayukine/holy_ws/build/bot_controller/build/lib/bot_controller
[0.670s] copying bot_controller/__init__.py -> /home/ayukine/holy_ws/build/bot_controller/build/lib/bot_controller
[0.670s] copying bot_controller/control_bot.py -> /home/ayukine/holy_ws/build/bot_controller/build/lib/bot_controller
[0.671s] running install
[0.671s] running install_lib
[0.671s] creating /home/ayukine/holy_ws/install/bot_controller/lib/python3.10/site-packages/bot_controller
[0.671s] copying /home/ayukine/holy_ws/build/bot_controller/build/lib/bot_controller/__init__.py -> /home/ayukine/holy_ws/install/bot_controller/lib/python3.10/site-packages/bot_controller
[0.671s] copying /home/ayukine/holy_ws/build/bot_controller/build/lib/bot_controller/control_bot.py -> /home/ayukine/holy_ws/install/bot_controller/lib/python3.10/site-packages/bot_controller
[0.671s] byte-compiling /home/ayukine/holy_ws/install/bot_controller/lib/python3.10/site-packages/bot_controller/__init__.py to __init__.cpython-310.pyc
[0.671s] byte-compiling /home/ayukine/holy_ws/install/bot_controller/lib/python3.10/site-packages/bot_controller/control_bot.py to control_bot.cpython-310.pyc
[0.672s] running install_data
[0.672s] creating /home/ayukine/holy_ws/install/bot_controller/share/ament_index
[0.672s] creating /home/ayukine/holy_ws/install/bot_controller/share/ament_index/resource_index
[0.672s] creating /home/ayukine/holy_ws/install/bot_controller/share/ament_index/resource_index/packages
[0.672s] copying resource/bot_controller -> /home/ayukine/holy_ws/install/bot_controller/share/ament_index/resource_index/packages
[0.672s] copying package.xml -> /home/ayukine/holy_ws/install/bot_controller/share/bot_controller
[0.672s] running install_egg_info
[0.673s] Copying ../../build/bot_controller/bot_controller.egg-info to /home/ayukine/holy_ws/install/bot_controller/lib/python3.10/site-packages/bot_controller-0.0.1-py3.10.egg-info
[0.673s] running install_scripts
[0.687s] Installing controller_node script to /home/ayukine/holy_ws/install/bot_controller/lib/bot_controller
[0.687s] writing list of installed files to '/home/ayukine/holy_ws/build/bot_controller/install.log'
[0.707s] Invoked command in '/home/ayukine/holy_ws/src/bot_controller' returned '0': AMENT_PREFIX_PATH=/home/ayukine/holy_ws/install/custom_messages:${AMENT_PREFIX_PATH} CMAKE_PREFIX_PATH=/home/ayukine/holy_ws/install/custom_messages LD_LIBRARY_PATH=/home/ayukine/holy_ws/install/custom_messages/lib:${LD_LIBRARY_PATH} PYTHONPATH=/home/ayukine/holy_ws/build/bot_controller/prefix_override:/usr/lib/python3/dist-packages/colcon_core/task/python/colcon_distutils_commands:/home/ayukine/holy_ws/install/bot_controller/lib/python3.10/site-packages:/home/ayukine/holy_ws/install/custom_messages/local/lib/python3.10/dist-packages:${PYTHONPATH} /usr/bin/python3 -W ignore:setup.py install is deprecated setup.py egg_info --egg-base ../../build/bot_controller build --build-base /home/ayukine/holy_ws/build/bot_controller/build install --record /home/ayukine/holy_ws/build/bot_controller/install.log --install-scripts $base/lib/bot_controller --single-version-externally-managed install_data
