/usr/lib/python3/dist-packages/setuptools/dist.py:723: UserWarning: Usage of dash-separated 'script-dir' will not be supported in future versions. Please use the underscore name 'script_dir' instead
  warnings.warn(
running egg_info
creating ../../build/can_motor/can_motor.egg-info
writing ../../build/can_motor/can_motor.egg-info/PKG-INFO
writing dependency_links to ../../build/can_motor/can_motor.egg-info/dependency_links.txt
writing entry points to ../../build/can_motor/can_motor.egg-info/entry_points.txt
writing requirements to ../../build/can_motor/can_motor.egg-info/requires.txt
writing top-level names to ../../build/can_motor/can_motor.egg-info/top_level.txt
writing manifest file '../../build/can_motor/can_motor.egg-info/SOURCES.txt'
reading manifest file '../../build/can_motor/can_motor.egg-info/SOURCES.txt'
writing manifest file '../../build/can_motor/can_motor.egg-info/SOURCES.txt'
running build
running build_py
creating /home/ayukine/holy_ws/build/can_motor/build
creating /home/ayukine/holy_ws/build/can_motor/build/lib
creating /home/ayukine/holy_ws/build/can_motor/build/lib/can_motor
copying can_motor/__init__.py -> /home/ayukine/holy_ws/build/can_motor/build/lib/can_motor
copying can_motor/can_motor.py -> /home/ayukine/holy_ws/build/can_motor/build/lib/can_motor
running install
running install_lib
creating /home/ayukine/holy_ws/install/can_motor/lib/python3.10/site-packages/can_motor
copying /home/ayukine/holy_ws/build/can_motor/build/lib/can_motor/__init__.py -> /home/ayukine/holy_ws/install/can_motor/lib/python3.10/site-packages/can_motor
copying /home/ayukine/holy_ws/build/can_motor/build/lib/can_motor/can_motor.py -> /home/ayukine/holy_ws/install/can_motor/lib/python3.10/site-packages/can_motor
byte-compiling /home/ayukine/holy_ws/install/can_motor/lib/python3.10/site-packages/can_motor/__init__.py to __init__.cpython-310.pyc
byte-compiling /home/ayukine/holy_ws/install/can_motor/lib/python3.10/site-packages/can_motor/can_motor.py to can_motor.cpython-310.pyc
running install_data
creating /home/ayukine/holy_ws/install/can_motor/share/ament_index
creating /home/ayukine/holy_ws/install/can_motor/share/ament_index/resource_index
creating /home/ayukine/holy_ws/install/can_motor/share/ament_index/resource_index/packages
copying resource/can_motor -> /home/ayukine/holy_ws/install/can_motor/share/ament_index/resource_index/packages
copying package.xml -> /home/ayukine/holy_ws/install/can_motor/share/can_motor
running install_egg_info
Copying ../../build/can_motor/can_motor.egg-info to /home/ayukine/holy_ws/install/can_motor/lib/python3.10/site-packages/can_motor-0.0.1-py3.10.egg-info
running install_scripts
Installing can_motor_node script to /home/ayukine/holy_ws/install/can_motor/lib/can_motor
writing list of installed files to '/home/ayukine/holy_ws/build/can_motor/install.log'
