[0.005s] Invoking command in '/home/ayukine/holy_ws/build/ds4_driver': AMENT_PREFIX_PATH=/home/ayukine/holy_ws/install/ds4_driver_msgs:${AMENT_PREFIX_PATH} CMAKE_PREFIX_PATH=/home/ayukine/holy_ws/install/ds4_driver_msgs:/opt/ros/humble LD_LIBRARY_PATH=/home/ayukine/holy_ws/install/ds4_driver_msgs/lib:${LD_LIBRARY_PATH} PYTHONPATH=/home/ayukine/holy_ws/install/ds4_driver_msgs/local/lib/python3.10/dist-packages:${PYTHONPATH} /usr/bin/cmake /home/ayukine/holy_ws/src/ds4_driver/ds4_driver -DCMAKE_INSTALL_PREFIX=/home/ayukine/holy_ws/install/ds4_driver
[0.041s] -- The C compiler identification is GNU 11.4.0
[0.077s] -- The CXX compiler identification is GNU 11.4.0
[0.081s] -- Detecting C compiler ABI info
[0.124s] -- Detecting C compiler ABI info - done
[0.128s] -- Check for working C compiler: /usr/bin/cc - skipped
[0.129s] -- Detecting C compile features
[0.129s] -- Detecting C compile features - done
[0.131s] -- Detecting CXX compiler ABI info
[0.181s] -- Detecting CXX compiler ABI info - done
[0.186s] -- Check for working CXX compiler: /usr/bin/c++ - skipped
[0.186s] -- Detecting CXX compile features
[0.186s] -- Detecting CXX compile features - done
[0.187s] -- Found ament_cmake: 1.3.9 (/opt/ros/humble/share/ament_cmake/cmake)
[0.289s] -- Found Python3: /usr/bin/python3 (found version "3.10.12") found components: Interpreter 
[0.343s] -- Found sensor_msgs: 4.2.4 (/opt/ros/humble/share/sensor_msgs/cmake)
[0.364s] -- Found rosidl_generator_c: 3.1.5 (/opt/ros/humble/share/rosidl_generator_c/cmake)
[0.367s] -- Found rosidl_adapter: 3.1.5 (/opt/ros/humble/share/rosidl_adapter/cmake)
[0.372s] -- Found rosidl_generator_cpp: 3.1.5 (/opt/ros/humble/share/rosidl_generator_cpp/cmake)
[0.380s] -- Using all available rosidl_typesupport_c: rosidl_typesupport_fastrtps_c;rosidl_typesupport_introspection_c
[0.391s] -- Using all available rosidl_typesupport_cpp: rosidl_typesupport_fastrtps_cpp;rosidl_typesupport_introspection_cpp
[0.529s] -- Found ds4_driver_msgs: 0.0.0 (/home/ayukine/holy_ws/install/ds4_driver_msgs/share/ds4_driver_msgs/cmake)
[0.591s] -- Found ament_lint_auto: 0.12.11 (/opt/ros/humble/share/ament_lint_auto/cmake)
[0.678s] -- Added test 'copyright' to check source files copyright and LICENSE
[0.679s] -- Added test 'flake8' to check Python code syntax and style conventions
[0.680s] -- Added test 'lint_cmake' to check CMake code style
[0.680s] -- Added test 'pep257' to check Python code against some of the docstring style conventions in PEP 257
[0.681s] -- Added test 'xmllint' to check XML markup files
[0.681s] -- Configuring done
[0.684s] -- Generating done
[0.684s] -- Build files have been written to: /home/ayukine/holy_ws/build/ds4_driver
[0.689s] Invoked command in '/home/ayukine/holy_ws/build/ds4_driver' returned '0': AMENT_PREFIX_PATH=/home/ayukine/holy_ws/install/ds4_driver_msgs:${AMENT_PREFIX_PATH} CMAKE_PREFIX_PATH=/home/ayukine/holy_ws/install/ds4_driver_msgs:/opt/ros/humble LD_LIBRARY_PATH=/home/ayukine/holy_ws/install/ds4_driver_msgs/lib:${LD_LIBRARY_PATH} PYTHONPATH=/home/ayukine/holy_ws/install/ds4_driver_msgs/local/lib/python3.10/dist-packages:${PYTHONPATH} /usr/bin/cmake /home/ayukine/holy_ws/src/ds4_driver/ds4_driver -DCMAKE_INSTALL_PREFIX=/home/ayukine/holy_ws/install/ds4_driver
[0.689s] Invoking command in '/home/ayukine/holy_ws/build/ds4_driver': AMENT_PREFIX_PATH=/home/ayukine/holy_ws/install/ds4_driver_msgs:${AMENT_PREFIX_PATH} CMAKE_PREFIX_PATH=/home/ayukine/holy_ws/install/ds4_driver_msgs:/opt/ros/humble LD_LIBRARY_PATH=/home/ayukine/holy_ws/install/ds4_driver_msgs/lib:${LD_LIBRARY_PATH} PYTHONPATH=/home/ayukine/holy_ws/install/ds4_driver_msgs/local/lib/python3.10/dist-packages:${PYTHONPATH} /usr/bin/cmake --build /home/ayukine/holy_ws/build/ds4_driver -- -j16 -l16
[0.729s] Built target ament_cmake_python_copy_ds4_driver
[0.881s] running egg_info
[0.881s] creating ds4_driver.egg-info
[0.881s] writing ds4_driver.egg-info/PKG-INFO
[0.881s] writing dependency_links to ds4_driver.egg-info/dependency_links.txt
[0.881s] writing top-level names to ds4_driver.egg-info/top_level.txt
[0.882s] writing manifest file 'ds4_driver.egg-info/SOURCES.txt'
[0.883s] reading manifest file 'ds4_driver.egg-info/SOURCES.txt'
[0.883s] writing manifest file 'ds4_driver.egg-info/SOURCES.txt'
[0.899s] Built target ament_cmake_python_build_ds4_driver_egg
[0.906s] Invoked command in '/home/ayukine/holy_ws/build/ds4_driver' returned '0': AMENT_PREFIX_PATH=/home/ayukine/holy_ws/install/ds4_driver_msgs:${AMENT_PREFIX_PATH} CMAKE_PREFIX_PATH=/home/ayukine/holy_ws/install/ds4_driver_msgs:/opt/ros/humble LD_LIBRARY_PATH=/home/ayukine/holy_ws/install/ds4_driver_msgs/lib:${LD_LIBRARY_PATH} PYTHONPATH=/home/ayukine/holy_ws/install/ds4_driver_msgs/local/lib/python3.10/dist-packages:${PYTHONPATH} /usr/bin/cmake --build /home/ayukine/holy_ws/build/ds4_driver -- -j16 -l16
[0.921s] Invoking command in '/home/ayukine/holy_ws/build/ds4_driver': AMENT_PREFIX_PATH=/home/ayukine/holy_ws/install/ds4_driver_msgs:${AMENT_PREFIX_PATH} CMAKE_PREFIX_PATH=/home/ayukine/holy_ws/install/ds4_driver_msgs:/opt/ros/humble LD_LIBRARY_PATH=/home/ayukine/holy_ws/install/ds4_driver_msgs/lib:${LD_LIBRARY_PATH} PYTHONPATH=/home/ayukine/holy_ws/install/ds4_driver_msgs/local/lib/python3.10/dist-packages:${PYTHONPATH} /usr/bin/cmake --install /home/ayukine/holy_ws/build/ds4_driver
[0.926s] -- Install configuration: ""
[0.926s] -- Installing: /home/ayukine/holy_ws/install/ds4_driver/share/ds4_driver/environment/pythonpath.sh
[0.926s] -- Installing: /home/ayukine/holy_ws/install/ds4_driver/share/ds4_driver/environment/pythonpath.dsv
[0.927s] -- Installing: /home/ayukine/holy_ws/install/ds4_driver/local/lib/python3.10/dist-packages/ds4_driver-0.2.1-py3.10.egg-info
[0.927s] -- Installing: /home/ayukine/holy_ws/install/ds4_driver/local/lib/python3.10/dist-packages/ds4_driver-0.2.1-py3.10.egg-info/dependency_links.txt
[0.927s] -- Installing: /home/ayukine/holy_ws/install/ds4_driver/local/lib/python3.10/dist-packages/ds4_driver-0.2.1-py3.10.egg-info/PKG-INFO
[0.927s] -- Installing: /home/ayukine/holy_ws/install/ds4_driver/local/lib/python3.10/dist-packages/ds4_driver-0.2.1-py3.10.egg-info/SOURCES.txt
[0.927s] -- Installing: /home/ayukine/holy_ws/install/ds4_driver/local/lib/python3.10/dist-packages/ds4_driver-0.2.1-py3.10.egg-info/top_level.txt
[0.927s] -- Installing: /home/ayukine/holy_ws/install/ds4_driver/local/lib/python3.10/dist-packages/ds4_driver
[0.927s] -- Installing: /home/ayukine/holy_ws/install/ds4_driver/local/lib/python3.10/dist-packages/ds4_driver/__init__.py
[0.927s] -- Installing: /home/ayukine/holy_ws/install/ds4_driver/local/lib/python3.10/dist-packages/ds4_driver/controller_ros.py
[0.927s] -- Installing: /home/ayukine/holy_ws/install/ds4_driver/local/lib/python3.10/dist-packages/ds4_driver/logger.py
[0.927s] -- Installing: /home/ayukine/holy_ws/install/ds4_driver/local/lib/python3.10/dist-packages/ds4_driver/controller.py
[0.959s] Listing '/home/ayukine/holy_ws/install/ds4_driver/local/lib/python3.10/dist-packages/ds4_driver'...
[0.959s] Compiling '/home/ayukine/holy_ws/install/ds4_driver/local/lib/python3.10/dist-packages/ds4_driver/__init__.py'...
[0.959s] Compiling '/home/ayukine/holy_ws/install/ds4_driver/local/lib/python3.10/dist-packages/ds4_driver/controller.py'...
[0.959s] Compiling '/home/ayukine/holy_ws/install/ds4_driver/local/lib/python3.10/dist-packages/ds4_driver/controller_ros.py'...
[0.959s] Compiling '/home/ayukine/holy_ws/install/ds4_driver/local/lib/python3.10/dist-packages/ds4_driver/logger.py'...
[0.962s] -- Installing: /home/ayukine/holy_ws/install/ds4_driver/share/ds4_driver//config
[0.962s] -- Installing: /home/ayukine/holy_ws/install/ds4_driver/share/ds4_driver//config/twist_6dof.yaml
[0.962s] -- Installing: /home/ayukine/holy_ws/install/ds4_driver/share/ds4_driver//config/params.yaml
[0.962s] -- Installing: /home/ayukine/holy_ws/install/ds4_driver/share/ds4_driver//config/twist_2dof.yaml
[0.962s] -- Installing: /home/ayukine/holy_ws/install/ds4_driver/share/ds4_driver//launch
[0.962s] -- Installing: /home/ayukine/holy_ws/install/ds4_driver/share/ds4_driver//launch/demo.launch.xml
[0.962s] -- Installing: /home/ayukine/holy_ws/install/ds4_driver/share/ds4_driver//launch/ds4_driver.launch.xml
[0.962s] -- Installing: /home/ayukine/holy_ws/install/ds4_driver/share/ds4_driver//launch/ds4_twist.launch.xml
[0.962s] -- Installing: /home/ayukine/holy_ws/install/ds4_driver/lib/ds4_driver/demo.py
[0.962s] -- Installing: /home/ayukine/holy_ws/install/ds4_driver/lib/ds4_driver/ds4_driver_node.py
[0.962s] -- Installing: /home/ayukine/holy_ws/install/ds4_driver/lib/ds4_driver/ds4_twist_node.py
[0.962s] -- Installing: /home/ayukine/holy_ws/install/ds4_driver/share/ament_index/resource_index/package_run_dependencies/ds4_driver
[0.962s] -- Installing: /home/ayukine/holy_ws/install/ds4_driver/share/ament_index/resource_index/parent_prefix_path/ds4_driver
[0.963s] -- Installing: /home/ayukine/holy_ws/install/ds4_driver/share/ds4_driver/environment/ament_prefix_path.sh
[0.963s] -- Installing: /home/ayukine/holy_ws/install/ds4_driver/share/ds4_driver/environment/ament_prefix_path.dsv
[0.963s] -- Installing: /home/ayukine/holy_ws/install/ds4_driver/share/ds4_driver/environment/path.sh
[0.963s] -- Installing: /home/ayukine/holy_ws/install/ds4_driver/share/ds4_driver/environment/path.dsv
[0.963s] -- Installing: /home/ayukine/holy_ws/install/ds4_driver/share/ds4_driver/local_setup.bash
[0.963s] -- Installing: /home/ayukine/holy_ws/install/ds4_driver/share/ds4_driver/local_setup.sh
[0.963s] -- Installing: /home/ayukine/holy_ws/install/ds4_driver/share/ds4_driver/local_setup.zsh
[0.963s] -- Installing: /home/ayukine/holy_ws/install/ds4_driver/share/ds4_driver/local_setup.dsv
[0.963s] -- Installing: /home/ayukine/holy_ws/install/ds4_driver/share/ds4_driver/package.dsv
[0.963s] -- Installing: /home/ayukine/holy_ws/install/ds4_driver/share/ament_index/resource_index/packages/ds4_driver
[0.963s] -- Installing: /home/ayukine/holy_ws/install/ds4_driver/share/ds4_driver/cmake/ds4_driverConfig.cmake
[0.963s] -- Installing: /home/ayukine/holy_ws/install/ds4_driver/share/ds4_driver/cmake/ds4_driverConfig-version.cmake
[0.963s] -- Installing: /home/ayukine/holy_ws/install/ds4_driver/share/ds4_driver/package.xml
[0.965s] Invoked command in '/home/ayukine/holy_ws/build/ds4_driver' returned '0': AMENT_PREFIX_PATH=/home/ayukine/holy_ws/install/ds4_driver_msgs:${AMENT_PREFIX_PATH} CMAKE_PREFIX_PATH=/home/ayukine/holy_ws/install/ds4_driver_msgs:/opt/ros/humble LD_LIBRARY_PATH=/home/ayukine/holy_ws/install/ds4_driver_msgs/lib:${LD_LIBRARY_PATH} PYTHONPATH=/home/ayukine/holy_ws/install/ds4_driver_msgs/local/lib/python3.10/dist-packages:${PYTHONPATH} /usr/bin/cmake --install /home/ayukine/holy_ws/build/ds4_driver
