-- The C compiler identification is GNU 11.4.0
-- The CXX compiler identification is GNU 11.4.0
-- Detecting C compiler ABI info
-- Detecting C compiler ABI info - done
-- Check for working C compiler: /usr/bin/cc - skipped
-- Detecting C compile features
-- Detecting C compile features - done
-- Detecting CXX compiler ABI info
-- Detecting CXX compiler ABI info - done
-- Check for working CXX compiler: /usr/bin/c++ - skipped
-- Detecting CXX compile features
-- Detecting CXX compile features - done
-- Found ament_cmake: 1.3.9 (/opt/ros/humble/share/ament_cmake/cmake)
-- Found Python3: /usr/bin/python3 (found version "3.10.12") found components: Interpreter 
-- Found builtin_interfaces: 1.2.1 (/opt/ros/humble/share/builtin_interfaces/cmake)
-- Found rosidl_generator_c: 3.1.5 (/opt/ros/humble/share/rosidl_generator_c/cmake)
-- Found rosidl_adapter: 3.1.5 (/opt/ros/humble/share/rosidl_adapter/cmake)
-- Found rosidl_generator_cpp: 3.1.5 (/opt/ros/humble/share/rosidl_generator_cpp/cmake)
-- Using all available rosidl_typesupport_c: rosidl_typesupport_fastrtps_c;rosidl_typesupport_introspection_c
-- Using all available rosidl_typesupport_cpp: rosidl_typesupport_fastrtps_cpp;rosidl_typesupport_introspection_cpp
-- Found rosidl_default_generators: 1.2.0 (/opt/ros/humble/share/rosidl_default_generators/cmake)
-- Found ament_cmake_ros: 0.10.0 (/opt/ros/humble/share/ament_cmake_ros/cmake)
-- Using all available rosidl_typesupport_c: rosidl_typesupport_fastrtps_c;rosidl_typesupport_introspection_c
-- Using all available rosidl_typesupport_cpp: rosidl_typesupport_fastrtps_cpp;rosidl_typesupport_introspection_cpp
-- Found PythonInterp: /usr/bin/python3 (found suitable version "3.10.12", minimum required is "3.6") 
-- Found python_cmake_module: 0.10.0 (/opt/ros/humble/share/python_cmake_module/cmake)
-- Found PythonLibs: /usr/lib/x86_64-linux-gnu/libpython3.10.so (found suitable version "3.10.12", minimum required is "3.5") 
-- Using PYTHON_EXECUTABLE: /usr/bin/python3
-- Using PYTHON_INCLUDE_DIRS: /usr/include/python3.10
-- Using PYTHON_LIBRARIES: /usr/lib/x86_64-linux-gnu/libpython3.10.so
-- Found PythonExtra: .so  
-- Found ament_lint_auto: 0.12.11 (/opt/ros/humble/share/ament_lint_auto/cmake)
-- Added test 'copyright' to check source files copyright and LICENSE
-- Added test 'lint_cmake' to check CMake code style
-- Added test 'xmllint' to check XML markup files
-- Configuring done
-- Generating done
-- Build files have been written to: /home/ayukine/holy_ws/build/custom_messages
[  1%] [34m[1mGenerating C code for ROS interfaces[0m
[  2%] [34m[1mGenerating C++ code for ROS interfaces[0m
[  2%] Built target ament_cmake_python_copy_custom_messages
running egg_info
creating custom_messages.egg-info
writing custom_messages.egg-info/PKG-INFO
writing dependency_links to custom_messages.egg-info/dependency_links.txt
writing top-level names to custom_messages.egg-info/top_level.txt
writing manifest file 'custom_messages.egg-info/SOURCES.txt'
reading manifest file 'custom_messages.egg-info/SOURCES.txt'
writing manifest file 'custom_messages.egg-info/SOURCES.txt'
[  2%] Built target ament_cmake_python_build_custom_messages_egg
[  2%] Built target custom_messages__cpp
[  3%] [34m[1mGenerating C++ type support dispatch for ROS interfaces[0m
[  4%] [34m[1mGenerating C++ type support for eProsima Fast-RTPS[0m
[  5%] [34m[1mGenerating C++ introspection for ROS interfaces[0m
[ 10%] [32mBuilding C object CMakeFiles/custom_messages__rosidl_generator_c.dir/rosidl_generator_c/custom_messages/msg/detail/dino__functions.c.o[0m
[ 10%] [32mBuilding C object CMakeFiles/custom_messages__rosidl_generator_c.dir/rosidl_generator_c/custom_messages/msg/detail/controller_msg__functions.c.o[0m
[ 10%] [32mBuilding C object CMakeFiles/custom_messages__rosidl_generator_c.dir/rosidl_generator_c/custom_messages/msg/detail/yolo_detection_array__functions.c.o[0m
[ 10%] [32mBuilding C object CMakeFiles/custom_messages__rosidl_generator_c.dir/rosidl_generator_c/custom_messages/msg/detail/motor_feedback__functions.c.o[0m
[ 11%] [32mBuilding C object CMakeFiles/custom_messages__rosidl_generator_c.dir/rosidl_generator_c/custom_messages/msg/detail/motor_command__functions.c.o[0m
[ 12%] [32mBuilding C object CMakeFiles/custom_messages__rosidl_generator_c.dir/rosidl_generator_c/custom_messages/msg/detail/can_msg__functions.c.o[0m
[ 13%] [32mBuilding C object CMakeFiles/custom_messages__rosidl_generator_c.dir/rosidl_generator_c/custom_messages/msg/detail/yolo_detection__functions.c.o[0m
[ 14%] [32mBuilding C object CMakeFiles/custom_messages__rosidl_generator_c.dir/rosidl_generator_c/custom_messages/srv/detail/reset_odom__functions.c.o[0m
[ 16%] [32m[1mLinking C shared library libcustom_messages__rosidl_generator_c.so[0m
[ 16%] Built target custom_messages__rosidl_generator_c
[ 17%] [34m[1mGenerating C type support for eProsima Fast-RTPS[0m
[ 18%] [34m[1mGenerating C introspection for ROS interfaces[0m
[ 19%] [34m[1mGenerating C type support dispatch for ROS interfaces[0m
[ 22%] [32mBuilding CXX object CMakeFiles/custom_messages__rosidl_typesupport_introspection_cpp.dir/rosidl_typesupport_introspection_cpp/custom_messages/msg/detail/motor_feedback__type_support.cpp.o[0m
[ 22%] [32mBuilding CXX object CMakeFiles/custom_messages__rosidl_typesupport_introspection_cpp.dir/rosidl_typesupport_introspection_cpp/custom_messages/msg/detail/can_msg__type_support.cpp.o[0m
[ 22%] [32mBuilding CXX object CMakeFiles/custom_messages__rosidl_typesupport_introspection_cpp.dir/rosidl_typesupport_introspection_cpp/custom_messages/msg/detail/controller_msg__type_support.cpp.o[0m
[ 24%] [32mBuilding CXX object CMakeFiles/custom_messages__rosidl_typesupport_introspection_cpp.dir/rosidl_typesupport_introspection_cpp/custom_messages/msg/detail/yolo_detection_array__type_support.cpp.o[0m
[ 26%] [32mBuilding CXX object CMakeFiles/custom_messages__rosidl_typesupport_introspection_cpp.dir/rosidl_typesupport_introspection_cpp/custom_messages/msg/detail/dino__type_support.cpp.o[0m
[ 26%] [32mBuilding CXX object CMakeFiles/custom_messages__rosidl_typesupport_introspection_cpp.dir/rosidl_typesupport_introspection_cpp/custom_messages/msg/detail/motor_command__type_support.cpp.o[0m
[ 27%] [32mBuilding CXX object CMakeFiles/custom_messages__rosidl_typesupport_introspection_cpp.dir/rosidl_typesupport_introspection_cpp/custom_messages/msg/detail/yolo_detection__type_support.cpp.o[0m
[ 28%] [32mBuilding CXX object CMakeFiles/custom_messages__rosidl_typesupport_introspection_cpp.dir/rosidl_typesupport_introspection_cpp/custom_messages/srv/detail/reset_odom__type_support.cpp.o[0m
[ 29%] [32mBuilding CXX object CMakeFiles/custom_messages__rosidl_typesupport_fastrtps_cpp.dir/rosidl_typesupport_fastrtps_cpp/custom_messages/msg/detail/dds_fastrtps/can_msg__type_support.cpp.o[0m
[ 31%] [32mBuilding CXX object CMakeFiles/custom_messages__rosidl_typesupport_fastrtps_cpp.dir/rosidl_typesupport_fastrtps_cpp/custom_messages/msg/detail/dds_fastrtps/motor_feedback__type_support.cpp.o[0m
[ 32%] [32mBuilding CXX object CMakeFiles/custom_messages__rosidl_typesupport_fastrtps_cpp.dir/rosidl_typesupport_fastrtps_cpp/custom_messages/msg/detail/dds_fastrtps/controller_msg__type_support.cpp.o[0m
[ 33%] [32mBuilding CXX object CMakeFiles/custom_messages__rosidl_typesupport_fastrtps_cpp.dir/rosidl_typesupport_fastrtps_cpp/custom_messages/msg/detail/dds_fastrtps/motor_command__type_support.cpp.o[0m
[ 34%] [32mBuilding CXX object CMakeFiles/custom_messages__rosidl_typesupport_cpp.dir/rosidl_typesupport_cpp/custom_messages/msg/motor_command__type_support.cpp.o[0m
[ 35%] [32mBuilding CXX object CMakeFiles/custom_messages__rosidl_typesupport_cpp.dir/rosidl_typesupport_cpp/custom_messages/msg/motor_feedback__type_support.cpp.o[0m
[ 37%] [32mBuilding CXX object CMakeFiles/custom_messages__rosidl_typesupport_cpp.dir/rosidl_typesupport_cpp/custom_messages/msg/can_msg__type_support.cpp.o[0m
[ 37%] [32mBuilding CXX object CMakeFiles/custom_messages__rosidl_typesupport_cpp.dir/rosidl_typesupport_cpp/custom_messages/msg/controller_msg__type_support.cpp.o[0m
[ 39%] [32mBuilding CXX object CMakeFiles/custom_messages__rosidl_typesupport_fastrtps_c.dir/rosidl_typesupport_fastrtps_c/custom_messages/msg/detail/motor_feedback__type_support_c.cpp.o[0m
[ 40%] [32mBuilding CXX object CMakeFiles/custom_messages__rosidl_typesupport_fastrtps_c.dir/rosidl_typesupport_fastrtps_c/custom_messages/msg/detail/motor_command__type_support_c.cpp.o[0m
[ 41%] [32mBuilding CXX object CMakeFiles/custom_messages__rosidl_typesupport_cpp.dir/rosidl_typesupport_cpp/custom_messages/msg/yolo_detection__type_support.cpp.o[0m
[ 42%] [32mBuilding CXX object CMakeFiles/custom_messages__rosidl_typesupport_cpp.dir/rosidl_typesupport_cpp/custom_messages/msg/yolo_detection_array__type_support.cpp.o[0m
[ 43%] [32mBuilding CXX object CMakeFiles/custom_messages__rosidl_typesupport_fastrtps_c.dir/rosidl_typesupport_fastrtps_c/custom_messages/msg/detail/can_msg__type_support_c.cpp.o[0m
[ 44%] [32mBuilding CXX object CMakeFiles/custom_messages__rosidl_typesupport_cpp.dir/rosidl_typesupport_cpp/custom_messages/msg/dino__type_support.cpp.o[0m
[ 45%] [32mBuilding CXX object CMakeFiles/custom_messages__rosidl_typesupport_c.dir/rosidl_typesupport_c/custom_messages/msg/motor_command__type_support.cpp.o[0m
[ 47%] [32mBuilding CXX object CMakeFiles/custom_messages__rosidl_typesupport_cpp.dir/rosidl_typesupport_cpp/custom_messages/srv/reset_odom__type_support.cpp.o[0m
[ 48%] [32mBuilding C object CMakeFiles/custom_messages__rosidl_typesupport_introspection_c.dir/rosidl_typesupport_introspection_c/custom_messages/msg/detail/motor_command__type_support.c.o[0m
[ 49%] [32mBuilding CXX object CMakeFiles/custom_messages__rosidl_typesupport_fastrtps_cpp.dir/rosidl_typesupport_fastrtps_cpp/custom_messages/msg/detail/dds_fastrtps/yolo_detection__type_support.cpp.o[0m
[ 50%] [32mBuilding CXX object CMakeFiles/custom_messages__rosidl_typesupport_c.dir/rosidl_typesupport_c/custom_messages/msg/motor_feedback__type_support.cpp.o[0m
[ 51%] [32mBuilding C object CMakeFiles/custom_messages__rosidl_typesupport_introspection_c.dir/rosidl_typesupport_introspection_c/custom_messages/msg/detail/motor_feedback__type_support.c.o[0m
[ 52%] [32mBuilding CXX object CMakeFiles/custom_messages__rosidl_typesupport_fastrtps_c.dir/rosidl_typesupport_fastrtps_c/custom_messages/msg/detail/controller_msg__type_support_c.cpp.o[0m
[ 54%] [32mBuilding CXX object CMakeFiles/custom_messages__rosidl_typesupport_c.dir/rosidl_typesupport_c/custom_messages/msg/can_msg__type_support.cpp.o[0m
[ 55%] [32mBuilding CXX object CMakeFiles/custom_messages__rosidl_typesupport_c.dir/rosidl_typesupport_c/custom_messages/msg/controller_msg__type_support.cpp.o[0m
[ 56%] [32mBuilding C object CMakeFiles/custom_messages__rosidl_typesupport_introspection_c.dir/rosidl_typesupport_introspection_c/custom_messages/msg/detail/can_msg__type_support.c.o[0m
[ 57%] [32mBuilding CXX object CMakeFiles/custom_messages__rosidl_typesupport_fastrtps_c.dir/rosidl_typesupport_fastrtps_c/custom_messages/msg/detail/yolo_detection__type_support_c.cpp.o[0m
[ 58%] [32mBuilding CXX object CMakeFiles/custom_messages__rosidl_typesupport_c.dir/rosidl_typesupport_c/custom_messages/msg/yolo_detection__type_support.cpp.o[0m
[ 59%] [32mBuilding C object CMakeFiles/custom_messages__rosidl_typesupport_introspection_c.dir/rosidl_typesupport_introspection_c/custom_messages/msg/detail/controller_msg__type_support.c.o[0m
[ 60%] [32mBuilding CXX object CMakeFiles/custom_messages__rosidl_typesupport_fastrtps_cpp.dir/rosidl_typesupport_fastrtps_cpp/custom_messages/msg/detail/dds_fastrtps/yolo_detection_array__type_support.cpp.o[0m
[ 62%] [32mBuilding CXX object CMakeFiles/custom_messages__rosidl_typesupport_fastrtps_c.dir/rosidl_typesupport_fastrtps_c/custom_messages/msg/detail/yolo_detection_array__type_support_c.cpp.o[0m
[ 63%] [32mBuilding CXX object CMakeFiles/custom_messages__rosidl_typesupport_c.dir/rosidl_typesupport_c/custom_messages/msg/yolo_detection_array__type_support.cpp.o[0m
[ 64%] [32mBuilding CXX object CMakeFiles/custom_messages__rosidl_typesupport_fastrtps_c.dir/rosidl_typesupport_fastrtps_c/custom_messages/msg/detail/dino__type_support_c.cpp.o[0m
[ 65%] [32mBuilding C object CMakeFiles/custom_messages__rosidl_typesupport_introspection_c.dir/rosidl_typesupport_introspection_c/custom_messages/msg/detail/yolo_detection__type_support.c.o[0m
[ 66%] [32m[1mLinking CXX shared library libcustom_messages__rosidl_typesupport_introspection_cpp.so[0m
[ 67%] [32mBuilding CXX object CMakeFiles/custom_messages__rosidl_typesupport_c.dir/rosidl_typesupport_c/custom_messages/msg/dino__type_support.cpp.o[0m
[ 68%] [32mBuilding CXX object CMakeFiles/custom_messages__rosidl_typesupport_fastrtps_c.dir/rosidl_typesupport_fastrtps_c/custom_messages/srv/detail/reset_odom__type_support_c.cpp.o[0m
[ 70%] [32mBuilding CXX object CMakeFiles/custom_messages__rosidl_typesupport_c.dir/rosidl_typesupport_c/custom_messages/srv/reset_odom__type_support.cpp.o[0m
[ 71%] [32mBuilding C object CMakeFiles/custom_messages__rosidl_typesupport_introspection_c.dir/rosidl_typesupport_introspection_c/custom_messages/msg/detail/yolo_detection_array__type_support.c.o[0m
[ 72%] [32mBuilding CXX object CMakeFiles/custom_messages__rosidl_typesupport_fastrtps_cpp.dir/rosidl_typesupport_fastrtps_cpp/custom_messages/srv/detail/dds_fastrtps/reset_odom__type_support.cpp.o[0m
[ 72%] Built target custom_messages__rosidl_typesupport_introspection_cpp
[ 73%] [32mBuilding C object CMakeFiles/custom_messages__rosidl_typesupport_introspection_c.dir/rosidl_typesupport_introspection_c/custom_messages/msg/detail/dino__type_support.c.o[0m
[ 74%] [32mBuilding CXX object CMakeFiles/custom_messages__rosidl_typesupport_fastrtps_cpp.dir/rosidl_typesupport_fastrtps_cpp/custom_messages/msg/detail/dds_fastrtps/dino__type_support.cpp.o[0m
[ 75%] [32mBuilding C object CMakeFiles/custom_messages__rosidl_typesupport_introspection_c.dir/rosidl_typesupport_introspection_c/custom_messages/srv/detail/reset_odom__type_support.c.o[0m
[ 77%] [32m[1mLinking CXX shared library libcustom_messages__rosidl_typesupport_c.so[0m
[ 78%] [32m[1mLinking C shared library libcustom_messages__rosidl_typesupport_introspection_c.so[0m
[ 78%] Built target custom_messages__rosidl_typesupport_c
[ 78%] Built target custom_messages__rosidl_typesupport_introspection_c
[ 79%] [32m[1mLinking CXX shared library libcustom_messages__rosidl_typesupport_cpp.so[0m
[ 79%] Built target custom_messages__rosidl_typesupport_cpp
[ 80%] [32m[1mLinking CXX shared library libcustom_messages__rosidl_typesupport_fastrtps_c.so[0m
[ 80%] Built target custom_messages__rosidl_typesupport_fastrtps_c
[ 81%] [32m[1mLinking CXX shared library libcustom_messages__rosidl_typesupport_fastrtps_cpp.so[0m
[ 81%] Built target custom_messages__rosidl_typesupport_fastrtps_cpp
[ 81%] Built target custom_messages
[ 82%] [34m[1mGenerating Python code for ROS interfaces[0m
[ 82%] Built target custom_messages__py
[ 83%] [32mBuilding C object CMakeFiles/custom_messages__rosidl_generator_py.dir/rosidl_generator_py/custom_messages/msg/_motor_command_s.c.o[0m
[ 85%] [32mBuilding C object CMakeFiles/custom_messages__rosidl_generator_py.dir/rosidl_generator_py/custom_messages/msg/_motor_feedback_s.c.o[0m
[ 86%] [32mBuilding C object CMakeFiles/custom_messages__rosidl_generator_py.dir/rosidl_generator_py/custom_messages/msg/_can_msg_s.c.o[0m
[ 87%] [32mBuilding C object CMakeFiles/custom_messages__rosidl_generator_py.dir/rosidl_generator_py/custom_messages/msg/_controller_msg_s.c.o[0m
[ 88%] [32mBuilding C object CMakeFiles/custom_messages__rosidl_generator_py.dir/rosidl_generator_py/custom_messages/srv/_reset_odom_s.c.o[0m
[ 90%] [32mBuilding C object CMakeFiles/custom_messages__rosidl_generator_py.dir/rosidl_generator_py/custom_messages/msg/_yolo_detection_s.c.o[0m
[ 90%] [32mBuilding C object CMakeFiles/custom_messages__rosidl_generator_py.dir/rosidl_generator_py/custom_messages/msg/_yolo_detection_array_s.c.o[0m
[ 91%] [32mBuilding C object CMakeFiles/custom_messages__rosidl_generator_py.dir/rosidl_generator_py/custom_messages/msg/_dino_s.c.o[0m
[ 93%] [32m[1mLinking C shared library rosidl_generator_py/custom_messages/libcustom_messages__rosidl_generator_py.so[0m
[ 93%] Built target custom_messages__rosidl_generator_py
[ 94%] [32mBuilding C object CMakeFiles/custom_messages__rosidl_typesupport_fastrtps_c__pyext.dir/rosidl_generator_py/custom_messages/_custom_messages_s.ep.rosidl_typesupport_fastrtps_c.c.o[0m
[ 95%] [32mBuilding C object CMakeFiles/custom_messages__rosidl_typesupport_introspection_c__pyext.dir/rosidl_generator_py/custom_messages/_custom_messages_s.ep.rosidl_typesupport_introspection_c.c.o[0m
[ 96%] [32mBuilding C object CMakeFiles/custom_messages__rosidl_typesupport_c__pyext.dir/rosidl_generator_py/custom_messages/_custom_messages_s.ep.rosidl_typesupport_c.c.o[0m
[ 97%] [32m[1mLinking C shared library rosidl_generator_py/custom_messages/custom_messages_s__rosidl_typesupport_c.cpython-310-x86_64-linux-gnu.so[0m
[ 98%] [32m[1mLinking C shared library rosidl_generator_py/custom_messages/custom_messages_s__rosidl_typesupport_introspection_c.cpython-310-x86_64-linux-gnu.so[0m
[100%] [32m[1mLinking C shared library rosidl_generator_py/custom_messages/custom_messages_s__rosidl_typesupport_fastrtps_c.cpython-310-x86_64-linux-gnu.so[0m
[100%] Built target custom_messages__rosidl_typesupport_c__pyext
[100%] Built target custom_messages__rosidl_typesupport_introspection_c__pyext
[100%] Built target custom_messages__rosidl_typesupport_fastrtps_c__pyext
-- Install configuration: ""
-- Installing: /home/ayukine/holy_ws/install/custom_messages/share/ament_index/resource_index/rosidl_interfaces/custom_messages
-- Installing: /home/ayukine/holy_ws/install/custom_messages/include/custom_messages/custom_messages
-- Installing: /home/ayukine/holy_ws/install/custom_messages/include/custom_messages/custom_messages/srv
-- Installing: /home/ayukine/holy_ws/install/custom_messages/include/custom_messages/custom_messages/srv/reset_odom.h
-- Installing: /home/ayukine/holy_ws/install/custom_messages/include/custom_messages/custom_messages/srv/detail
-- Installing: /home/ayukine/holy_ws/install/custom_messages/include/custom_messages/custom_messages/srv/detail/reset_odom__functions.h
-- Installing: /home/ayukine/holy_ws/install/custom_messages/include/custom_messages/custom_messages/srv/detail/reset_odom__type_support.h
-- Installing: /home/ayukine/holy_ws/install/custom_messages/include/custom_messages/custom_messages/srv/detail/reset_odom__functions.c
-- Installing: /home/ayukine/holy_ws/install/custom_messages/include/custom_messages/custom_messages/srv/detail/reset_odom__struct.h
-- Installing: /home/ayukine/holy_ws/install/custom_messages/include/custom_messages/custom_messages/msg
-- Installing: /home/ayukine/holy_ws/install/custom_messages/include/custom_messages/custom_messages/msg/motor_feedback.h
-- Installing: /home/ayukine/holy_ws/install/custom_messages/include/custom_messages/custom_messages/msg/yolo_detection_array.h
-- Installing: /home/ayukine/holy_ws/install/custom_messages/include/custom_messages/custom_messages/msg/can_msg.h
-- Installing: /home/ayukine/holy_ws/install/custom_messages/include/custom_messages/custom_messages/msg/controller_msg.h
-- Installing: /home/ayukine/holy_ws/install/custom_messages/include/custom_messages/custom_messages/msg/motor_command.h
-- Installing: /home/ayukine/holy_ws/install/custom_messages/include/custom_messages/custom_messages/msg/detail
-- Installing: /home/ayukine/holy_ws/install/custom_messages/include/custom_messages/custom_messages/msg/detail/motor_command__struct.h
-- Installing: /home/ayukine/holy_ws/install/custom_messages/include/custom_messages/custom_messages/msg/detail/motor_feedback__type_support.h
-- Installing: /home/ayukine/holy_ws/install/custom_messages/include/custom_messages/custom_messages/msg/detail/can_msg__type_support.h
-- Installing: /home/ayukine/holy_ws/install/custom_messages/include/custom_messages/custom_messages/msg/detail/yolo_detection_array__struct.h
-- Installing: /home/ayukine/holy_ws/install/custom_messages/include/custom_messages/custom_messages/msg/detail/motor_command__functions.h
-- Installing: /home/ayukine/holy_ws/install/custom_messages/include/custom_messages/custom_messages/msg/detail/yolo_detection_array__functions.h
-- Installing: /home/ayukine/holy_ws/install/custom_messages/include/custom_messages/custom_messages/msg/detail/controller_msg__type_support.h
-- Installing: /home/ayukine/holy_ws/install/custom_messages/include/custom_messages/custom_messages/msg/detail/controller_msg__struct.h
-- Installing: /home/ayukine/holy_ws/install/custom_messages/include/custom_messages/custom_messages/msg/detail/yolo_detection__struct.h
-- Installing: /home/ayukine/holy_ws/install/custom_messages/include/custom_messages/custom_messages/msg/detail/dino__functions.c
-- Installing: /home/ayukine/holy_ws/install/custom_messages/include/custom_messages/custom_messages/msg/detail/controller_msg__functions.c
-- Installing: /home/ayukine/holy_ws/install/custom_messages/include/custom_messages/custom_messages/msg/detail/yolo_detection_array__functions.c
-- Installing: /home/ayukine/holy_ws/install/custom_messages/include/custom_messages/custom_messages/msg/detail/controller_msg__functions.h
-- Installing: /home/ayukine/holy_ws/install/custom_messages/include/custom_messages/custom_messages/msg/detail/motor_command__type_support.h
-- Installing: /home/ayukine/holy_ws/install/custom_messages/include/custom_messages/custom_messages/msg/detail/can_msg__struct.h
-- Installing: /home/ayukine/holy_ws/install/custom_messages/include/custom_messages/custom_messages/msg/detail/yolo_detection__type_support.h
-- Installing: /home/ayukine/holy_ws/install/custom_messages/include/custom_messages/custom_messages/msg/detail/motor_feedback__functions.h
-- Installing: /home/ayukine/holy_ws/install/custom_messages/include/custom_messages/custom_messages/msg/detail/motor_command__functions.c
-- Installing: /home/ayukine/holy_ws/install/custom_messages/include/custom_messages/custom_messages/msg/detail/dino__struct.h
-- Installing: /home/ayukine/holy_ws/install/custom_messages/include/custom_messages/custom_messages/msg/detail/motor_feedback__struct.h
-- Installing: /home/ayukine/holy_ws/install/custom_messages/include/custom_messages/custom_messages/msg/detail/dino__functions.h
-- Installing: /home/ayukine/holy_ws/install/custom_messages/include/custom_messages/custom_messages/msg/detail/yolo_detection_array__type_support.h
-- Installing: /home/ayukine/holy_ws/install/custom_messages/include/custom_messages/custom_messages/msg/detail/yolo_detection__functions.h
-- Installing: /home/ayukine/holy_ws/install/custom_messages/include/custom_messages/custom_messages/msg/detail/dino__type_support.h
-- Installing: /home/ayukine/holy_ws/install/custom_messages/include/custom_messages/custom_messages/msg/detail/motor_feedback__functions.c
-- Installing: /home/ayukine/holy_ws/install/custom_messages/include/custom_messages/custom_messages/msg/detail/can_msg__functions.c
-- Installing: /home/ayukine/holy_ws/install/custom_messages/include/custom_messages/custom_messages/msg/detail/yolo_detection__functions.c
-- Installing: /home/ayukine/holy_ws/install/custom_messages/include/custom_messages/custom_messages/msg/detail/can_msg__functions.h
-- Installing: /home/ayukine/holy_ws/install/custom_messages/include/custom_messages/custom_messages/msg/rosidl_generator_c__visibility_control.h
-- Installing: /home/ayukine/holy_ws/install/custom_messages/include/custom_messages/custom_messages/msg/yolo_detection.h
-- Installing: /home/ayukine/holy_ws/install/custom_messages/include/custom_messages/custom_messages/msg/dino.h
-- Installing: /home/ayukine/holy_ws/install/custom_messages/share/custom_messages/environment/library_path.sh
-- Installing: /home/ayukine/holy_ws/install/custom_messages/share/custom_messages/environment/library_path.dsv
-- Installing: /home/ayukine/holy_ws/install/custom_messages/lib/libcustom_messages__rosidl_generator_c.so
-- Set runtime path of "/home/ayukine/holy_ws/install/custom_messages/lib/libcustom_messages__rosidl_generator_c.so" to ""
-- Up-to-date: /home/ayukine/holy_ws/install/custom_messages/include/custom_messages/custom_messages
-- Up-to-date: /home/ayukine/holy_ws/install/custom_messages/include/custom_messages/custom_messages/srv
-- Up-to-date: /home/ayukine/holy_ws/install/custom_messages/include/custom_messages/custom_messages/srv/detail
-- Installing: /home/ayukine/holy_ws/install/custom_messages/include/custom_messages/custom_messages/srv/detail/reset_odom__rosidl_typesupport_fastrtps_c.h
-- Up-to-date: /home/ayukine/holy_ws/install/custom_messages/include/custom_messages/custom_messages/msg
-- Up-to-date: /home/ayukine/holy_ws/install/custom_messages/include/custom_messages/custom_messages/msg/detail
-- Installing: /home/ayukine/holy_ws/install/custom_messages/include/custom_messages/custom_messages/msg/detail/motor_command__rosidl_typesupport_fastrtps_c.h
-- Installing: /home/ayukine/holy_ws/install/custom_messages/include/custom_messages/custom_messages/msg/detail/can_msg__rosidl_typesupport_fastrtps_c.h
-- Installing: /home/ayukine/holy_ws/install/custom_messages/include/custom_messages/custom_messages/msg/detail/controller_msg__rosidl_typesupport_fastrtps_c.h
-- Installing: /home/ayukine/holy_ws/install/custom_messages/include/custom_messages/custom_messages/msg/detail/dino__rosidl_typesupport_fastrtps_c.h
-- Installing: /home/ayukine/holy_ws/install/custom_messages/include/custom_messages/custom_messages/msg/detail/motor_feedback__rosidl_typesupport_fastrtps_c.h
-- Installing: /home/ayukine/holy_ws/install/custom_messages/include/custom_messages/custom_messages/msg/detail/yolo_detection__rosidl_typesupport_fastrtps_c.h
-- Installing: /home/ayukine/holy_ws/install/custom_messages/include/custom_messages/custom_messages/msg/detail/yolo_detection_array__rosidl_typesupport_fastrtps_c.h
-- Installing: /home/ayukine/holy_ws/install/custom_messages/include/custom_messages/custom_messages/msg/rosidl_typesupport_fastrtps_c__visibility_control.h
-- Installing: /home/ayukine/holy_ws/install/custom_messages/lib/libcustom_messages__rosidl_typesupport_fastrtps_c.so
-- Set runtime path of "/home/ayukine/holy_ws/install/custom_messages/lib/libcustom_messages__rosidl_typesupport_fastrtps_c.so" to ""
-- Up-to-date: /home/ayukine/holy_ws/install/custom_messages/include/custom_messages/custom_messages
-- Up-to-date: /home/ayukine/holy_ws/install/custom_messages/include/custom_messages/custom_messages/srv
-- Installing: /home/ayukine/holy_ws/install/custom_messages/include/custom_messages/custom_messages/srv/reset_odom.hpp
-- Up-to-date: /home/ayukine/holy_ws/install/custom_messages/include/custom_messages/custom_messages/srv/detail
-- Installing: /home/ayukine/holy_ws/install/custom_messages/include/custom_messages/custom_messages/srv/detail/reset_odom__struct.hpp
-- Installing: /home/ayukine/holy_ws/install/custom_messages/include/custom_messages/custom_messages/srv/detail/reset_odom__builder.hpp
-- Installing: /home/ayukine/holy_ws/install/custom_messages/include/custom_messages/custom_messages/srv/detail/reset_odom__traits.hpp
-- Up-to-date: /home/ayukine/holy_ws/install/custom_messages/include/custom_messages/custom_messages/msg
-- Installing: /home/ayukine/holy_ws/install/custom_messages/include/custom_messages/custom_messages/msg/can_msg.hpp
-- Installing: /home/ayukine/holy_ws/install/custom_messages/include/custom_messages/custom_messages/msg/yolo_detection_array.hpp
-- Installing: /home/ayukine/holy_ws/install/custom_messages/include/custom_messages/custom_messages/msg/yolo_detection.hpp
-- Installing: /home/ayukine/holy_ws/install/custom_messages/include/custom_messages/custom_messages/msg/dino.hpp
-- Installing: /home/ayukine/holy_ws/install/custom_messages/include/custom_messages/custom_messages/msg/controller_msg.hpp
-- Up-to-date: /home/ayukine/holy_ws/install/custom_messages/include/custom_messages/custom_messages/msg/detail
-- Installing: /home/ayukine/holy_ws/install/custom_messages/include/custom_messages/custom_messages/msg/detail/controller_msg__struct.hpp
-- Installing: /home/ayukine/holy_ws/install/custom_messages/include/custom_messages/custom_messages/msg/detail/motor_command__builder.hpp
-- Installing: /home/ayukine/holy_ws/install/custom_messages/include/custom_messages/custom_messages/msg/detail/motor_feedback__builder.hpp
-- Installing: /home/ayukine/holy_ws/install/custom_messages/include/custom_messages/custom_messages/msg/detail/motor_feedback__struct.hpp
-- Installing: /home/ayukine/holy_ws/install/custom_messages/include/custom_messages/custom_messages/msg/detail/yolo_detection__traits.hpp
-- Installing: /home/ayukine/holy_ws/install/custom_messages/include/custom_messages/custom_messages/msg/detail/yolo_detection__builder.hpp
-- Installing: /home/ayukine/holy_ws/install/custom_messages/include/custom_messages/custom_messages/msg/detail/yolo_detection_array__traits.hpp
-- Installing: /home/ayukine/holy_ws/install/custom_messages/include/custom_messages/custom_messages/msg/detail/dino__traits.hpp
-- Installing: /home/ayukine/holy_ws/install/custom_messages/include/custom_messages/custom_messages/msg/detail/yolo_detection_array__struct.hpp
-- Installing: /home/ayukine/holy_ws/install/custom_messages/include/custom_messages/custom_messages/msg/detail/yolo_detection_array__builder.hpp
-- Installing: /home/ayukine/holy_ws/install/custom_messages/include/custom_messages/custom_messages/msg/detail/controller_msg__traits.hpp
-- Installing: /home/ayukine/holy_ws/install/custom_messages/include/custom_messages/custom_messages/msg/detail/can_msg__traits.hpp
-- Installing: /home/ayukine/holy_ws/install/custom_messages/include/custom_messages/custom_messages/msg/detail/motor_feedback__traits.hpp
-- Installing: /home/ayukine/holy_ws/install/custom_messages/include/custom_messages/custom_messages/msg/detail/controller_msg__builder.hpp
-- Installing: /home/ayukine/holy_ws/install/custom_messages/include/custom_messages/custom_messages/msg/detail/motor_command__struct.hpp
-- Installing: /home/ayukine/holy_ws/install/custom_messages/include/custom_messages/custom_messages/msg/detail/dino__builder.hpp
-- Installing: /home/ayukine/holy_ws/install/custom_messages/include/custom_messages/custom_messages/msg/detail/dino__struct.hpp
-- Installing: /home/ayukine/holy_ws/install/custom_messages/include/custom_messages/custom_messages/msg/detail/yolo_detection__struct.hpp
-- Installing: /home/ayukine/holy_ws/install/custom_messages/include/custom_messages/custom_messages/msg/detail/can_msg__builder.hpp
-- Installing: /home/ayukine/holy_ws/install/custom_messages/include/custom_messages/custom_messages/msg/detail/can_msg__struct.hpp
-- Installing: /home/ayukine/holy_ws/install/custom_messages/include/custom_messages/custom_messages/msg/detail/motor_command__traits.hpp
-- Installing: /home/ayukine/holy_ws/install/custom_messages/include/custom_messages/custom_messages/msg/motor_feedback.hpp
-- Installing: /home/ayukine/holy_ws/install/custom_messages/include/custom_messages/custom_messages/msg/motor_command.hpp
-- Up-to-date: /home/ayukine/holy_ws/install/custom_messages/include/custom_messages/custom_messages
-- Up-to-date: /home/ayukine/holy_ws/install/custom_messages/include/custom_messages/custom_messages/srv
-- Up-to-date: /home/ayukine/holy_ws/install/custom_messages/include/custom_messages/custom_messages/srv/detail
-- Installing: /home/ayukine/holy_ws/install/custom_messages/include/custom_messages/custom_messages/srv/detail/dds_fastrtps
-- Installing: /home/ayukine/holy_ws/install/custom_messages/include/custom_messages/custom_messages/srv/detail/reset_odom__rosidl_typesupport_fastrtps_cpp.hpp
-- Up-to-date: /home/ayukine/holy_ws/install/custom_messages/include/custom_messages/custom_messages/msg
-- Installing: /home/ayukine/holy_ws/install/custom_messages/include/custom_messages/custom_messages/msg/rosidl_typesupport_fastrtps_cpp__visibility_control.h
-- Up-to-date: /home/ayukine/holy_ws/install/custom_messages/include/custom_messages/custom_messages/msg/detail
-- Installing: /home/ayukine/holy_ws/install/custom_messages/include/custom_messages/custom_messages/msg/detail/controller_msg__rosidl_typesupport_fastrtps_cpp.hpp
-- Installing: /home/ayukine/holy_ws/install/custom_messages/include/custom_messages/custom_messages/msg/detail/can_msg__rosidl_typesupport_fastrtps_cpp.hpp
-- Installing: /home/ayukine/holy_ws/install/custom_messages/include/custom_messages/custom_messages/msg/detail/dino__rosidl_typesupport_fastrtps_cpp.hpp
-- Installing: /home/ayukine/holy_ws/install/custom_messages/include/custom_messages/custom_messages/msg/detail/yolo_detection__rosidl_typesupport_fastrtps_cpp.hpp
-- Installing: /home/ayukine/holy_ws/install/custom_messages/include/custom_messages/custom_messages/msg/detail/yolo_detection_array__rosidl_typesupport_fastrtps_cpp.hpp
-- Installing: /home/ayukine/holy_ws/install/custom_messages/include/custom_messages/custom_messages/msg/detail/dds_fastrtps
-- Installing: /home/ayukine/holy_ws/install/custom_messages/include/custom_messages/custom_messages/msg/detail/motor_command__rosidl_typesupport_fastrtps_cpp.hpp
-- Installing: /home/ayukine/holy_ws/install/custom_messages/include/custom_messages/custom_messages/msg/detail/motor_feedback__rosidl_typesupport_fastrtps_cpp.hpp
-- Installing: /home/ayukine/holy_ws/install/custom_messages/lib/libcustom_messages__rosidl_typesupport_fastrtps_cpp.so
-- Set runtime path of "/home/ayukine/holy_ws/install/custom_messages/lib/libcustom_messages__rosidl_typesupport_fastrtps_cpp.so" to ""
-- Up-to-date: /home/ayukine/holy_ws/install/custom_messages/include/custom_messages/custom_messages
-- Up-to-date: /home/ayukine/holy_ws/install/custom_messages/include/custom_messages/custom_messages/srv
-- Up-to-date: /home/ayukine/holy_ws/install/custom_messages/include/custom_messages/custom_messages/srv/detail
-- Installing: /home/ayukine/holy_ws/install/custom_messages/include/custom_messages/custom_messages/srv/detail/reset_odom__rosidl_typesupport_introspection_c.h
-- Installing: /home/ayukine/holy_ws/install/custom_messages/include/custom_messages/custom_messages/srv/detail/reset_odom__type_support.c
-- Up-to-date: /home/ayukine/holy_ws/install/custom_messages/include/custom_messages/custom_messages/msg
-- Up-to-date: /home/ayukine/holy_ws/install/custom_messages/include/custom_messages/custom_messages/msg/detail
-- Installing: /home/ayukine/holy_ws/install/custom_messages/include/custom_messages/custom_messages/msg/detail/yolo_detection_array__rosidl_typesupport_introspection_c.h
-- Installing: /home/ayukine/holy_ws/install/custom_messages/include/custom_messages/custom_messages/msg/detail/controller_msg__type_support.c
-- Installing: /home/ayukine/holy_ws/install/custom_messages/include/custom_messages/custom_messages/msg/detail/motor_command__type_support.c
-- Installing: /home/ayukine/holy_ws/install/custom_messages/include/custom_messages/custom_messages/msg/detail/motor_feedback__type_support.c
-- Installing: /home/ayukine/holy_ws/install/custom_messages/include/custom_messages/custom_messages/msg/detail/motor_command__rosidl_typesupport_introspection_c.h
-- Installing: /home/ayukine/holy_ws/install/custom_messages/include/custom_messages/custom_messages/msg/detail/yolo_detection_array__type_support.c
-- Installing: /home/ayukine/holy_ws/install/custom_messages/include/custom_messages/custom_messages/msg/detail/motor_feedback__rosidl_typesupport_introspection_c.h
-- Installing: /home/ayukine/holy_ws/install/custom_messages/include/custom_messages/custom_messages/msg/detail/dino__rosidl_typesupport_introspection_c.h
-- Installing: /home/ayukine/holy_ws/install/custom_messages/include/custom_messages/custom_messages/msg/detail/yolo_detection__type_support.c
-- Installing: /home/ayukine/holy_ws/install/custom_messages/include/custom_messages/custom_messages/msg/detail/dino__type_support.c
-- Installing: /home/ayukine/holy_ws/install/custom_messages/include/custom_messages/custom_messages/msg/detail/yolo_detection__rosidl_typesupport_introspection_c.h
-- Installing: /home/ayukine/holy_ws/install/custom_messages/include/custom_messages/custom_messages/msg/detail/can_msg__rosidl_typesupport_introspection_c.h
-- Installing: /home/ayukine/holy_ws/install/custom_messages/include/custom_messages/custom_messages/msg/detail/can_msg__type_support.c
-- Installing: /home/ayukine/holy_ws/install/custom_messages/include/custom_messages/custom_messages/msg/detail/controller_msg__rosidl_typesupport_introspection_c.h
-- Installing: /home/ayukine/holy_ws/install/custom_messages/include/custom_messages/custom_messages/msg/rosidl_typesupport_introspection_c__visibility_control.h
-- Installing: /home/ayukine/holy_ws/install/custom_messages/lib/libcustom_messages__rosidl_typesupport_introspection_c.so
-- Set runtime path of "/home/ayukine/holy_ws/install/custom_messages/lib/libcustom_messages__rosidl_typesupport_introspection_c.so" to ""
-- Installing: /home/ayukine/holy_ws/install/custom_messages/lib/libcustom_messages__rosidl_typesupport_c.so
-- Set runtime path of "/home/ayukine/holy_ws/install/custom_messages/lib/libcustom_messages__rosidl_typesupport_c.so" to ""
-- Up-to-date: /home/ayukine/holy_ws/install/custom_messages/include/custom_messages/custom_messages
-- Up-to-date: /home/ayukine/holy_ws/install/custom_messages/include/custom_messages/custom_messages/srv
-- Up-to-date: /home/ayukine/holy_ws/install/custom_messages/include/custom_messages/custom_messages/srv/detail
-- Installing: /home/ayukine/holy_ws/install/custom_messages/include/custom_messages/custom_messages/srv/detail/reset_odom__rosidl_typesupport_introspection_cpp.hpp
-- Installing: /home/ayukine/holy_ws/install/custom_messages/include/custom_messages/custom_messages/srv/detail/reset_odom__type_support.cpp
-- Up-to-date: /home/ayukine/holy_ws/install/custom_messages/include/custom_messages/custom_messages/msg
-- Up-to-date: /home/ayukine/holy_ws/install/custom_messages/include/custom_messages/custom_messages/msg/detail
-- Installing: /home/ayukine/holy_ws/install/custom_messages/include/custom_messages/custom_messages/msg/detail/controller_msg__type_support.cpp
-- Installing: /home/ayukine/holy_ws/install/custom_messages/include/custom_messages/custom_messages/msg/detail/yolo_detection__type_support.cpp
-- Installing: /home/ayukine/holy_ws/install/custom_messages/include/custom_messages/custom_messages/msg/detail/motor_feedback__type_support.cpp
-- Installing: /home/ayukine/holy_ws/install/custom_messages/include/custom_messages/custom_messages/msg/detail/motor_feedback__rosidl_typesupport_introspection_cpp.hpp
-- Installing: /home/ayukine/holy_ws/install/custom_messages/include/custom_messages/custom_messages/msg/detail/yolo_detection_array__rosidl_typesupport_introspection_cpp.hpp
-- Installing: /home/ayukine/holy_ws/install/custom_messages/include/custom_messages/custom_messages/msg/detail/dino__rosidl_typesupport_introspection_cpp.hpp
-- Installing: /home/ayukine/holy_ws/install/custom_messages/include/custom_messages/custom_messages/msg/detail/controller_msg__rosidl_typesupport_introspection_cpp.hpp
-- Installing: /home/ayukine/holy_ws/install/custom_messages/include/custom_messages/custom_messages/msg/detail/can_msg__rosidl_typesupport_introspection_cpp.hpp
-- Installing: /home/ayukine/holy_ws/install/custom_messages/include/custom_messages/custom_messages/msg/detail/yolo_detection_array__type_support.cpp
-- Installing: /home/ayukine/holy_ws/install/custom_messages/include/custom_messages/custom_messages/msg/detail/motor_command__rosidl_typesupport_introspection_cpp.hpp
-- Installing: /home/ayukine/holy_ws/install/custom_messages/include/custom_messages/custom_messages/msg/detail/can_msg__type_support.cpp
-- Installing: /home/ayukine/holy_ws/install/custom_messages/include/custom_messages/custom_messages/msg/detail/motor_command__type_support.cpp
-- Installing: /home/ayukine/holy_ws/install/custom_messages/include/custom_messages/custom_messages/msg/detail/dino__type_support.cpp
-- Installing: /home/ayukine/holy_ws/install/custom_messages/include/custom_messages/custom_messages/msg/detail/yolo_detection__rosidl_typesupport_introspection_cpp.hpp
-- Installing: /home/ayukine/holy_ws/install/custom_messages/lib/libcustom_messages__rosidl_typesupport_introspection_cpp.so
-- Set runtime path of "/home/ayukine/holy_ws/install/custom_messages/lib/libcustom_messages__rosidl_typesupport_introspection_cpp.so" to ""
-- Installing: /home/ayukine/holy_ws/install/custom_messages/lib/libcustom_messages__rosidl_typesupport_cpp.so
-- Set runtime path of "/home/ayukine/holy_ws/install/custom_messages/lib/libcustom_messages__rosidl_typesupport_cpp.so" to ""
-- Installing: /home/ayukine/holy_ws/install/custom_messages/share/custom_messages/environment/pythonpath.sh
-- Installing: /home/ayukine/holy_ws/install/custom_messages/share/custom_messages/environment/pythonpath.dsv
-- Installing: /home/ayukine/holy_ws/install/custom_messages/local/lib/python3.10/dist-packages/custom_messages-0.0.0-py3.10.egg-info
-- Installing: /home/ayukine/holy_ws/install/custom_messages/local/lib/python3.10/dist-packages/custom_messages-0.0.0-py3.10.egg-info/dependency_links.txt
-- Installing: /home/ayukine/holy_ws/install/custom_messages/local/lib/python3.10/dist-packages/custom_messages-0.0.0-py3.10.egg-info/PKG-INFO
-- Installing: /home/ayukine/holy_ws/install/custom_messages/local/lib/python3.10/dist-packages/custom_messages-0.0.0-py3.10.egg-info/SOURCES.txt
-- Installing: /home/ayukine/holy_ws/install/custom_messages/local/lib/python3.10/dist-packages/custom_messages-0.0.0-py3.10.egg-info/top_level.txt
-- Installing: /home/ayukine/holy_ws/install/custom_messages/local/lib/python3.10/dist-packages/custom_messages
-- Installing: /home/ayukine/holy_ws/install/custom_messages/local/lib/python3.10/dist-packages/custom_messages/__init__.py
-- Installing: /home/ayukine/holy_ws/install/custom_messages/local/lib/python3.10/dist-packages/custom_messages/custom_messages_s__rosidl_typesupport_c.cpython-310-x86_64-linux-gnu.so
-- Installing: /home/ayukine/holy_ws/install/custom_messages/local/lib/python3.10/dist-packages/custom_messages/srv
-- Installing: /home/ayukine/holy_ws/install/custom_messages/local/lib/python3.10/dist-packages/custom_messages/srv/_reset_odom_s.c
-- Installing: /home/ayukine/holy_ws/install/custom_messages/local/lib/python3.10/dist-packages/custom_messages/srv/__init__.py
-- Installing: /home/ayukine/holy_ws/install/custom_messages/local/lib/python3.10/dist-packages/custom_messages/srv/_reset_odom.py
-- Installing: /home/ayukine/holy_ws/install/custom_messages/local/lib/python3.10/dist-packages/custom_messages/_custom_messages_s.ep.rosidl_typesupport_c.c
-- Installing: /home/ayukine/holy_ws/install/custom_messages/local/lib/python3.10/dist-packages/custom_messages/custom_messages_s__rosidl_typesupport_fastrtps_c.cpython-310-x86_64-linux-gnu.so
-- Installing: /home/ayukine/holy_ws/install/custom_messages/local/lib/python3.10/dist-packages/custom_messages/libcustom_messages__rosidl_generator_py.so
-- Installing: /home/ayukine/holy_ws/install/custom_messages/local/lib/python3.10/dist-packages/custom_messages/msg
-- Installing: /home/ayukine/holy_ws/install/custom_messages/local/lib/python3.10/dist-packages/custom_messages/msg/__init__.py
-- Installing: /home/ayukine/holy_ws/install/custom_messages/local/lib/python3.10/dist-packages/custom_messages/msg/_controller_msg.py
-- Installing: /home/ayukine/holy_ws/install/custom_messages/local/lib/python3.10/dist-packages/custom_messages/msg/_motor_feedback.py
-- Installing: /home/ayukine/holy_ws/install/custom_messages/local/lib/python3.10/dist-packages/custom_messages/msg/_motor_command_s.c
-- Installing: /home/ayukine/holy_ws/install/custom_messages/local/lib/python3.10/dist-packages/custom_messages/msg/_yolo_detection.py
-- Installing: /home/ayukine/holy_ws/install/custom_messages/local/lib/python3.10/dist-packages/custom_messages/msg/_yolo_detection_array.py
-- Installing: /home/ayukine/holy_ws/install/custom_messages/local/lib/python3.10/dist-packages/custom_messages/msg/_motor_feedback_s.c
-- Installing: /home/ayukine/holy_ws/install/custom_messages/local/lib/python3.10/dist-packages/custom_messages/msg/_yolo_detection_s.c
-- Installing: /home/ayukine/holy_ws/install/custom_messages/local/lib/python3.10/dist-packages/custom_messages/msg/_yolo_detection_array_s.c
-- Installing: /home/ayukine/holy_ws/install/custom_messages/local/lib/python3.10/dist-packages/custom_messages/msg/_can_msg.py
-- Installing: /home/ayukine/holy_ws/install/custom_messages/local/lib/python3.10/dist-packages/custom_messages/msg/_motor_command.py
-- Installing: /home/ayukine/holy_ws/install/custom_messages/local/lib/python3.10/dist-packages/custom_messages/msg/_can_msg_s.c
-- Installing: /home/ayukine/holy_ws/install/custom_messages/local/lib/python3.10/dist-packages/custom_messages/msg/_controller_msg_s.c
-- Installing: /home/ayukine/holy_ws/install/custom_messages/local/lib/python3.10/dist-packages/custom_messages/msg/_dino.py
-- Installing: /home/ayukine/holy_ws/install/custom_messages/local/lib/python3.10/dist-packages/custom_messages/msg/_dino_s.c
-- Installing: /home/ayukine/holy_ws/install/custom_messages/local/lib/python3.10/dist-packages/custom_messages/_custom_messages_s.ep.rosidl_typesupport_fastrtps_c.c
-- Installing: /home/ayukine/holy_ws/install/custom_messages/local/lib/python3.10/dist-packages/custom_messages/custom_messages_s__rosidl_typesupport_introspection_c.cpython-310-x86_64-linux-gnu.so
-- Installing: /home/ayukine/holy_ws/install/custom_messages/local/lib/python3.10/dist-packages/custom_messages/_custom_messages_s.ep.rosidl_typesupport_introspection_c.c
Listing '/home/ayukine/holy_ws/install/custom_messages/local/lib/python3.10/dist-packages/custom_messages'...
Compiling '/home/ayukine/holy_ws/install/custom_messages/local/lib/python3.10/dist-packages/custom_messages/__init__.py'...
Listing '/home/ayukine/holy_ws/install/custom_messages/local/lib/python3.10/dist-packages/custom_messages/msg'...
Compiling '/home/ayukine/holy_ws/install/custom_messages/local/lib/python3.10/dist-packages/custom_messages/msg/__init__.py'...
Compiling '/home/ayukine/holy_ws/install/custom_messages/local/lib/python3.10/dist-packages/custom_messages/msg/_can_msg.py'...
Compiling '/home/ayukine/holy_ws/install/custom_messages/local/lib/python3.10/dist-packages/custom_messages/msg/_controller_msg.py'...
Compiling '/home/ayukine/holy_ws/install/custom_messages/local/lib/python3.10/dist-packages/custom_messages/msg/_dino.py'...
Compiling '/home/ayukine/holy_ws/install/custom_messages/local/lib/python3.10/dist-packages/custom_messages/msg/_motor_command.py'...
Compiling '/home/ayukine/holy_ws/install/custom_messages/local/lib/python3.10/dist-packages/custom_messages/msg/_motor_feedback.py'...
Compiling '/home/ayukine/holy_ws/install/custom_messages/local/lib/python3.10/dist-packages/custom_messages/msg/_yolo_detection.py'...
Compiling '/home/ayukine/holy_ws/install/custom_messages/local/lib/python3.10/dist-packages/custom_messages/msg/_yolo_detection_array.py'...
Listing '/home/ayukine/holy_ws/install/custom_messages/local/lib/python3.10/dist-packages/custom_messages/srv'...
Compiling '/home/ayukine/holy_ws/install/custom_messages/local/lib/python3.10/dist-packages/custom_messages/srv/__init__.py'...
Compiling '/home/ayukine/holy_ws/install/custom_messages/local/lib/python3.10/dist-packages/custom_messages/srv/_reset_odom.py'...
-- Installing: /home/ayukine/holy_ws/install/custom_messages/local/lib/python3.10/dist-packages/custom_messages/custom_messages_s__rosidl_typesupport_fastrtps_c.cpython-310-x86_64-linux-gnu.so
-- Set runtime path of "/home/ayukine/holy_ws/install/custom_messages/local/lib/python3.10/dist-packages/custom_messages/custom_messages_s__rosidl_typesupport_fastrtps_c.cpython-310-x86_64-linux-gnu.so" to ""
-- Installing: /home/ayukine/holy_ws/install/custom_messages/local/lib/python3.10/dist-packages/custom_messages/custom_messages_s__rosidl_typesupport_introspection_c.cpython-310-x86_64-linux-gnu.so
-- Set runtime path of "/home/ayukine/holy_ws/install/custom_messages/local/lib/python3.10/dist-packages/custom_messages/custom_messages_s__rosidl_typesupport_introspection_c.cpython-310-x86_64-linux-gnu.so" to ""
-- Installing: /home/ayukine/holy_ws/install/custom_messages/local/lib/python3.10/dist-packages/custom_messages/custom_messages_s__rosidl_typesupport_c.cpython-310-x86_64-linux-gnu.so
-- Set runtime path of "/home/ayukine/holy_ws/install/custom_messages/local/lib/python3.10/dist-packages/custom_messages/custom_messages_s__rosidl_typesupport_c.cpython-310-x86_64-linux-gnu.so" to ""
-- Installing: /home/ayukine/holy_ws/install/custom_messages/lib/libcustom_messages__rosidl_generator_py.so
-- Set runtime path of "/home/ayukine/holy_ws/install/custom_messages/lib/libcustom_messages__rosidl_generator_py.so" to ""
-- Installing: /home/ayukine/holy_ws/install/custom_messages/share/custom_messages/msg/MotorCommand.idl
-- Installing: /home/ayukine/holy_ws/install/custom_messages/share/custom_messages/msg/MotorFeedback.idl
-- Installing: /home/ayukine/holy_ws/install/custom_messages/share/custom_messages/msg/CanMsg.idl
-- Installing: /home/ayukine/holy_ws/install/custom_messages/share/custom_messages/msg/ControllerMsg.idl
-- Installing: /home/ayukine/holy_ws/install/custom_messages/share/custom_messages/msg/YoloDetection.idl
-- Installing: /home/ayukine/holy_ws/install/custom_messages/share/custom_messages/msg/YoloDetectionArray.idl
-- Installing: /home/ayukine/holy_ws/install/custom_messages/share/custom_messages/msg/Dino.idl
-- Installing: /home/ayukine/holy_ws/install/custom_messages/share/custom_messages/srv/ResetOdom.idl
-- Installing: /home/ayukine/holy_ws/install/custom_messages/share/custom_messages/msg/MotorCommand.msg
-- Installing: /home/ayukine/holy_ws/install/custom_messages/share/custom_messages/msg/MotorFeedback.msg
-- Installing: /home/ayukine/holy_ws/install/custom_messages/share/custom_messages/msg/CanMsg.msg
-- Installing: /home/ayukine/holy_ws/install/custom_messages/share/custom_messages/msg/ControllerMsg.msg
-- Installing: /home/ayukine/holy_ws/install/custom_messages/share/custom_messages/msg/YoloDetection.msg
-- Installing: /home/ayukine/holy_ws/install/custom_messages/share/custom_messages/msg/YoloDetectionArray.msg
-- Installing: /home/ayukine/holy_ws/install/custom_messages/share/custom_messages/msg/Dino.msg
-- Installing: /home/ayukine/holy_ws/install/custom_messages/share/custom_messages/srv/ResetOdom.srv
-- Installing: /home/ayukine/holy_ws/install/custom_messages/share/custom_messages/srv/ResetOdom_Request.msg
-- Installing: /home/ayukine/holy_ws/install/custom_messages/share/custom_messages/srv/ResetOdom_Response.msg
-- Installing: /home/ayukine/holy_ws/install/custom_messages/share/ament_index/resource_index/package_run_dependencies/custom_messages
-- Installing: /home/ayukine/holy_ws/install/custom_messages/share/ament_index/resource_index/parent_prefix_path/custom_messages
-- Installing: /home/ayukine/holy_ws/install/custom_messages/share/custom_messages/environment/ament_prefix_path.sh
-- Installing: /home/ayukine/holy_ws/install/custom_messages/share/custom_messages/environment/ament_prefix_path.dsv
-- Installing: /home/ayukine/holy_ws/install/custom_messages/share/custom_messages/environment/path.sh
-- Installing: /home/ayukine/holy_ws/install/custom_messages/share/custom_messages/environment/path.dsv
-- Installing: /home/ayukine/holy_ws/install/custom_messages/share/custom_messages/local_setup.bash
-- Installing: /home/ayukine/holy_ws/install/custom_messages/share/custom_messages/local_setup.sh
-- Installing: /home/ayukine/holy_ws/install/custom_messages/share/custom_messages/local_setup.zsh
-- Installing: /home/ayukine/holy_ws/install/custom_messages/share/custom_messages/local_setup.dsv
-- Installing: /home/ayukine/holy_ws/install/custom_messages/share/custom_messages/package.dsv
-- Installing: /home/ayukine/holy_ws/install/custom_messages/share/ament_index/resource_index/packages/custom_messages
-- Installing: /home/ayukine/holy_ws/install/custom_messages/share/custom_messages/cmake/export_custom_messages__rosidl_generator_cExport.cmake
-- Installing: /home/ayukine/holy_ws/install/custom_messages/share/custom_messages/cmake/export_custom_messages__rosidl_generator_cExport-noconfig.cmake
-- Installing: /home/ayukine/holy_ws/install/custom_messages/share/custom_messages/cmake/export_custom_messages__rosidl_typesupport_fastrtps_cExport.cmake
-- Installing: /home/ayukine/holy_ws/install/custom_messages/share/custom_messages/cmake/export_custom_messages__rosidl_typesupport_fastrtps_cExport-noconfig.cmake
-- Installing: /home/ayukine/holy_ws/install/custom_messages/share/custom_messages/cmake/export_custom_messages__rosidl_generator_cppExport.cmake
-- Installing: /home/ayukine/holy_ws/install/custom_messages/share/custom_messages/cmake/export_custom_messages__rosidl_typesupport_fastrtps_cppExport.cmake
-- Installing: /home/ayukine/holy_ws/install/custom_messages/share/custom_messages/cmake/export_custom_messages__rosidl_typesupport_fastrtps_cppExport-noconfig.cmake
-- Installing: /home/ayukine/holy_ws/install/custom_messages/share/custom_messages/cmake/custom_messages__rosidl_typesupport_introspection_cExport.cmake
-- Installing: /home/ayukine/holy_ws/install/custom_messages/share/custom_messages/cmake/custom_messages__rosidl_typesupport_introspection_cExport-noconfig.cmake
-- Installing: /home/ayukine/holy_ws/install/custom_messages/share/custom_messages/cmake/custom_messages__rosidl_typesupport_cExport.cmake
-- Installing: /home/ayukine/holy_ws/install/custom_messages/share/custom_messages/cmake/custom_messages__rosidl_typesupport_cExport-noconfig.cmake
-- Installing: /home/ayukine/holy_ws/install/custom_messages/share/custom_messages/cmake/custom_messages__rosidl_typesupport_introspection_cppExport.cmake
-- Installing: /home/ayukine/holy_ws/install/custom_messages/share/custom_messages/cmake/custom_messages__rosidl_typesupport_introspection_cppExport-noconfig.cmake
-- Installing: /home/ayukine/holy_ws/install/custom_messages/share/custom_messages/cmake/custom_messages__rosidl_typesupport_cppExport.cmake
-- Installing: /home/ayukine/holy_ws/install/custom_messages/share/custom_messages/cmake/custom_messages__rosidl_typesupport_cppExport-noconfig.cmake
-- Installing: /home/ayukine/holy_ws/install/custom_messages/share/custom_messages/cmake/export_custom_messages__rosidl_generator_pyExport.cmake
-- Installing: /home/ayukine/holy_ws/install/custom_messages/share/custom_messages/cmake/export_custom_messages__rosidl_generator_pyExport-noconfig.cmake
-- Installing: /home/ayukine/holy_ws/install/custom_messages/share/custom_messages/cmake/rosidl_cmake-extras.cmake
-- Installing: /home/ayukine/holy_ws/install/custom_messages/share/custom_messages/cmake/ament_cmake_export_include_directories-extras.cmake
-- Installing: /home/ayukine/holy_ws/install/custom_messages/share/custom_messages/cmake/ament_cmake_export_libraries-extras.cmake
-- Installing: /home/ayukine/holy_ws/install/custom_messages/share/custom_messages/cmake/ament_cmake_export_targets-extras.cmake
-- Installing: /home/ayukine/holy_ws/install/custom_messages/share/custom_messages/cmake/rosidl_cmake_export_typesupport_targets-extras.cmake
-- Installing: /home/ayukine/holy_ws/install/custom_messages/share/custom_messages/cmake/ament_cmake_export_dependencies-extras.cmake
-- Installing: /home/ayukine/holy_ws/install/custom_messages/share/custom_messages/cmake/rosidl_cmake_export_typesupport_libraries-extras.cmake
-- Installing: /home/ayukine/holy_ws/install/custom_messages/share/custom_messages/cmake/custom_messagesConfig.cmake
-- Installing: /home/ayukine/holy_ws/install/custom_messages/share/custom_messages/cmake/custom_messagesConfig-version.cmake
-- Installing: /home/ayukine/holy_ws/install/custom_messages/share/custom_messages/package.xml
