[0.006s] Invoking command in '/home/ayukine/holy_ws/build/custom_messages': CMAKE_PREFIX_PATH=/opt/ros/humble /usr/bin/cmake /home/ayukine/holy_ws/src/custom_messages -DCMAKE_INSTALL_PREFIX=/home/ayukine/holy_ws/install/custom_messages
[0.040s] -- The C compiler identification is GNU 11.4.0
[0.074s] -- The CXX compiler identification is GNU 11.4.0
[0.078s] -- Detecting C compiler ABI info
[0.120s] -- Detecting C compiler ABI info - done
[0.127s] -- Check for working C compiler: /usr/bin/cc - skipped
[0.128s] -- Detecting C compile features
[0.128s] -- Detecting C compile features - done
[0.131s] -- Detecting CXX compiler ABI info
[0.180s] -- Detecting CXX compiler ABI info - done
[0.187s] -- Check for working CXX compiler: /usr/bin/c++ - skipped
[0.187s] -- Detecting CXX compile features
[0.187s] -- Detecting CXX compile features - done
[0.188s] -- Found ament_cmake: 1.3.9 (/opt/ros/humble/share/ament_cmake/cmake)
[0.289s] -- Found Python3: /usr/bin/python3 (found version "3.10.12") found components: Interpreter 
[0.341s] -- Found builtin_interfaces: 1.2.1 (/opt/ros/humble/share/builtin_interfaces/cmake)
[0.360s] -- Found rosidl_generator_c: 3.1.5 (/opt/ros/humble/share/rosidl_generator_c/cmake)
[0.362s] -- Found rosidl_adapter: 3.1.5 (/opt/ros/humble/share/rosidl_adapter/cmake)
[0.367s] -- Found rosidl_generator_cpp: 3.1.5 (/opt/ros/humble/share/rosidl_generator_cpp/cmake)
[0.375s] -- Using all available rosidl_typesupport_c: rosidl_typesupport_fastrtps_c;rosidl_typesupport_introspection_c
[0.387s] -- Using all available rosidl_typesupport_cpp: rosidl_typesupport_fastrtps_cpp;rosidl_typesupport_introspection_cpp
[0.397s] -- Found rosidl_default_generators: 1.2.0 (/opt/ros/humble/share/rosidl_default_generators/cmake)
[0.580s] -- Found ament_cmake_ros: 0.10.0 (/opt/ros/humble/share/ament_cmake_ros/cmake)
[0.779s] -- Using all available rosidl_typesupport_c: rosidl_typesupport_fastrtps_c;rosidl_typesupport_introspection_c
[0.860s] -- Using all available rosidl_typesupport_cpp: rosidl_typesupport_fastrtps_cpp;rosidl_typesupport_introspection_cpp
[0.875s] -- Found PythonInterp: /usr/bin/python3 (found suitable version "3.10.12", minimum required is "3.6") 
[0.876s] -- Found python_cmake_module: 0.10.0 (/opt/ros/humble/share/python_cmake_module/cmake)
[0.894s] -- Found PythonLibs: /usr/lib/x86_64-linux-gnu/libpython3.10.so (found suitable version "3.10.12", minimum required is "3.5") 
[0.894s] -- Using PYTHON_EXECUTABLE: /usr/bin/python3
[0.894s] -- Using PYTHON_INCLUDE_DIRS: /usr/include/python3.10
[0.894s] -- Using PYTHON_LIBRARIES: /usr/lib/x86_64-linux-gnu/libpython3.10.so
[0.915s] -- Found PythonExtra: .so  
[0.936s] -- Found ament_lint_auto: 0.12.11 (/opt/ros/humble/share/ament_lint_auto/cmake)
[0.946s] -- Added test 'copyright' to check source files copyright and LICENSE
[0.947s] -- Added test 'lint_cmake' to check CMake code style
[0.948s] -- Added test 'xmllint' to check XML markup files
[0.949s] -- Configuring done
[0.970s] -- Generating done
[0.972s] -- Build files have been written to: /home/ayukine/holy_ws/build/custom_messages
[0.976s] Invoked command in '/home/ayukine/holy_ws/build/custom_messages' returned '0': CMAKE_PREFIX_PATH=/opt/ros/humble /usr/bin/cmake /home/ayukine/holy_ws/src/custom_messages -DCMAKE_INSTALL_PREFIX=/home/ayukine/holy_ws/install/custom_messages
[0.978s] Invoking command in '/home/ayukine/holy_ws/build/custom_messages': CMAKE_PREFIX_PATH=/opt/ros/humble /usr/bin/cmake --build /home/ayukine/holy_ws/build/custom_messages -- -j16 -l16
[1.003s] [  1%] [34m[1mGenerating C code for ROS interfaces[0m
[1.009s] [  2%] [34m[1mGenerating C++ code for ROS interfaces[0m
[1.013s] [  2%] Built target ament_cmake_python_copy_custom_messages
[1.155s] running egg_info
[1.156s] creating custom_messages.egg-info
[1.156s] writing custom_messages.egg-info/PKG-INFO
[1.156s] writing dependency_links to custom_messages.egg-info/dependency_links.txt
[1.156s] writing top-level names to custom_messages.egg-info/top_level.txt
[1.156s] writing manifest file 'custom_messages.egg-info/SOURCES.txt'
[1.157s] reading manifest file 'custom_messages.egg-info/SOURCES.txt'
[1.157s] writing manifest file 'custom_messages.egg-info/SOURCES.txt'
[1.174s] [  2%] Built target ament_cmake_python_build_custom_messages_egg
[1.408s] [  2%] Built target custom_messages__cpp
[1.417s] [  3%] [34m[1mGenerating C++ type support dispatch for ROS interfaces[0m
[1.417s] [  4%] [34m[1mGenerating C++ type support for eProsima Fast-RTPS[0m
[1.417s] [  5%] [34m[1mGenerating C++ introspection for ROS interfaces[0m
[1.440s] [ 10%] [32mBuilding C object CMakeFiles/custom_messages__rosidl_generator_c.dir/rosidl_generator_c/custom_messages/msg/detail/dino__functions.c.o[0m
[1.440s] [ 10%] [32mBuilding C object CMakeFiles/custom_messages__rosidl_generator_c.dir/rosidl_generator_c/custom_messages/msg/detail/controller_msg__functions.c.o[0m
[1.441s] [ 10%] [32mBuilding C object CMakeFiles/custom_messages__rosidl_generator_c.dir/rosidl_generator_c/custom_messages/msg/detail/yolo_detection_array__functions.c.o[0m
[1.441s] [ 10%] [32mBuilding C object CMakeFiles/custom_messages__rosidl_generator_c.dir/rosidl_generator_c/custom_messages/msg/detail/motor_feedback__functions.c.o[0m
[1.441s] [ 11%] [32mBuilding C object CMakeFiles/custom_messages__rosidl_generator_c.dir/rosidl_generator_c/custom_messages/msg/detail/motor_command__functions.c.o[0m
[1.441s] [ 12%] [32mBuilding C object CMakeFiles/custom_messages__rosidl_generator_c.dir/rosidl_generator_c/custom_messages/msg/detail/can_msg__functions.c.o[0m
[1.441s] [ 13%] [32mBuilding C object CMakeFiles/custom_messages__rosidl_generator_c.dir/rosidl_generator_c/custom_messages/msg/detail/yolo_detection__functions.c.o[0m
[1.442s] [ 14%] [32mBuilding C object CMakeFiles/custom_messages__rosidl_generator_c.dir/rosidl_generator_c/custom_messages/srv/detail/reset_odom__functions.c.o[0m
[1.494s] [ 16%] [32m[1mLinking C shared library libcustom_messages__rosidl_generator_c.so[0m
[1.530s] [ 16%] Built target custom_messages__rosidl_generator_c
[1.535s] [ 17%] [34m[1mGenerating C type support for eProsima Fast-RTPS[0m
[1.536s] [ 18%] [34m[1mGenerating C introspection for ROS interfaces[0m
[1.540s] [ 19%] [34m[1mGenerating C type support dispatch for ROS interfaces[0m
[1.768s] [ 22%] [32mBuilding CXX object CMakeFiles/custom_messages__rosidl_typesupport_introspection_cpp.dir/rosidl_typesupport_introspection_cpp/custom_messages/msg/detail/motor_feedback__type_support.cpp.o[0m
[1.768s] [ 22%] [32mBuilding CXX object CMakeFiles/custom_messages__rosidl_typesupport_introspection_cpp.dir/rosidl_typesupport_introspection_cpp/custom_messages/msg/detail/can_msg__type_support.cpp.o[0m
[1.768s] [ 22%] [32mBuilding CXX object CMakeFiles/custom_messages__rosidl_typesupport_introspection_cpp.dir/rosidl_typesupport_introspection_cpp/custom_messages/msg/detail/controller_msg__type_support.cpp.o[0m
[1.768s] [ 24%] [32mBuilding CXX object CMakeFiles/custom_messages__rosidl_typesupport_introspection_cpp.dir/rosidl_typesupport_introspection_cpp/custom_messages/msg/detail/yolo_detection_array__type_support.cpp.o[0m
[1.768s] [ 26%] [32mBuilding CXX object CMakeFiles/custom_messages__rosidl_typesupport_introspection_cpp.dir/rosidl_typesupport_introspection_cpp/custom_messages/msg/detail/dino__type_support.cpp.o[0m
[1.768s] [ 26%] [32mBuilding CXX object CMakeFiles/custom_messages__rosidl_typesupport_introspection_cpp.dir/rosidl_typesupport_introspection_cpp/custom_messages/msg/detail/motor_command__type_support.cpp.o[0m
[1.769s] [ 27%] [32mBuilding CXX object CMakeFiles/custom_messages__rosidl_typesupport_introspection_cpp.dir/rosidl_typesupport_introspection_cpp/custom_messages/msg/detail/yolo_detection__type_support.cpp.o[0m
[1.769s] [ 28%] [32mBuilding CXX object CMakeFiles/custom_messages__rosidl_typesupport_introspection_cpp.dir/rosidl_typesupport_introspection_cpp/custom_messages/srv/detail/reset_odom__type_support.cpp.o[0m
[1.917s] [ 29%] [32mBuilding CXX object CMakeFiles/custom_messages__rosidl_typesupport_fastrtps_cpp.dir/rosidl_typesupport_fastrtps_cpp/custom_messages/msg/detail/dds_fastrtps/can_msg__type_support.cpp.o[0m
[1.920s] [ 31%] [32mBuilding CXX object CMakeFiles/custom_messages__rosidl_typesupport_fastrtps_cpp.dir/rosidl_typesupport_fastrtps_cpp/custom_messages/msg/detail/dds_fastrtps/motor_feedback__type_support.cpp.o[0m
[1.921s] [ 32%] [32mBuilding CXX object CMakeFiles/custom_messages__rosidl_typesupport_fastrtps_cpp.dir/rosidl_typesupport_fastrtps_cpp/custom_messages/msg/detail/dds_fastrtps/controller_msg__type_support.cpp.o[0m
[1.921s] [ 33%] [32mBuilding CXX object CMakeFiles/custom_messages__rosidl_typesupport_fastrtps_cpp.dir/rosidl_typesupport_fastrtps_cpp/custom_messages/msg/detail/dds_fastrtps/motor_command__type_support.cpp.o[0m
[1.958s] [ 34%] [32mBuilding CXX object CMakeFiles/custom_messages__rosidl_typesupport_cpp.dir/rosidl_typesupport_cpp/custom_messages/msg/motor_command__type_support.cpp.o[0m
[2.105s] [ 35%] [32mBuilding CXX object CMakeFiles/custom_messages__rosidl_typesupport_cpp.dir/rosidl_typesupport_cpp/custom_messages/msg/motor_feedback__type_support.cpp.o[0m
[2.122s] [ 37%] [32mBuilding CXX object CMakeFiles/custom_messages__rosidl_typesupport_cpp.dir/rosidl_typesupport_cpp/custom_messages/msg/can_msg__type_support.cpp.o[0m
[2.123s] [ 37%] [32mBuilding CXX object CMakeFiles/custom_messages__rosidl_typesupport_cpp.dir/rosidl_typesupport_cpp/custom_messages/msg/controller_msg__type_support.cpp.o[0m
[2.142s] [ 39%] [32mBuilding CXX object CMakeFiles/custom_messages__rosidl_typesupport_fastrtps_c.dir/rosidl_typesupport_fastrtps_c/custom_messages/msg/detail/motor_feedback__type_support_c.cpp.o[0m
[2.147s] [ 40%] [32mBuilding CXX object CMakeFiles/custom_messages__rosidl_typesupport_fastrtps_c.dir/rosidl_typesupport_fastrtps_c/custom_messages/msg/detail/motor_command__type_support_c.cpp.o[0m
[2.242s] [ 41%] [32mBuilding CXX object CMakeFiles/custom_messages__rosidl_typesupport_cpp.dir/rosidl_typesupport_cpp/custom_messages/msg/yolo_detection__type_support.cpp.o[0m
[2.253s] [ 42%] [32mBuilding CXX object CMakeFiles/custom_messages__rosidl_typesupport_cpp.dir/rosidl_typesupport_cpp/custom_messages/msg/yolo_detection_array__type_support.cpp.o[0m
[2.264s] [ 43%] [32mBuilding CXX object CMakeFiles/custom_messages__rosidl_typesupport_fastrtps_c.dir/rosidl_typesupport_fastrtps_c/custom_messages/msg/detail/can_msg__type_support_c.cpp.o[0m
[2.294s] [ 44%] [32mBuilding CXX object CMakeFiles/custom_messages__rosidl_typesupport_cpp.dir/rosidl_typesupport_cpp/custom_messages/msg/dino__type_support.cpp.o[0m
[2.298s] [ 45%] [32mBuilding CXX object CMakeFiles/custom_messages__rosidl_typesupport_c.dir/rosidl_typesupport_c/custom_messages/msg/motor_command__type_support.cpp.o[0m
[2.324s] [ 47%] [32mBuilding CXX object CMakeFiles/custom_messages__rosidl_typesupport_cpp.dir/rosidl_typesupport_cpp/custom_messages/srv/reset_odom__type_support.cpp.o[0m
[2.336s] [ 48%] [32mBuilding C object CMakeFiles/custom_messages__rosidl_typesupport_introspection_c.dir/rosidl_typesupport_introspection_c/custom_messages/msg/detail/motor_command__type_support.c.o[0m
[2.340s] [ 49%] [32mBuilding CXX object CMakeFiles/custom_messages__rosidl_typesupport_fastrtps_cpp.dir/rosidl_typesupport_fastrtps_cpp/custom_messages/msg/detail/dds_fastrtps/yolo_detection__type_support.cpp.o[0m
[2.356s] [ 50%] [32mBuilding CXX object CMakeFiles/custom_messages__rosidl_typesupport_c.dir/rosidl_typesupport_c/custom_messages/msg/motor_feedback__type_support.cpp.o[0m
[2.371s] [ 51%] [32mBuilding C object CMakeFiles/custom_messages__rosidl_typesupport_introspection_c.dir/rosidl_typesupport_introspection_c/custom_messages/msg/detail/motor_feedback__type_support.c.o[0m
[2.384s] [ 52%] [32mBuilding CXX object CMakeFiles/custom_messages__rosidl_typesupport_fastrtps_c.dir/rosidl_typesupport_fastrtps_c/custom_messages/msg/detail/controller_msg__type_support_c.cpp.o[0m
[2.390s] [ 54%] [32mBuilding CXX object CMakeFiles/custom_messages__rosidl_typesupport_c.dir/rosidl_typesupport_c/custom_messages/msg/can_msg__type_support.cpp.o[0m
[2.393s] [ 55%] [32mBuilding CXX object CMakeFiles/custom_messages__rosidl_typesupport_c.dir/rosidl_typesupport_c/custom_messages/msg/controller_msg__type_support.cpp.o[0m
[2.416s] [ 56%] [32mBuilding C object CMakeFiles/custom_messages__rosidl_typesupport_introspection_c.dir/rosidl_typesupport_introspection_c/custom_messages/msg/detail/can_msg__type_support.c.o[0m
[2.417s] [ 57%] [32mBuilding CXX object CMakeFiles/custom_messages__rosidl_typesupport_fastrtps_c.dir/rosidl_typesupport_fastrtps_c/custom_messages/msg/detail/yolo_detection__type_support_c.cpp.o[0m
[2.442s] [ 58%] [32mBuilding CXX object CMakeFiles/custom_messages__rosidl_typesupport_c.dir/rosidl_typesupport_c/custom_messages/msg/yolo_detection__type_support.cpp.o[0m
[2.448s] [ 59%] [32mBuilding C object CMakeFiles/custom_messages__rosidl_typesupport_introspection_c.dir/rosidl_typesupport_introspection_c/custom_messages/msg/detail/controller_msg__type_support.c.o[0m
[2.449s] [ 60%] [32mBuilding CXX object CMakeFiles/custom_messages__rosidl_typesupport_fastrtps_cpp.dir/rosidl_typesupport_fastrtps_cpp/custom_messages/msg/detail/dds_fastrtps/yolo_detection_array__type_support.cpp.o[0m
[2.457s] [ 62%] [32mBuilding CXX object CMakeFiles/custom_messages__rosidl_typesupport_fastrtps_c.dir/rosidl_typesupport_fastrtps_c/custom_messages/msg/detail/yolo_detection_array__type_support_c.cpp.o[0m
[2.472s] [ 63%] [32mBuilding CXX object CMakeFiles/custom_messages__rosidl_typesupport_c.dir/rosidl_typesupport_c/custom_messages/msg/yolo_detection_array__type_support.cpp.o[0m
[2.487s] [ 64%] [32mBuilding CXX object CMakeFiles/custom_messages__rosidl_typesupport_fastrtps_c.dir/rosidl_typesupport_fastrtps_c/custom_messages/msg/detail/dino__type_support_c.cpp.o[0m
[2.498s] [ 65%] [32mBuilding C object CMakeFiles/custom_messages__rosidl_typesupport_introspection_c.dir/rosidl_typesupport_introspection_c/custom_messages/msg/detail/yolo_detection__type_support.c.o[0m
[2.500s] [ 66%] [32m[1mLinking CXX shared library libcustom_messages__rosidl_typesupport_introspection_cpp.so[0m
[2.507s] [ 67%] [32mBuilding CXX object CMakeFiles/custom_messages__rosidl_typesupport_c.dir/rosidl_typesupport_c/custom_messages/msg/dino__type_support.cpp.o[0m
[2.547s] [ 68%] [32mBuilding CXX object CMakeFiles/custom_messages__rosidl_typesupport_fastrtps_c.dir/rosidl_typesupport_fastrtps_c/custom_messages/srv/detail/reset_odom__type_support_c.cpp.o[0m
[2.555s] [ 70%] [32mBuilding CXX object CMakeFiles/custom_messages__rosidl_typesupport_c.dir/rosidl_typesupport_c/custom_messages/srv/reset_odom__type_support.cpp.o[0m
[2.556s] [ 71%] [32mBuilding C object CMakeFiles/custom_messages__rosidl_typesupport_introspection_c.dir/rosidl_typesupport_introspection_c/custom_messages/msg/detail/yolo_detection_array__type_support.c.o[0m
[2.603s] [ 72%] [32mBuilding CXX object CMakeFiles/custom_messages__rosidl_typesupport_fastrtps_cpp.dir/rosidl_typesupport_fastrtps_cpp/custom_messages/srv/detail/dds_fastrtps/reset_odom__type_support.cpp.o[0m
[2.604s] [ 72%] Built target custom_messages__rosidl_typesupport_introspection_cpp
[2.611s] [ 73%] [32mBuilding C object CMakeFiles/custom_messages__rosidl_typesupport_introspection_c.dir/rosidl_typesupport_introspection_c/custom_messages/msg/detail/dino__type_support.c.o[0m
[2.617s] [ 74%] [32mBuilding CXX object CMakeFiles/custom_messages__rosidl_typesupport_fastrtps_cpp.dir/rosidl_typesupport_fastrtps_cpp/custom_messages/msg/detail/dds_fastrtps/dino__type_support.cpp.o[0m
[2.624s] [ 75%] [32mBuilding C object CMakeFiles/custom_messages__rosidl_typesupport_introspection_c.dir/rosidl_typesupport_introspection_c/custom_messages/srv/detail/reset_odom__type_support.c.o[0m
[2.676s] [ 77%] [32m[1mLinking CXX shared library libcustom_messages__rosidl_typesupport_c.so[0m
[2.702s] [ 78%] [32m[1mLinking C shared library libcustom_messages__rosidl_typesupport_introspection_c.so[0m
[2.734s] [ 78%] Built target custom_messages__rosidl_typesupport_c
[2.742s] [ 78%] Built target custom_messages__rosidl_typesupport_introspection_c
[2.812s] [ 79%] [32m[1mLinking CXX shared library libcustom_messages__rosidl_typesupport_cpp.so[0m
[2.867s] [ 79%] Built target custom_messages__rosidl_typesupport_cpp
[2.886s] [ 80%] [32m[1mLinking CXX shared library libcustom_messages__rosidl_typesupport_fastrtps_c.so[0m
[2.967s] [ 80%] Built target custom_messages__rosidl_typesupport_fastrtps_c
[3.009s] [ 81%] [32m[1mLinking CXX shared library libcustom_messages__rosidl_typesupport_fastrtps_cpp.so[0m
[3.079s] [ 81%] Built target custom_messages__rosidl_typesupport_fastrtps_cpp
[3.097s] [ 81%] Built target custom_messages
[3.116s] [ 82%] [34m[1mGenerating Python code for ROS interfaces[0m
[3.854s] [ 82%] Built target custom_messages__py
[3.866s] [ 83%] [32mBuilding C object CMakeFiles/custom_messages__rosidl_generator_py.dir/rosidl_generator_py/custom_messages/msg/_motor_command_s.c.o[0m
[3.866s] [ 85%] [32mBuilding C object CMakeFiles/custom_messages__rosidl_generator_py.dir/rosidl_generator_py/custom_messages/msg/_motor_feedback_s.c.o[0m
[3.866s] [ 86%] [32mBuilding C object CMakeFiles/custom_messages__rosidl_generator_py.dir/rosidl_generator_py/custom_messages/msg/_can_msg_s.c.o[0m
[3.866s] [ 87%] [32mBuilding C object CMakeFiles/custom_messages__rosidl_generator_py.dir/rosidl_generator_py/custom_messages/msg/_controller_msg_s.c.o[0m
[3.867s] [ 88%] [32mBuilding C object CMakeFiles/custom_messages__rosidl_generator_py.dir/rosidl_generator_py/custom_messages/srv/_reset_odom_s.c.o[0m
[3.870s] [ 90%] [32mBuilding C object CMakeFiles/custom_messages__rosidl_generator_py.dir/rosidl_generator_py/custom_messages/msg/_yolo_detection_s.c.o[0m
[3.870s] [ 90%] [32mBuilding C object CMakeFiles/custom_messages__rosidl_generator_py.dir/rosidl_generator_py/custom_messages/msg/_yolo_detection_array_s.c.o[0m
[3.870s] [ 91%] [32mBuilding C object CMakeFiles/custom_messages__rosidl_generator_py.dir/rosidl_generator_py/custom_messages/msg/_dino_s.c.o[0m
[3.960s] [ 93%] [32m[1mLinking C shared library rosidl_generator_py/custom_messages/libcustom_messages__rosidl_generator_py.so[0m
[3.986s] [ 93%] Built target custom_messages__rosidl_generator_py
[3.998s] [ 94%] [32mBuilding C object CMakeFiles/custom_messages__rosidl_typesupport_fastrtps_c__pyext.dir/rosidl_generator_py/custom_messages/_custom_messages_s.ep.rosidl_typesupport_fastrtps_c.c.o[0m
[3.998s] [ 95%] [32mBuilding C object CMakeFiles/custom_messages__rosidl_typesupport_introspection_c__pyext.dir/rosidl_generator_py/custom_messages/_custom_messages_s.ep.rosidl_typesupport_introspection_c.c.o[0m
[3.998s] [ 96%] [32mBuilding C object CMakeFiles/custom_messages__rosidl_typesupport_c__pyext.dir/rosidl_generator_py/custom_messages/_custom_messages_s.ep.rosidl_typesupport_c.c.o[0m
[4.066s] [ 97%] [32m[1mLinking C shared library rosidl_generator_py/custom_messages/custom_messages_s__rosidl_typesupport_c.cpython-310-x86_64-linux-gnu.so[0m
[4.069s] [ 98%] [32m[1mLinking C shared library rosidl_generator_py/custom_messages/custom_messages_s__rosidl_typesupport_introspection_c.cpython-310-x86_64-linux-gnu.so[0m
[4.069s] [100%] [32m[1mLinking C shared library rosidl_generator_py/custom_messages/custom_messages_s__rosidl_typesupport_fastrtps_c.cpython-310-x86_64-linux-gnu.so[0m
[4.086s] [100%] Built target custom_messages__rosidl_typesupport_c__pyext
[4.089s] [100%] Built target custom_messages__rosidl_typesupport_introspection_c__pyext
[4.089s] [100%] Built target custom_messages__rosidl_typesupport_fastrtps_c__pyext
[4.097s] Invoked command in '/home/ayukine/holy_ws/build/custom_messages' returned '0': CMAKE_PREFIX_PATH=/opt/ros/humble /usr/bin/cmake --build /home/ayukine/holy_ws/build/custom_messages -- -j16 -l16
[4.209s] Invoking command in '/home/ayukine/holy_ws/build/custom_messages': CMAKE_PREFIX_PATH=/opt/ros/humble /usr/bin/cmake --install /home/ayukine/holy_ws/build/custom_messages
[4.214s] -- Install configuration: ""
[4.214s] -- Installing: /home/ayukine/holy_ws/install/custom_messages/share/ament_index/resource_index/rosidl_interfaces/custom_messages
[4.214s] -- Installing: /home/ayukine/holy_ws/install/custom_messages/include/custom_messages/custom_messages
[4.214s] -- Installing: /home/ayukine/holy_ws/install/custom_messages/include/custom_messages/custom_messages/srv
[4.214s] -- Installing: /home/ayukine/holy_ws/install/custom_messages/include/custom_messages/custom_messages/srv/reset_odom.h
[4.214s] -- Installing: /home/ayukine/holy_ws/install/custom_messages/include/custom_messages/custom_messages/srv/detail
[4.214s] -- Installing: /home/ayukine/holy_ws/install/custom_messages/include/custom_messages/custom_messages/srv/detail/reset_odom__functions.h
[4.214s] -- Installing: /home/ayukine/holy_ws/install/custom_messages/include/custom_messages/custom_messages/srv/detail/reset_odom__type_support.h
[4.214s] -- Installing: /home/ayukine/holy_ws/install/custom_messages/include/custom_messages/custom_messages/srv/detail/reset_odom__functions.c
[4.215s] -- Installing: /home/ayukine/holy_ws/install/custom_messages/include/custom_messages/custom_messages/srv/detail/reset_odom__struct.h
[4.215s] -- Installing: /home/ayukine/holy_ws/install/custom_messages/include/custom_messages/custom_messages/msg
[4.215s] -- Installing: /home/ayukine/holy_ws/install/custom_messages/include/custom_messages/custom_messages/msg/motor_feedback.h
[4.215s] -- Installing: /home/ayukine/holy_ws/install/custom_messages/include/custom_messages/custom_messages/msg/yolo_detection_array.h
[4.215s] -- Installing: /home/ayukine/holy_ws/install/custom_messages/include/custom_messages/custom_messages/msg/can_msg.h
[4.215s] -- Installing: /home/ayukine/holy_ws/install/custom_messages/include/custom_messages/custom_messages/msg/controller_msg.h
[4.215s] -- Installing: /home/ayukine/holy_ws/install/custom_messages/include/custom_messages/custom_messages/msg/motor_command.h
[4.215s] -- Installing: /home/ayukine/holy_ws/install/custom_messages/include/custom_messages/custom_messages/msg/detail
[4.215s] -- Installing: /home/ayukine/holy_ws/install/custom_messages/include/custom_messages/custom_messages/msg/detail/motor_command__struct.h
[4.215s] -- Installing: /home/ayukine/holy_ws/install/custom_messages/include/custom_messages/custom_messages/msg/detail/motor_feedback__type_support.h
[4.215s] -- Installing: /home/ayukine/holy_ws/install/custom_messages/include/custom_messages/custom_messages/msg/detail/can_msg__type_support.h
[4.215s] -- Installing: /home/ayukine/holy_ws/install/custom_messages/include/custom_messages/custom_messages/msg/detail/yolo_detection_array__struct.h
[4.215s] -- Installing: /home/ayukine/holy_ws/install/custom_messages/include/custom_messages/custom_messages/msg/detail/motor_command__functions.h
[4.215s] -- Installing: /home/ayukine/holy_ws/install/custom_messages/include/custom_messages/custom_messages/msg/detail/yolo_detection_array__functions.h
[4.215s] -- Installing: /home/ayukine/holy_ws/install/custom_messages/include/custom_messages/custom_messages/msg/detail/controller_msg__type_support.h
[4.215s] -- Installing: /home/ayukine/holy_ws/install/custom_messages/include/custom_messages/custom_messages/msg/detail/controller_msg__struct.h
[4.215s] -- Installing: /home/ayukine/holy_ws/install/custom_messages/include/custom_messages/custom_messages/msg/detail/yolo_detection__struct.h
[4.215s] -- Installing: /home/ayukine/holy_ws/install/custom_messages/include/custom_messages/custom_messages/msg/detail/dino__functions.c
[4.215s] -- Installing: /home/ayukine/holy_ws/install/custom_messages/include/custom_messages/custom_messages/msg/detail/controller_msg__functions.c
[4.215s] -- Installing: /home/ayukine/holy_ws/install/custom_messages/include/custom_messages/custom_messages/msg/detail/yolo_detection_array__functions.c
[4.215s] -- Installing: /home/ayukine/holy_ws/install/custom_messages/include/custom_messages/custom_messages/msg/detail/controller_msg__functions.h
[4.215s] -- Installing: /home/ayukine/holy_ws/install/custom_messages/include/custom_messages/custom_messages/msg/detail/motor_command__type_support.h
[4.215s] -- Installing: /home/ayukine/holy_ws/install/custom_messages/include/custom_messages/custom_messages/msg/detail/can_msg__struct.h
[4.215s] -- Installing: /home/ayukine/holy_ws/install/custom_messages/include/custom_messages/custom_messages/msg/detail/yolo_detection__type_support.h
[4.215s] -- Installing: /home/ayukine/holy_ws/install/custom_messages/include/custom_messages/custom_messages/msg/detail/motor_feedback__functions.h
[4.215s] -- Installing: /home/ayukine/holy_ws/install/custom_messages/include/custom_messages/custom_messages/msg/detail/motor_command__functions.c
[4.215s] -- Installing: /home/ayukine/holy_ws/install/custom_messages/include/custom_messages/custom_messages/msg/detail/dino__struct.h
[4.216s] -- Installing: /home/ayukine/holy_ws/install/custom_messages/include/custom_messages/custom_messages/msg/detail/motor_feedback__struct.h
[4.216s] -- Installing: /home/ayukine/holy_ws/install/custom_messages/include/custom_messages/custom_messages/msg/detail/dino__functions.h
[4.216s] -- Installing: /home/ayukine/holy_ws/install/custom_messages/include/custom_messages/custom_messages/msg/detail/yolo_detection_array__type_support.h
[4.216s] -- Installing: /home/ayukine/holy_ws/install/custom_messages/include/custom_messages/custom_messages/msg/detail/yolo_detection__functions.h
[4.216s] -- Installing: /home/ayukine/holy_ws/install/custom_messages/include/custom_messages/custom_messages/msg/detail/dino__type_support.h
[4.216s] -- Installing: /home/ayukine/holy_ws/install/custom_messages/include/custom_messages/custom_messages/msg/detail/motor_feedback__functions.c
[4.216s] -- Installing: /home/ayukine/holy_ws/install/custom_messages/include/custom_messages/custom_messages/msg/detail/can_msg__functions.c
[4.216s] -- Installing: /home/ayukine/holy_ws/install/custom_messages/include/custom_messages/custom_messages/msg/detail/yolo_detection__functions.c
[4.216s] -- Installing: /home/ayukine/holy_ws/install/custom_messages/include/custom_messages/custom_messages/msg/detail/can_msg__functions.h
[4.216s] -- Installing: /home/ayukine/holy_ws/install/custom_messages/include/custom_messages/custom_messages/msg/rosidl_generator_c__visibility_control.h
[4.216s] -- Installing: /home/ayukine/holy_ws/install/custom_messages/include/custom_messages/custom_messages/msg/yolo_detection.h
[4.216s] -- Installing: /home/ayukine/holy_ws/install/custom_messages/include/custom_messages/custom_messages/msg/dino.h
[4.216s] -- Installing: /home/ayukine/holy_ws/install/custom_messages/share/custom_messages/environment/library_path.sh
[4.216s] -- Installing: /home/ayukine/holy_ws/install/custom_messages/share/custom_messages/environment/library_path.dsv
[4.216s] -- Installing: /home/ayukine/holy_ws/install/custom_messages/lib/libcustom_messages__rosidl_generator_c.so
[4.216s] -- Set runtime path of "/home/ayukine/holy_ws/install/custom_messages/lib/libcustom_messages__rosidl_generator_c.so" to ""
[4.216s] -- Up-to-date: /home/ayukine/holy_ws/install/custom_messages/include/custom_messages/custom_messages
[4.216s] -- Up-to-date: /home/ayukine/holy_ws/install/custom_messages/include/custom_messages/custom_messages/srv
[4.216s] -- Up-to-date: /home/ayukine/holy_ws/install/custom_messages/include/custom_messages/custom_messages/srv/detail
[4.216s] -- Installing: /home/ayukine/holy_ws/install/custom_messages/include/custom_messages/custom_messages/srv/detail/reset_odom__rosidl_typesupport_fastrtps_c.h
[4.216s] -- Up-to-date: /home/ayukine/holy_ws/install/custom_messages/include/custom_messages/custom_messages/msg
[4.216s] -- Up-to-date: /home/ayukine/holy_ws/install/custom_messages/include/custom_messages/custom_messages/msg/detail
[4.216s] -- Installing: /home/ayukine/holy_ws/install/custom_messages/include/custom_messages/custom_messages/msg/detail/motor_command__rosidl_typesupport_fastrtps_c.h
[4.216s] -- Installing: /home/ayukine/holy_ws/install/custom_messages/include/custom_messages/custom_messages/msg/detail/can_msg__rosidl_typesupport_fastrtps_c.h
[4.216s] -- Installing: /home/ayukine/holy_ws/install/custom_messages/include/custom_messages/custom_messages/msg/detail/controller_msg__rosidl_typesupport_fastrtps_c.h
[4.217s] -- Installing: /home/ayukine/holy_ws/install/custom_messages/include/custom_messages/custom_messages/msg/detail/dino__rosidl_typesupport_fastrtps_c.h
[4.217s] -- Installing: /home/ayukine/holy_ws/install/custom_messages/include/custom_messages/custom_messages/msg/detail/motor_feedback__rosidl_typesupport_fastrtps_c.h
[4.217s] -- Installing: /home/ayukine/holy_ws/install/custom_messages/include/custom_messages/custom_messages/msg/detail/yolo_detection__rosidl_typesupport_fastrtps_c.h
[4.217s] -- Installing: /home/ayukine/holy_ws/install/custom_messages/include/custom_messages/custom_messages/msg/detail/yolo_detection_array__rosidl_typesupport_fastrtps_c.h
[4.217s] -- Installing: /home/ayukine/holy_ws/install/custom_messages/include/custom_messages/custom_messages/msg/rosidl_typesupport_fastrtps_c__visibility_control.h
[4.217s] -- Installing: /home/ayukine/holy_ws/install/custom_messages/lib/libcustom_messages__rosidl_typesupport_fastrtps_c.so
[4.217s] -- Set runtime path of "/home/ayukine/holy_ws/install/custom_messages/lib/libcustom_messages__rosidl_typesupport_fastrtps_c.so" to ""
[4.217s] -- Up-to-date: /home/ayukine/holy_ws/install/custom_messages/include/custom_messages/custom_messages
[4.217s] -- Up-to-date: /home/ayukine/holy_ws/install/custom_messages/include/custom_messages/custom_messages/srv
[4.217s] -- Installing: /home/ayukine/holy_ws/install/custom_messages/include/custom_messages/custom_messages/srv/reset_odom.hpp
[4.217s] -- Up-to-date: /home/ayukine/holy_ws/install/custom_messages/include/custom_messages/custom_messages/srv/detail
[4.217s] -- Installing: /home/ayukine/holy_ws/install/custom_messages/include/custom_messages/custom_messages/srv/detail/reset_odom__struct.hpp
[4.217s] -- Installing: /home/ayukine/holy_ws/install/custom_messages/include/custom_messages/custom_messages/srv/detail/reset_odom__builder.hpp
[4.217s] -- Installing: /home/ayukine/holy_ws/install/custom_messages/include/custom_messages/custom_messages/srv/detail/reset_odom__traits.hpp
[4.217s] -- Up-to-date: /home/ayukine/holy_ws/install/custom_messages/include/custom_messages/custom_messages/msg
[4.217s] -- Installing: /home/ayukine/holy_ws/install/custom_messages/include/custom_messages/custom_messages/msg/can_msg.hpp
[4.217s] -- Installing: /home/ayukine/holy_ws/install/custom_messages/include/custom_messages/custom_messages/msg/yolo_detection_array.hpp
[4.217s] -- Installing: /home/ayukine/holy_ws/install/custom_messages/include/custom_messages/custom_messages/msg/yolo_detection.hpp
[4.217s] -- Installing: /home/ayukine/holy_ws/install/custom_messages/include/custom_messages/custom_messages/msg/dino.hpp
[4.217s] -- Installing: /home/ayukine/holy_ws/install/custom_messages/include/custom_messages/custom_messages/msg/controller_msg.hpp
[4.217s] -- Up-to-date: /home/ayukine/holy_ws/install/custom_messages/include/custom_messages/custom_messages/msg/detail
[4.217s] -- Installing: /home/ayukine/holy_ws/install/custom_messages/include/custom_messages/custom_messages/msg/detail/controller_msg__struct.hpp
[4.217s] -- Installing: /home/ayukine/holy_ws/install/custom_messages/include/custom_messages/custom_messages/msg/detail/motor_command__builder.hpp
[4.217s] -- Installing: /home/ayukine/holy_ws/install/custom_messages/include/custom_messages/custom_messages/msg/detail/motor_feedback__builder.hpp
[4.218s] -- Installing: /home/ayukine/holy_ws/install/custom_messages/include/custom_messages/custom_messages/msg/detail/motor_feedback__struct.hpp
[4.218s] -- Installing: /home/ayukine/holy_ws/install/custom_messages/include/custom_messages/custom_messages/msg/detail/yolo_detection__traits.hpp
[4.218s] -- Installing: /home/ayukine/holy_ws/install/custom_messages/include/custom_messages/custom_messages/msg/detail/yolo_detection__builder.hpp
[4.218s] -- Installing: /home/ayukine/holy_ws/install/custom_messages/include/custom_messages/custom_messages/msg/detail/yolo_detection_array__traits.hpp
[4.218s] -- Installing: /home/ayukine/holy_ws/install/custom_messages/include/custom_messages/custom_messages/msg/detail/dino__traits.hpp
[4.218s] -- Installing: /home/ayukine/holy_ws/install/custom_messages/include/custom_messages/custom_messages/msg/detail/yolo_detection_array__struct.hpp
[4.218s] -- Installing: /home/ayukine/holy_ws/install/custom_messages/include/custom_messages/custom_messages/msg/detail/yolo_detection_array__builder.hpp
[4.218s] -- Installing: /home/ayukine/holy_ws/install/custom_messages/include/custom_messages/custom_messages/msg/detail/controller_msg__traits.hpp
[4.218s] -- Installing: /home/ayukine/holy_ws/install/custom_messages/include/custom_messages/custom_messages/msg/detail/can_msg__traits.hpp
[4.218s] -- Installing: /home/ayukine/holy_ws/install/custom_messages/include/custom_messages/custom_messages/msg/detail/motor_feedback__traits.hpp
[4.218s] -- Installing: /home/ayukine/holy_ws/install/custom_messages/include/custom_messages/custom_messages/msg/detail/controller_msg__builder.hpp
[4.218s] -- Installing: /home/ayukine/holy_ws/install/custom_messages/include/custom_messages/custom_messages/msg/detail/motor_command__struct.hpp
[4.218s] -- Installing: /home/ayukine/holy_ws/install/custom_messages/include/custom_messages/custom_messages/msg/detail/dino__builder.hpp
[4.218s] -- Installing: /home/ayukine/holy_ws/install/custom_messages/include/custom_messages/custom_messages/msg/detail/dino__struct.hpp
[4.218s] -- Installing: /home/ayukine/holy_ws/install/custom_messages/include/custom_messages/custom_messages/msg/detail/yolo_detection__struct.hpp
[4.218s] -- Installing: /home/ayukine/holy_ws/install/custom_messages/include/custom_messages/custom_messages/msg/detail/can_msg__builder.hpp
[4.218s] -- Installing: /home/ayukine/holy_ws/install/custom_messages/include/custom_messages/custom_messages/msg/detail/can_msg__struct.hpp
[4.218s] -- Installing: /home/ayukine/holy_ws/install/custom_messages/include/custom_messages/custom_messages/msg/detail/motor_command__traits.hpp
[4.218s] -- Installing: /home/ayukine/holy_ws/install/custom_messages/include/custom_messages/custom_messages/msg/motor_feedback.hpp
[4.218s] -- Installing: /home/ayukine/holy_ws/install/custom_messages/include/custom_messages/custom_messages/msg/motor_command.hpp
[4.218s] -- Up-to-date: /home/ayukine/holy_ws/install/custom_messages/include/custom_messages/custom_messages
[4.218s] -- Up-to-date: /home/ayukine/holy_ws/install/custom_messages/include/custom_messages/custom_messages/srv
[4.218s] -- Up-to-date: /home/ayukine/holy_ws/install/custom_messages/include/custom_messages/custom_messages/srv/detail
[4.218s] -- Installing: /home/ayukine/holy_ws/install/custom_messages/include/custom_messages/custom_messages/srv/detail/dds_fastrtps
[4.218s] -- Installing: /home/ayukine/holy_ws/install/custom_messages/include/custom_messages/custom_messages/srv/detail/reset_odom__rosidl_typesupport_fastrtps_cpp.hpp
[4.218s] -- Up-to-date: /home/ayukine/holy_ws/install/custom_messages/include/custom_messages/custom_messages/msg
[4.219s] -- Installing: /home/ayukine/holy_ws/install/custom_messages/include/custom_messages/custom_messages/msg/rosidl_typesupport_fastrtps_cpp__visibility_control.h
[4.219s] -- Up-to-date: /home/ayukine/holy_ws/install/custom_messages/include/custom_messages/custom_messages/msg/detail
[4.219s] -- Installing: /home/ayukine/holy_ws/install/custom_messages/include/custom_messages/custom_messages/msg/detail/controller_msg__rosidl_typesupport_fastrtps_cpp.hpp
[4.219s] -- Installing: /home/ayukine/holy_ws/install/custom_messages/include/custom_messages/custom_messages/msg/detail/can_msg__rosidl_typesupport_fastrtps_cpp.hpp
[4.219s] -- Installing: /home/ayukine/holy_ws/install/custom_messages/include/custom_messages/custom_messages/msg/detail/dino__rosidl_typesupport_fastrtps_cpp.hpp
[4.219s] -- Installing: /home/ayukine/holy_ws/install/custom_messages/include/custom_messages/custom_messages/msg/detail/yolo_detection__rosidl_typesupport_fastrtps_cpp.hpp
[4.219s] -- Installing: /home/ayukine/holy_ws/install/custom_messages/include/custom_messages/custom_messages/msg/detail/yolo_detection_array__rosidl_typesupport_fastrtps_cpp.hpp
[4.219s] -- Installing: /home/ayukine/holy_ws/install/custom_messages/include/custom_messages/custom_messages/msg/detail/dds_fastrtps
[4.219s] -- Installing: /home/ayukine/holy_ws/install/custom_messages/include/custom_messages/custom_messages/msg/detail/motor_command__rosidl_typesupport_fastrtps_cpp.hpp
[4.219s] -- Installing: /home/ayukine/holy_ws/install/custom_messages/include/custom_messages/custom_messages/msg/detail/motor_feedback__rosidl_typesupport_fastrtps_cpp.hpp
[4.219s] -- Installing: /home/ayukine/holy_ws/install/custom_messages/lib/libcustom_messages__rosidl_typesupport_fastrtps_cpp.so
[4.219s] -- Set runtime path of "/home/ayukine/holy_ws/install/custom_messages/lib/libcustom_messages__rosidl_typesupport_fastrtps_cpp.so" to ""
[4.219s] -- Up-to-date: /home/ayukine/holy_ws/install/custom_messages/include/custom_messages/custom_messages
[4.219s] -- Up-to-date: /home/ayukine/holy_ws/install/custom_messages/include/custom_messages/custom_messages/srv
[4.219s] -- Up-to-date: /home/ayukine/holy_ws/install/custom_messages/include/custom_messages/custom_messages/srv/detail
[4.219s] -- Installing: /home/ayukine/holy_ws/install/custom_messages/include/custom_messages/custom_messages/srv/detail/reset_odom__rosidl_typesupport_introspection_c.h
[4.219s] -- Installing: /home/ayukine/holy_ws/install/custom_messages/include/custom_messages/custom_messages/srv/detail/reset_odom__type_support.c
[4.219s] -- Up-to-date: /home/ayukine/holy_ws/install/custom_messages/include/custom_messages/custom_messages/msg
[4.219s] -- Up-to-date: /home/ayukine/holy_ws/install/custom_messages/include/custom_messages/custom_messages/msg/detail
[4.219s] -- Installing: /home/ayukine/holy_ws/install/custom_messages/include/custom_messages/custom_messages/msg/detail/yolo_detection_array__rosidl_typesupport_introspection_c.h
[4.219s] -- Installing: /home/ayukine/holy_ws/install/custom_messages/include/custom_messages/custom_messages/msg/detail/controller_msg__type_support.c
[4.219s] -- Installing: /home/ayukine/holy_ws/install/custom_messages/include/custom_messages/custom_messages/msg/detail/motor_command__type_support.c
[4.219s] -- Installing: /home/ayukine/holy_ws/install/custom_messages/include/custom_messages/custom_messages/msg/detail/motor_feedback__type_support.c
[4.219s] -- Installing: /home/ayukine/holy_ws/install/custom_messages/include/custom_messages/custom_messages/msg/detail/motor_command__rosidl_typesupport_introspection_c.h
[4.219s] -- Installing: /home/ayukine/holy_ws/install/custom_messages/include/custom_messages/custom_messages/msg/detail/yolo_detection_array__type_support.c
[4.219s] -- Installing: /home/ayukine/holy_ws/install/custom_messages/include/custom_messages/custom_messages/msg/detail/motor_feedback__rosidl_typesupport_introspection_c.h
[4.220s] -- Installing: /home/ayukine/holy_ws/install/custom_messages/include/custom_messages/custom_messages/msg/detail/dino__rosidl_typesupport_introspection_c.h
[4.220s] -- Installing: /home/ayukine/holy_ws/install/custom_messages/include/custom_messages/custom_messages/msg/detail/yolo_detection__type_support.c
[4.220s] -- Installing: /home/ayukine/holy_ws/install/custom_messages/include/custom_messages/custom_messages/msg/detail/dino__type_support.c
[4.220s] -- Installing: /home/ayukine/holy_ws/install/custom_messages/include/custom_messages/custom_messages/msg/detail/yolo_detection__rosidl_typesupport_introspection_c.h
[4.220s] -- Installing: /home/ayukine/holy_ws/install/custom_messages/include/custom_messages/custom_messages/msg/detail/can_msg__rosidl_typesupport_introspection_c.h
[4.220s] -- Installing: /home/ayukine/holy_ws/install/custom_messages/include/custom_messages/custom_messages/msg/detail/can_msg__type_support.c
[4.220s] -- Installing: /home/ayukine/holy_ws/install/custom_messages/include/custom_messages/custom_messages/msg/detail/controller_msg__rosidl_typesupport_introspection_c.h
[4.220s] -- Installing: /home/ayukine/holy_ws/install/custom_messages/include/custom_messages/custom_messages/msg/rosidl_typesupport_introspection_c__visibility_control.h
[4.220s] -- Installing: /home/ayukine/holy_ws/install/custom_messages/lib/libcustom_messages__rosidl_typesupport_introspection_c.so
[4.220s] -- Set runtime path of "/home/ayukine/holy_ws/install/custom_messages/lib/libcustom_messages__rosidl_typesupport_introspection_c.so" to ""
[4.220s] -- Installing: /home/ayukine/holy_ws/install/custom_messages/lib/libcustom_messages__rosidl_typesupport_c.so
[4.220s] -- Set runtime path of "/home/ayukine/holy_ws/install/custom_messages/lib/libcustom_messages__rosidl_typesupport_c.so" to ""
[4.220s] -- Up-to-date: /home/ayukine/holy_ws/install/custom_messages/include/custom_messages/custom_messages
[4.220s] -- Up-to-date: /home/ayukine/holy_ws/install/custom_messages/include/custom_messages/custom_messages/srv
[4.220s] -- Up-to-date: /home/ayukine/holy_ws/install/custom_messages/include/custom_messages/custom_messages/srv/detail
[4.220s] -- Installing: /home/ayukine/holy_ws/install/custom_messages/include/custom_messages/custom_messages/srv/detail/reset_odom__rosidl_typesupport_introspection_cpp.hpp
[4.220s] -- Installing: /home/ayukine/holy_ws/install/custom_messages/include/custom_messages/custom_messages/srv/detail/reset_odom__type_support.cpp
[4.220s] -- Up-to-date: /home/ayukine/holy_ws/install/custom_messages/include/custom_messages/custom_messages/msg
[4.220s] -- Up-to-date: /home/ayukine/holy_ws/install/custom_messages/include/custom_messages/custom_messages/msg/detail
[4.220s] -- Installing: /home/ayukine/holy_ws/install/custom_messages/include/custom_messages/custom_messages/msg/detail/controller_msg__type_support.cpp
[4.220s] -- Installing: /home/ayukine/holy_ws/install/custom_messages/include/custom_messages/custom_messages/msg/detail/yolo_detection__type_support.cpp
[4.220s] -- Installing: /home/ayukine/holy_ws/install/custom_messages/include/custom_messages/custom_messages/msg/detail/motor_feedback__type_support.cpp
[4.220s] -- Installing: /home/ayukine/holy_ws/install/custom_messages/include/custom_messages/custom_messages/msg/detail/motor_feedback__rosidl_typesupport_introspection_cpp.hpp
[4.221s] -- Installing: /home/ayukine/holy_ws/install/custom_messages/include/custom_messages/custom_messages/msg/detail/yolo_detection_array__rosidl_typesupport_introspection_cpp.hpp
[4.221s] -- Installing: /home/ayukine/holy_ws/install/custom_messages/include/custom_messages/custom_messages/msg/detail/dino__rosidl_typesupport_introspection_cpp.hpp
[4.221s] -- Installing: /home/ayukine/holy_ws/install/custom_messages/include/custom_messages/custom_messages/msg/detail/controller_msg__rosidl_typesupport_introspection_cpp.hpp
[4.221s] -- Installing: /home/ayukine/holy_ws/install/custom_messages/include/custom_messages/custom_messages/msg/detail/can_msg__rosidl_typesupport_introspection_cpp.hpp
[4.221s] -- Installing: /home/ayukine/holy_ws/install/custom_messages/include/custom_messages/custom_messages/msg/detail/yolo_detection_array__type_support.cpp
[4.221s] -- Installing: /home/ayukine/holy_ws/install/custom_messages/include/custom_messages/custom_messages/msg/detail/motor_command__rosidl_typesupport_introspection_cpp.hpp
[4.221s] -- Installing: /home/ayukine/holy_ws/install/custom_messages/include/custom_messages/custom_messages/msg/detail/can_msg__type_support.cpp
[4.221s] -- Installing: /home/ayukine/holy_ws/install/custom_messages/include/custom_messages/custom_messages/msg/detail/motor_command__type_support.cpp
[4.221s] -- Installing: /home/ayukine/holy_ws/install/custom_messages/include/custom_messages/custom_messages/msg/detail/dino__type_support.cpp
[4.221s] -- Installing: /home/ayukine/holy_ws/install/custom_messages/include/custom_messages/custom_messages/msg/detail/yolo_detection__rosidl_typesupport_introspection_cpp.hpp
[4.221s] -- Installing: /home/ayukine/holy_ws/install/custom_messages/lib/libcustom_messages__rosidl_typesupport_introspection_cpp.so
[4.221s] -- Set runtime path of "/home/ayukine/holy_ws/install/custom_messages/lib/libcustom_messages__rosidl_typesupport_introspection_cpp.so" to ""
[4.221s] -- Installing: /home/ayukine/holy_ws/install/custom_messages/lib/libcustom_messages__rosidl_typesupport_cpp.so
[4.221s] -- Set runtime path of "/home/ayukine/holy_ws/install/custom_messages/lib/libcustom_messages__rosidl_typesupport_cpp.so" to ""
[4.221s] -- Installing: /home/ayukine/holy_ws/install/custom_messages/share/custom_messages/environment/pythonpath.sh
[4.221s] -- Installing: /home/ayukine/holy_ws/install/custom_messages/share/custom_messages/environment/pythonpath.dsv
[4.221s] -- Installing: /home/ayukine/holy_ws/install/custom_messages/local/lib/python3.10/dist-packages/custom_messages-0.0.0-py3.10.egg-info
[4.221s] -- Installing: /home/ayukine/holy_ws/install/custom_messages/local/lib/python3.10/dist-packages/custom_messages-0.0.0-py3.10.egg-info/dependency_links.txt
[4.221s] -- Installing: /home/ayukine/holy_ws/install/custom_messages/local/lib/python3.10/dist-packages/custom_messages-0.0.0-py3.10.egg-info/PKG-INFO
[4.221s] -- Installing: /home/ayukine/holy_ws/install/custom_messages/local/lib/python3.10/dist-packages/custom_messages-0.0.0-py3.10.egg-info/SOURCES.txt
[4.222s] -- Installing: /home/ayukine/holy_ws/install/custom_messages/local/lib/python3.10/dist-packages/custom_messages-0.0.0-py3.10.egg-info/top_level.txt
[4.222s] -- Installing: /home/ayukine/holy_ws/install/custom_messages/local/lib/python3.10/dist-packages/custom_messages
[4.222s] -- Installing: /home/ayukine/holy_ws/install/custom_messages/local/lib/python3.10/dist-packages/custom_messages/__init__.py
[4.222s] -- Installing: /home/ayukine/holy_ws/install/custom_messages/local/lib/python3.10/dist-packages/custom_messages/custom_messages_s__rosidl_typesupport_c.cpython-310-x86_64-linux-gnu.so
[4.222s] -- Installing: /home/ayukine/holy_ws/install/custom_messages/local/lib/python3.10/dist-packages/custom_messages/srv
[4.222s] -- Installing: /home/ayukine/holy_ws/install/custom_messages/local/lib/python3.10/dist-packages/custom_messages/srv/_reset_odom_s.c
[4.222s] -- Installing: /home/ayukine/holy_ws/install/custom_messages/local/lib/python3.10/dist-packages/custom_messages/srv/__init__.py
[4.222s] -- Installing: /home/ayukine/holy_ws/install/custom_messages/local/lib/python3.10/dist-packages/custom_messages/srv/_reset_odom.py
[4.222s] -- Installing: /home/ayukine/holy_ws/install/custom_messages/local/lib/python3.10/dist-packages/custom_messages/_custom_messages_s.ep.rosidl_typesupport_c.c
[4.222s] -- Installing: /home/ayukine/holy_ws/install/custom_messages/local/lib/python3.10/dist-packages/custom_messages/custom_messages_s__rosidl_typesupport_fastrtps_c.cpython-310-x86_64-linux-gnu.so
[4.222s] -- Installing: /home/ayukine/holy_ws/install/custom_messages/local/lib/python3.10/dist-packages/custom_messages/libcustom_messages__rosidl_generator_py.so
[4.222s] -- Installing: /home/ayukine/holy_ws/install/custom_messages/local/lib/python3.10/dist-packages/custom_messages/msg
[4.222s] -- Installing: /home/ayukine/holy_ws/install/custom_messages/local/lib/python3.10/dist-packages/custom_messages/msg/__init__.py
[4.222s] -- Installing: /home/ayukine/holy_ws/install/custom_messages/local/lib/python3.10/dist-packages/custom_messages/msg/_controller_msg.py
[4.222s] -- Installing: /home/ayukine/holy_ws/install/custom_messages/local/lib/python3.10/dist-packages/custom_messages/msg/_motor_feedback.py
[4.222s] -- Installing: /home/ayukine/holy_ws/install/custom_messages/local/lib/python3.10/dist-packages/custom_messages/msg/_motor_command_s.c
[4.222s] -- Installing: /home/ayukine/holy_ws/install/custom_messages/local/lib/python3.10/dist-packages/custom_messages/msg/_yolo_detection.py
[4.222s] -- Installing: /home/ayukine/holy_ws/install/custom_messages/local/lib/python3.10/dist-packages/custom_messages/msg/_yolo_detection_array.py
[4.222s] -- Installing: /home/ayukine/holy_ws/install/custom_messages/local/lib/python3.10/dist-packages/custom_messages/msg/_motor_feedback_s.c
[4.222s] -- Installing: /home/ayukine/holy_ws/install/custom_messages/local/lib/python3.10/dist-packages/custom_messages/msg/_yolo_detection_s.c
[4.222s] -- Installing: /home/ayukine/holy_ws/install/custom_messages/local/lib/python3.10/dist-packages/custom_messages/msg/_yolo_detection_array_s.c
[4.223s] -- Installing: /home/ayukine/holy_ws/install/custom_messages/local/lib/python3.10/dist-packages/custom_messages/msg/_can_msg.py
[4.223s] -- Installing: /home/ayukine/holy_ws/install/custom_messages/local/lib/python3.10/dist-packages/custom_messages/msg/_motor_command.py
[4.223s] -- Installing: /home/ayukine/holy_ws/install/custom_messages/local/lib/python3.10/dist-packages/custom_messages/msg/_can_msg_s.c
[4.223s] -- Installing: /home/ayukine/holy_ws/install/custom_messages/local/lib/python3.10/dist-packages/custom_messages/msg/_controller_msg_s.c
[4.223s] -- Installing: /home/ayukine/holy_ws/install/custom_messages/local/lib/python3.10/dist-packages/custom_messages/msg/_dino.py
[4.223s] -- Installing: /home/ayukine/holy_ws/install/custom_messages/local/lib/python3.10/dist-packages/custom_messages/msg/_dino_s.c
[4.223s] -- Installing: /home/ayukine/holy_ws/install/custom_messages/local/lib/python3.10/dist-packages/custom_messages/_custom_messages_s.ep.rosidl_typesupport_fastrtps_c.c
[4.223s] -- Installing: /home/ayukine/holy_ws/install/custom_messages/local/lib/python3.10/dist-packages/custom_messages/custom_messages_s__rosidl_typesupport_introspection_c.cpython-310-x86_64-linux-gnu.so
[4.223s] -- Installing: /home/ayukine/holy_ws/install/custom_messages/local/lib/python3.10/dist-packages/custom_messages/_custom_messages_s.ep.rosidl_typesupport_introspection_c.c
[4.251s] Listing '/home/ayukine/holy_ws/install/custom_messages/local/lib/python3.10/dist-packages/custom_messages'...
[4.251s] Compiling '/home/ayukine/holy_ws/install/custom_messages/local/lib/python3.10/dist-packages/custom_messages/__init__.py'...
[4.251s] Listing '/home/ayukine/holy_ws/install/custom_messages/local/lib/python3.10/dist-packages/custom_messages/msg'...
[4.251s] Compiling '/home/ayukine/holy_ws/install/custom_messages/local/lib/python3.10/dist-packages/custom_messages/msg/__init__.py'...
[4.251s] Compiling '/home/ayukine/holy_ws/install/custom_messages/local/lib/python3.10/dist-packages/custom_messages/msg/_can_msg.py'...
[4.251s] Compiling '/home/ayukine/holy_ws/install/custom_messages/local/lib/python3.10/dist-packages/custom_messages/msg/_controller_msg.py'...
[4.251s] Compiling '/home/ayukine/holy_ws/install/custom_messages/local/lib/python3.10/dist-packages/custom_messages/msg/_dino.py'...
[4.251s] Compiling '/home/ayukine/holy_ws/install/custom_messages/local/lib/python3.10/dist-packages/custom_messages/msg/_motor_command.py'...
[4.251s] Compiling '/home/ayukine/holy_ws/install/custom_messages/local/lib/python3.10/dist-packages/custom_messages/msg/_motor_feedback.py'...
[4.251s] Compiling '/home/ayukine/holy_ws/install/custom_messages/local/lib/python3.10/dist-packages/custom_messages/msg/_yolo_detection.py'...
[4.251s] Compiling '/home/ayukine/holy_ws/install/custom_messages/local/lib/python3.10/dist-packages/custom_messages/msg/_yolo_detection_array.py'...
[4.251s] Listing '/home/ayukine/holy_ws/install/custom_messages/local/lib/python3.10/dist-packages/custom_messages/srv'...
[4.251s] Compiling '/home/ayukine/holy_ws/install/custom_messages/local/lib/python3.10/dist-packages/custom_messages/srv/__init__.py'...
[4.251s] Compiling '/home/ayukine/holy_ws/install/custom_messages/local/lib/python3.10/dist-packages/custom_messages/srv/_reset_odom.py'...
[4.254s] -- Installing: /home/ayukine/holy_ws/install/custom_messages/local/lib/python3.10/dist-packages/custom_messages/custom_messages_s__rosidl_typesupport_fastrtps_c.cpython-310-x86_64-linux-gnu.so
[4.254s] -- Set runtime path of "/home/ayukine/holy_ws/install/custom_messages/local/lib/python3.10/dist-packages/custom_messages/custom_messages_s__rosidl_typesupport_fastrtps_c.cpython-310-x86_64-linux-gnu.so" to ""
[4.254s] -- Installing: /home/ayukine/holy_ws/install/custom_messages/local/lib/python3.10/dist-packages/custom_messages/custom_messages_s__rosidl_typesupport_introspection_c.cpython-310-x86_64-linux-gnu.so
[4.254s] -- Set runtime path of "/home/ayukine/holy_ws/install/custom_messages/local/lib/python3.10/dist-packages/custom_messages/custom_messages_s__rosidl_typesupport_introspection_c.cpython-310-x86_64-linux-gnu.so" to ""
[4.254s] -- Installing: /home/ayukine/holy_ws/install/custom_messages/local/lib/python3.10/dist-packages/custom_messages/custom_messages_s__rosidl_typesupport_c.cpython-310-x86_64-linux-gnu.so
[4.254s] -- Set runtime path of "/home/ayukine/holy_ws/install/custom_messages/local/lib/python3.10/dist-packages/custom_messages/custom_messages_s__rosidl_typesupport_c.cpython-310-x86_64-linux-gnu.so" to ""
[4.254s] -- Installing: /home/ayukine/holy_ws/install/custom_messages/lib/libcustom_messages__rosidl_generator_py.so
[4.255s] -- Set runtime path of "/home/ayukine/holy_ws/install/custom_messages/lib/libcustom_messages__rosidl_generator_py.so" to ""
[4.255s] -- Installing: /home/ayukine/holy_ws/install/custom_messages/share/custom_messages/msg/MotorCommand.idl
[4.255s] -- Installing: /home/ayukine/holy_ws/install/custom_messages/share/custom_messages/msg/MotorFeedback.idl
[4.255s] -- Installing: /home/ayukine/holy_ws/install/custom_messages/share/custom_messages/msg/CanMsg.idl
[4.255s] -- Installing: /home/ayukine/holy_ws/install/custom_messages/share/custom_messages/msg/ControllerMsg.idl
[4.255s] -- Installing: /home/ayukine/holy_ws/install/custom_messages/share/custom_messages/msg/YoloDetection.idl
[4.255s] -- Installing: /home/ayukine/holy_ws/install/custom_messages/share/custom_messages/msg/YoloDetectionArray.idl
[4.255s] -- Installing: /home/ayukine/holy_ws/install/custom_messages/share/custom_messages/msg/Dino.idl
[4.255s] -- Installing: /home/ayukine/holy_ws/install/custom_messages/share/custom_messages/srv/ResetOdom.idl
[4.255s] -- Installing: /home/ayukine/holy_ws/install/custom_messages/share/custom_messages/msg/MotorCommand.msg
[4.255s] -- Installing: /home/ayukine/holy_ws/install/custom_messages/share/custom_messages/msg/MotorFeedback.msg
[4.255s] -- Installing: /home/ayukine/holy_ws/install/custom_messages/share/custom_messages/msg/CanMsg.msg
[4.256s] -- Installing: /home/ayukine/holy_ws/install/custom_messages/share/custom_messages/msg/ControllerMsg.msg
[4.256s] -- Installing: /home/ayukine/holy_ws/install/custom_messages/share/custom_messages/msg/YoloDetection.msg
[4.256s] -- Installing: /home/ayukine/holy_ws/install/custom_messages/share/custom_messages/msg/YoloDetectionArray.msg
[4.256s] -- Installing: /home/ayukine/holy_ws/install/custom_messages/share/custom_messages/msg/Dino.msg
[4.256s] -- Installing: /home/ayukine/holy_ws/install/custom_messages/share/custom_messages/srv/ResetOdom.srv
[4.256s] -- Installing: /home/ayukine/holy_ws/install/custom_messages/share/custom_messages/srv/ResetOdom_Request.msg
[4.256s] -- Installing: /home/ayukine/holy_ws/install/custom_messages/share/custom_messages/srv/ResetOdom_Response.msg
[4.256s] -- Installing: /home/ayukine/holy_ws/install/custom_messages/share/ament_index/resource_index/package_run_dependencies/custom_messages
[4.256s] -- Installing: /home/ayukine/holy_ws/install/custom_messages/share/ament_index/resource_index/parent_prefix_path/custom_messages
[4.256s] -- Installing: /home/ayukine/holy_ws/install/custom_messages/share/custom_messages/environment/ament_prefix_path.sh
[4.256s] -- Installing: /home/ayukine/holy_ws/install/custom_messages/share/custom_messages/environment/ament_prefix_path.dsv
[4.256s] -- Installing: /home/ayukine/holy_ws/install/custom_messages/share/custom_messages/environment/path.sh
[4.257s] -- Installing: /home/ayukine/holy_ws/install/custom_messages/share/custom_messages/environment/path.dsv
[4.257s] -- Installing: /home/ayukine/holy_ws/install/custom_messages/share/custom_messages/local_setup.bash
[4.257s] -- Installing: /home/ayukine/holy_ws/install/custom_messages/share/custom_messages/local_setup.sh
[4.257s] -- Installing: /home/ayukine/holy_ws/install/custom_messages/share/custom_messages/local_setup.zsh
[4.257s] -- Installing: /home/ayukine/holy_ws/install/custom_messages/share/custom_messages/local_setup.dsv
[4.257s] -- Installing: /home/ayukine/holy_ws/install/custom_messages/share/custom_messages/package.dsv
[4.257s] -- Installing: /home/ayukine/holy_ws/install/custom_messages/share/ament_index/resource_index/packages/custom_messages
[4.257s] -- Installing: /home/ayukine/holy_ws/install/custom_messages/share/custom_messages/cmake/export_custom_messages__rosidl_generator_cExport.cmake
[4.257s] -- Installing: /home/ayukine/holy_ws/install/custom_messages/share/custom_messages/cmake/export_custom_messages__rosidl_generator_cExport-noconfig.cmake
[4.257s] -- Installing: /home/ayukine/holy_ws/install/custom_messages/share/custom_messages/cmake/export_custom_messages__rosidl_typesupport_fastrtps_cExport.cmake
[4.257s] -- Installing: /home/ayukine/holy_ws/install/custom_messages/share/custom_messages/cmake/export_custom_messages__rosidl_typesupport_fastrtps_cExport-noconfig.cmake
[4.258s] -- Installing: /home/ayukine/holy_ws/install/custom_messages/share/custom_messages/cmake/export_custom_messages__rosidl_generator_cppExport.cmake
[4.258s] -- Installing: /home/ayukine/holy_ws/install/custom_messages/share/custom_messages/cmake/export_custom_messages__rosidl_typesupport_fastrtps_cppExport.cmake
[4.258s] -- Installing: /home/ayukine/holy_ws/install/custom_messages/share/custom_messages/cmake/export_custom_messages__rosidl_typesupport_fastrtps_cppExport-noconfig.cmake
[4.258s] -- Installing: /home/ayukine/holy_ws/install/custom_messages/share/custom_messages/cmake/custom_messages__rosidl_typesupport_introspection_cExport.cmake
[4.258s] -- Installing: /home/ayukine/holy_ws/install/custom_messages/share/custom_messages/cmake/custom_messages__rosidl_typesupport_introspection_cExport-noconfig.cmake
[4.258s] -- Installing: /home/ayukine/holy_ws/install/custom_messages/share/custom_messages/cmake/custom_messages__rosidl_typesupport_cExport.cmake
[4.258s] -- Installing: /home/ayukine/holy_ws/install/custom_messages/share/custom_messages/cmake/custom_messages__rosidl_typesupport_cExport-noconfig.cmake
[4.258s] -- Installing: /home/ayukine/holy_ws/install/custom_messages/share/custom_messages/cmake/custom_messages__rosidl_typesupport_introspection_cppExport.cmake
[4.258s] -- Installing: /home/ayukine/holy_ws/install/custom_messages/share/custom_messages/cmake/custom_messages__rosidl_typesupport_introspection_cppExport-noconfig.cmake
[4.258s] -- Installing: /home/ayukine/holy_ws/install/custom_messages/share/custom_messages/cmake/custom_messages__rosidl_typesupport_cppExport.cmake
[4.258s] -- Installing: /home/ayukine/holy_ws/install/custom_messages/share/custom_messages/cmake/custom_messages__rosidl_typesupport_cppExport-noconfig.cmake
[4.258s] -- Installing: /home/ayukine/holy_ws/install/custom_messages/share/custom_messages/cmake/export_custom_messages__rosidl_generator_pyExport.cmake
[4.258s] -- Installing: /home/ayukine/holy_ws/install/custom_messages/share/custom_messages/cmake/export_custom_messages__rosidl_generator_pyExport-noconfig.cmake
[4.258s] -- Installing: /home/ayukine/holy_ws/install/custom_messages/share/custom_messages/cmake/rosidl_cmake-extras.cmake
[4.258s] -- Installing: /home/ayukine/holy_ws/install/custom_messages/share/custom_messages/cmake/ament_cmake_export_include_directories-extras.cmake
[4.259s] -- Installing: /home/ayukine/holy_ws/install/custom_messages/share/custom_messages/cmake/ament_cmake_export_libraries-extras.cmake
[4.259s] -- Installing: /home/ayukine/holy_ws/install/custom_messages/share/custom_messages/cmake/ament_cmake_export_targets-extras.cmake
[4.259s] -- Installing: /home/ayukine/holy_ws/install/custom_messages/share/custom_messages/cmake/rosidl_cmake_export_typesupport_targets-extras.cmake
[4.259s] -- Installing: /home/ayukine/holy_ws/install/custom_messages/share/custom_messages/cmake/ament_cmake_export_dependencies-extras.cmake
[4.259s] -- Installing: /home/ayukine/holy_ws/install/custom_messages/share/custom_messages/cmake/rosidl_cmake_export_typesupport_libraries-extras.cmake
[4.259s] -- Installing: /home/ayukine/holy_ws/install/custom_messages/share/custom_messages/cmake/custom_messagesConfig.cmake
[4.259s] -- Installing: /home/ayukine/holy_ws/install/custom_messages/share/custom_messages/cmake/custom_messagesConfig-version.cmake
[4.259s] -- Installing: /home/ayukine/holy_ws/install/custom_messages/share/custom_messages/package.xml
[4.260s] Invoked command in '/home/ayukine/holy_ws/build/custom_messages' returned '0': CMAKE_PREFIX_PATH=/opt/ros/humble /usr/bin/cmake --install /home/ayukine/holy_ws/build/custom_messages
