[0.065s] DEBUG:colcon:Command line arguments: ['/usr/bin/colcon', 'build']
[0.065s] DEBUG:colcon:Parsed command line arguments: Namespace(log_base=None, log_level=None, verb_name='build', build_base='build', install_base='install', merge_install=False, symlink_install=False, test_result_base=None, continue_on_error=False, executor='parallel', parallel_workers=16, event_handlers=None, ignore_user_meta=False, metas=['./colcon.meta'], base_paths=['.'], packages_ignore=None, packages_ignore_regex=None, paths=None, packages_up_to=None, packages_up_to_regex=None, packages_above=None, packages_above_and_dependencies=None, packages_above_depth=None, packages_select_by_dep=None, packages_skip_by_dep=None, packages_skip_up_to=None, packages_select_build_failed=False, packages_skip_build_finished=False, packages_select_test_failures=False, packages_skip_test_passed=False, packages_select=None, packages_skip=None, packages_select_regex=None, packages_skip_regex=None, packages_start=None, packages_end=None, allow_overriding=[], cmake_args=None, cmake_target=None, cmake_target_skip_unavailable=False, cmake_clean_cache=False, cmake_clean_first=False, cmake_force_configure=False, ament_cmake_args=None, catkin_cmake_args=None, catkin_skip_building_tests=False, mixin_files=None, mixin=None, verb_parser=<colcon_mixin.mixin.mixin_argument.MixinArgumentDecorator object at 0x7b2db7072380>, verb_extension=<colcon_core.verb.build.BuildVerb object at 0x7b2db71579a0>, main=<bound method BuildVerb.main of <colcon_core.verb.build.BuildVerb object at 0x7b2db71579a0>>, mixin_verb=('build',))
[0.159s] Level 1:colcon.colcon_core.package_discovery:discover_packages(colcon_meta) check parameters
[0.159s] Level 1:colcon.colcon_core.package_discovery:discover_packages(recursive) check parameters
[0.159s] Level 1:colcon.colcon_core.package_discovery:discover_packages(ignore) check parameters
[0.159s] Level 1:colcon.colcon_core.package_discovery:discover_packages(path) check parameters
[0.159s] Level 1:colcon.colcon_core.package_discovery:discover_packages(colcon_meta) discover
[0.159s] Level 1:colcon.colcon_core.package_discovery:discover_packages(recursive) discover
[0.159s] INFO:colcon.colcon_core.package_discovery:Crawling recursively for packages in '/home/ayukine/holy_ws'
[0.159s] Level 1:colcon.colcon_core.package_identification:_identify(.) by extensions ['ignore', 'ignore_ament_install']
[0.159s] Level 1:colcon.colcon_core.package_identification:_identify(.) by extension 'ignore'
[0.159s] Level 1:colcon.colcon_core.package_identification:_identify(.) by extension 'ignore_ament_install'
[0.159s] Level 1:colcon.colcon_core.package_identification:_identify(.) by extensions ['colcon_pkg']
[0.159s] Level 1:colcon.colcon_core.package_identification:_identify(.) by extension 'colcon_pkg'
[0.159s] Level 1:colcon.colcon_core.package_identification:_identify(.) by extensions ['colcon_meta']
[0.159s] Level 1:colcon.colcon_core.package_identification:_identify(.) by extension 'colcon_meta'
[0.159s] Level 1:colcon.colcon_core.package_identification:_identify(.) by extensions ['ros']
[0.159s] Level 1:colcon.colcon_core.package_identification:_identify(.) by extension 'ros'
[0.166s] Level 1:colcon.colcon_core.package_identification:_identify(.) by extensions ['cmake', 'python']
[0.166s] Level 1:colcon.colcon_core.package_identification:_identify(.) by extension 'cmake'
[0.167s] Level 1:colcon.colcon_core.package_identification:_identify(.) by extension 'python'
[0.167s] Level 1:colcon.colcon_core.package_identification:_identify(.) by extensions ['python_setup_py']
[0.167s] Level 1:colcon.colcon_core.package_identification:_identify(.) by extension 'python_setup_py'
[0.167s] Level 1:colcon.colcon_core.package_identification:_identify(build) by extensions ['ignore', 'ignore_ament_install']
[0.167s] Level 1:colcon.colcon_core.package_identification:_identify(build) by extension 'ignore'
[0.167s] Level 1:colcon.colcon_core.package_identification:_identify(build) ignored
[0.167s] Level 1:colcon.colcon_core.package_identification:_identify(install) by extensions ['ignore', 'ignore_ament_install']
[0.167s] Level 1:colcon.colcon_core.package_identification:_identify(install) by extension 'ignore'
[0.167s] Level 1:colcon.colcon_core.package_identification:_identify(install) ignored
[0.167s] Level 1:colcon.colcon_core.package_identification:_identify(log) by extensions ['ignore', 'ignore_ament_install']
[0.167s] Level 1:colcon.colcon_core.package_identification:_identify(log) by extension 'ignore'
[0.167s] Level 1:colcon.colcon_core.package_identification:_identify(log) ignored
[0.167s] Level 1:colcon.colcon_core.package_identification:_identify(src) by extensions ['ignore', 'ignore_ament_install']
[0.167s] Level 1:colcon.colcon_core.package_identification:_identify(src) by extension 'ignore'
[0.167s] Level 1:colcon.colcon_core.package_identification:_identify(src) by extension 'ignore_ament_install'
[0.167s] Level 1:colcon.colcon_core.package_identification:_identify(src) by extensions ['colcon_pkg']
[0.167s] Level 1:colcon.colcon_core.package_identification:_identify(src) by extension 'colcon_pkg'
[0.167s] Level 1:colcon.colcon_core.package_identification:_identify(src) by extensions ['colcon_meta']
[0.167s] Level 1:colcon.colcon_core.package_identification:_identify(src) by extension 'colcon_meta'
[0.167s] Level 1:colcon.colcon_core.package_identification:_identify(src) by extensions ['ros']
[0.167s] Level 1:colcon.colcon_core.package_identification:_identify(src) by extension 'ros'
[0.167s] Level 1:colcon.colcon_core.package_identification:_identify(src) by extensions ['cmake', 'python']
[0.167s] Level 1:colcon.colcon_core.package_identification:_identify(src) by extension 'cmake'
[0.167s] Level 1:colcon.colcon_core.package_identification:_identify(src) by extension 'python'
[0.167s] Level 1:colcon.colcon_core.package_identification:_identify(src) by extensions ['python_setup_py']
[0.167s] Level 1:colcon.colcon_core.package_identification:_identify(src) by extension 'python_setup_py'
[0.167s] Level 1:colcon.colcon_core.package_identification:_identify(src/bot_controller) by extensions ['ignore', 'ignore_ament_install']
[0.167s] Level 1:colcon.colcon_core.package_identification:_identify(src/bot_controller) by extension 'ignore'
[0.167s] Level 1:colcon.colcon_core.package_identification:_identify(src/bot_controller) by extension 'ignore_ament_install'
[0.167s] Level 1:colcon.colcon_core.package_identification:_identify(src/bot_controller) by extensions ['colcon_pkg']
[0.167s] Level 1:colcon.colcon_core.package_identification:_identify(src/bot_controller) by extension 'colcon_pkg'
[0.167s] Level 1:colcon.colcon_core.package_identification:_identify(src/bot_controller) by extensions ['colcon_meta']
[0.167s] Level 1:colcon.colcon_core.package_identification:_identify(src/bot_controller) by extension 'colcon_meta'
[0.168s] Level 1:colcon.colcon_core.package_identification:_identify(src/bot_controller) by extensions ['ros']
[0.168s] Level 1:colcon.colcon_core.package_identification:_identify(src/bot_controller) by extension 'ros'
[0.169s] DEBUG:colcon.colcon_core.package_identification:Package 'src/bot_controller' with type 'ros.ament_python' and name 'bot_controller'
[0.169s] Level 1:colcon.colcon_core.package_identification:_identify(src/can_motor) by extensions ['ignore', 'ignore_ament_install']
[0.169s] Level 1:colcon.colcon_core.package_identification:_identify(src/can_motor) by extension 'ignore'
[0.169s] Level 1:colcon.colcon_core.package_identification:_identify(src/can_motor) by extension 'ignore_ament_install'
[0.169s] Level 1:colcon.colcon_core.package_identification:_identify(src/can_motor) by extensions ['colcon_pkg']
[0.169s] Level 1:colcon.colcon_core.package_identification:_identify(src/can_motor) by extension 'colcon_pkg'
[0.169s] Level 1:colcon.colcon_core.package_identification:_identify(src/can_motor) by extensions ['colcon_meta']
[0.169s] Level 1:colcon.colcon_core.package_identification:_identify(src/can_motor) by extension 'colcon_meta'
[0.169s] Level 1:colcon.colcon_core.package_identification:_identify(src/can_motor) by extensions ['ros']
[0.169s] Level 1:colcon.colcon_core.package_identification:_identify(src/can_motor) by extension 'ros'
[0.170s] DEBUG:colcon.colcon_core.package_identification:Package 'src/can_motor' with type 'ros.ament_python' and name 'can_motor'
[0.170s] Level 1:colcon.colcon_core.package_identification:_identify(src/custom_messages) by extensions ['ignore', 'ignore_ament_install']
[0.170s] Level 1:colcon.colcon_core.package_identification:_identify(src/custom_messages) by extension 'ignore'
[0.170s] Level 1:colcon.colcon_core.package_identification:_identify(src/custom_messages) by extension 'ignore_ament_install'
[0.170s] Level 1:colcon.colcon_core.package_identification:_identify(src/custom_messages) by extensions ['colcon_pkg']
[0.170s] Level 1:colcon.colcon_core.package_identification:_identify(src/custom_messages) by extension 'colcon_pkg'
[0.170s] Level 1:colcon.colcon_core.package_identification:_identify(src/custom_messages) by extensions ['colcon_meta']
[0.170s] Level 1:colcon.colcon_core.package_identification:_identify(src/custom_messages) by extension 'colcon_meta'
[0.170s] Level 1:colcon.colcon_core.package_identification:_identify(src/custom_messages) by extensions ['ros']
[0.170s] Level 1:colcon.colcon_core.package_identification:_identify(src/custom_messages) by extension 'ros'
[0.171s] DEBUG:colcon.colcon_core.package_identification:Package 'src/custom_messages' with type 'ros.ament_cmake' and name 'custom_messages'
[0.171s] Level 1:colcon.colcon_core.package_identification:_identify(src/ds4_driver) by extensions ['ignore', 'ignore_ament_install']
[0.171s] Level 1:colcon.colcon_core.package_identification:_identify(src/ds4_driver) by extension 'ignore'
[0.171s] Level 1:colcon.colcon_core.package_identification:_identify(src/ds4_driver) by extension 'ignore_ament_install'
[0.171s] Level 1:colcon.colcon_core.package_identification:_identify(src/ds4_driver) by extensions ['colcon_pkg']
[0.171s] Level 1:colcon.colcon_core.package_identification:_identify(src/ds4_driver) by extension 'colcon_pkg'
[0.171s] Level 1:colcon.colcon_core.package_identification:_identify(src/ds4_driver) by extensions ['colcon_meta']
[0.171s] Level 1:colcon.colcon_core.package_identification:_identify(src/ds4_driver) by extension 'colcon_meta'
[0.171s] Level 1:colcon.colcon_core.package_identification:_identify(src/ds4_driver) by extensions ['ros']
[0.171s] Level 1:colcon.colcon_core.package_identification:_identify(src/ds4_driver) by extension 'ros'
[0.171s] Level 1:colcon.colcon_core.package_identification:_identify(src/ds4_driver) by extensions ['cmake', 'python']
[0.171s] Level 1:colcon.colcon_core.package_identification:_identify(src/ds4_driver) by extension 'cmake'
[0.171s] Level 1:colcon.colcon_core.package_identification:_identify(src/ds4_driver) by extension 'python'
[0.171s] Level 1:colcon.colcon_core.package_identification:_identify(src/ds4_driver) by extensions ['python_setup_py']
[0.171s] Level 1:colcon.colcon_core.package_identification:_identify(src/ds4_driver) by extension 'python_setup_py'
[0.171s] Level 1:colcon.colcon_core.package_identification:_identify(src/ds4_driver/docker) by extensions ['ignore', 'ignore_ament_install']
[0.171s] Level 1:colcon.colcon_core.package_identification:_identify(src/ds4_driver/docker) by extension 'ignore'
[0.171s] Level 1:colcon.colcon_core.package_identification:_identify(src/ds4_driver/docker) by extension 'ignore_ament_install'
[0.171s] Level 1:colcon.colcon_core.package_identification:_identify(src/ds4_driver/docker) by extensions ['colcon_pkg']
[0.171s] Level 1:colcon.colcon_core.package_identification:_identify(src/ds4_driver/docker) by extension 'colcon_pkg'
[0.171s] Level 1:colcon.colcon_core.package_identification:_identify(src/ds4_driver/docker) by extensions ['colcon_meta']
[0.171s] Level 1:colcon.colcon_core.package_identification:_identify(src/ds4_driver/docker) by extension 'colcon_meta'
[0.171s] Level 1:colcon.colcon_core.package_identification:_identify(src/ds4_driver/docker) by extensions ['ros']
[0.171s] Level 1:colcon.colcon_core.package_identification:_identify(src/ds4_driver/docker) by extension 'ros'
[0.171s] Level 1:colcon.colcon_core.package_identification:_identify(src/ds4_driver/docker) by extensions ['cmake', 'python']
[0.171s] Level 1:colcon.colcon_core.package_identification:_identify(src/ds4_driver/docker) by extension 'cmake'
[0.171s] Level 1:colcon.colcon_core.package_identification:_identify(src/ds4_driver/docker) by extension 'python'
[0.171s] Level 1:colcon.colcon_core.package_identification:_identify(src/ds4_driver/docker) by extensions ['python_setup_py']
[0.171s] Level 1:colcon.colcon_core.package_identification:_identify(src/ds4_driver/docker) by extension 'python_setup_py'
[0.171s] Level 1:colcon.colcon_core.package_identification:_identify(src/ds4_driver/ds4_driver) by extensions ['ignore', 'ignore_ament_install']
[0.171s] Level 1:colcon.colcon_core.package_identification:_identify(src/ds4_driver/ds4_driver) by extension 'ignore'
[0.171s] Level 1:colcon.colcon_core.package_identification:_identify(src/ds4_driver/ds4_driver) by extension 'ignore_ament_install'
[0.171s] Level 1:colcon.colcon_core.package_identification:_identify(src/ds4_driver/ds4_driver) by extensions ['colcon_pkg']
[0.171s] Level 1:colcon.colcon_core.package_identification:_identify(src/ds4_driver/ds4_driver) by extension 'colcon_pkg'
[0.171s] Level 1:colcon.colcon_core.package_identification:_identify(src/ds4_driver/ds4_driver) by extensions ['colcon_meta']
[0.171s] Level 1:colcon.colcon_core.package_identification:_identify(src/ds4_driver/ds4_driver) by extension 'colcon_meta'
[0.171s] Level 1:colcon.colcon_core.package_identification:_identify(src/ds4_driver/ds4_driver) by extensions ['ros']
[0.171s] Level 1:colcon.colcon_core.package_identification:_identify(src/ds4_driver/ds4_driver) by extension 'ros'
[0.172s] DEBUG:colcon.colcon_core.package_identification:Package 'src/ds4_driver/ds4_driver' with type 'ros.ament_cmake' and name 'ds4_driver'
[0.172s] Level 1:colcon.colcon_core.package_identification:_identify(src/ds4_driver/ds4_driver_msgs) by extensions ['ignore', 'ignore_ament_install']
[0.172s] Level 1:colcon.colcon_core.package_identification:_identify(src/ds4_driver/ds4_driver_msgs) by extension 'ignore'
[0.172s] Level 1:colcon.colcon_core.package_identification:_identify(src/ds4_driver/ds4_driver_msgs) by extension 'ignore_ament_install'
[0.172s] Level 1:colcon.colcon_core.package_identification:_identify(src/ds4_driver/ds4_driver_msgs) by extensions ['colcon_pkg']
[0.172s] Level 1:colcon.colcon_core.package_identification:_identify(src/ds4_driver/ds4_driver_msgs) by extension 'colcon_pkg'
[0.172s] Level 1:colcon.colcon_core.package_identification:_identify(src/ds4_driver/ds4_driver_msgs) by extensions ['colcon_meta']
[0.172s] Level 1:colcon.colcon_core.package_identification:_identify(src/ds4_driver/ds4_driver_msgs) by extension 'colcon_meta'
[0.172s] Level 1:colcon.colcon_core.package_identification:_identify(src/ds4_driver/ds4_driver_msgs) by extensions ['ros']
[0.172s] Level 1:colcon.colcon_core.package_identification:_identify(src/ds4_driver/ds4_driver_msgs) by extension 'ros'
[0.173s] DEBUG:colcon.colcon_core.package_identification:Package 'src/ds4_driver/ds4_driver_msgs' with type 'ros.ament_cmake' and name 'ds4_driver_msgs'
[0.173s] Level 1:colcon.colcon_core.package_discovery:discover_packages(recursive) using defaults
[0.173s] Level 1:colcon.colcon_core.package_discovery:discover_packages(ignore) discover
[0.173s] Level 1:colcon.colcon_core.package_discovery:discover_packages(ignore) using defaults
[0.173s] Level 1:colcon.colcon_core.package_discovery:discover_packages(path) discover
[0.173s] Level 1:colcon.colcon_core.package_discovery:discover_packages(path) using defaults
[0.191s] Level 1:colcon.colcon_core.package_discovery:discover_packages(prefix_path) check parameters
[0.191s] Level 1:colcon.colcon_core.package_discovery:discover_packages(prefix_path) discover
[0.193s] DEBUG:colcon.colcon_installed_package_information.package_discovery:Found 270 installed packages in /opt/ros/humble
[0.193s] Level 1:colcon.colcon_core.package_discovery:discover_packages(prefix_path) using defaults
[0.213s] Level 5:colcon.colcon_core.verb:set package 'custom_messages' build argument 'cmake_args' from command line to 'None'
[0.213s] Level 5:colcon.colcon_core.verb:set package 'custom_messages' build argument 'cmake_target' from command line to 'None'
[0.213s] Level 5:colcon.colcon_core.verb:set package 'custom_messages' build argument 'cmake_target_skip_unavailable' from command line to 'False'
[0.213s] Level 5:colcon.colcon_core.verb:set package 'custom_messages' build argument 'cmake_clean_cache' from command line to 'False'
[0.213s] Level 5:colcon.colcon_core.verb:set package 'custom_messages' build argument 'cmake_clean_first' from command line to 'False'
[0.213s] Level 5:colcon.colcon_core.verb:set package 'custom_messages' build argument 'cmake_force_configure' from command line to 'False'
[0.213s] Level 5:colcon.colcon_core.verb:set package 'custom_messages' build argument 'ament_cmake_args' from command line to 'None'
[0.213s] Level 5:colcon.colcon_core.verb:set package 'custom_messages' build argument 'catkin_cmake_args' from command line to 'None'
[0.213s] Level 5:colcon.colcon_core.verb:set package 'custom_messages' build argument 'catkin_skip_building_tests' from command line to 'False'
[0.213s] DEBUG:colcon.colcon_core.verb:Building package 'custom_messages' with the following arguments: {'ament_cmake_args': None, 'build_base': '/home/ayukine/holy_ws/build/custom_messages', 'catkin_cmake_args': None, 'catkin_skip_building_tests': False, 'cmake_args': None, 'cmake_clean_cache': False, 'cmake_clean_first': False, 'cmake_force_configure': False, 'cmake_target': None, 'cmake_target_skip_unavailable': False, 'install_base': '/home/ayukine/holy_ws/install/custom_messages', 'merge_install': False, 'path': '/home/ayukine/holy_ws/src/custom_messages', 'symlink_install': False, 'test_result_base': None}
[0.214s] Level 5:colcon.colcon_core.verb:set package 'ds4_driver_msgs' build argument 'cmake_args' from command line to 'None'
[0.214s] Level 5:colcon.colcon_core.verb:set package 'ds4_driver_msgs' build argument 'cmake_target' from command line to 'None'
[0.214s] Level 5:colcon.colcon_core.verb:set package 'ds4_driver_msgs' build argument 'cmake_target_skip_unavailable' from command line to 'False'
[0.214s] Level 5:colcon.colcon_core.verb:set package 'ds4_driver_msgs' build argument 'cmake_clean_cache' from command line to 'False'
[0.214s] Level 5:colcon.colcon_core.verb:set package 'ds4_driver_msgs' build argument 'cmake_clean_first' from command line to 'False'
[0.214s] Level 5:colcon.colcon_core.verb:set package 'ds4_driver_msgs' build argument 'cmake_force_configure' from command line to 'False'
[0.214s] Level 5:colcon.colcon_core.verb:set package 'ds4_driver_msgs' build argument 'ament_cmake_args' from command line to 'None'
[0.214s] Level 5:colcon.colcon_core.verb:set package 'ds4_driver_msgs' build argument 'catkin_cmake_args' from command line to 'None'
[0.214s] Level 5:colcon.colcon_core.verb:set package 'ds4_driver_msgs' build argument 'catkin_skip_building_tests' from command line to 'False'
[0.214s] DEBUG:colcon.colcon_core.verb:Building package 'ds4_driver_msgs' with the following arguments: {'ament_cmake_args': None, 'build_base': '/home/ayukine/holy_ws/build/ds4_driver_msgs', 'catkin_cmake_args': None, 'catkin_skip_building_tests': False, 'cmake_args': None, 'cmake_clean_cache': False, 'cmake_clean_first': False, 'cmake_force_configure': False, 'cmake_target': None, 'cmake_target_skip_unavailable': False, 'install_base': '/home/ayukine/holy_ws/install/ds4_driver_msgs', 'merge_install': False, 'path': '/home/ayukine/holy_ws/src/ds4_driver/ds4_driver_msgs', 'symlink_install': False, 'test_result_base': None}
[0.214s] Level 5:colcon.colcon_core.verb:set package 'bot_controller' build argument 'cmake_args' from command line to 'None'
[0.214s] Level 5:colcon.colcon_core.verb:set package 'bot_controller' build argument 'cmake_target' from command line to 'None'
[0.214s] Level 5:colcon.colcon_core.verb:set package 'bot_controller' build argument 'cmake_target_skip_unavailable' from command line to 'False'
[0.214s] Level 5:colcon.colcon_core.verb:set package 'bot_controller' build argument 'cmake_clean_cache' from command line to 'False'
[0.214s] Level 5:colcon.colcon_core.verb:set package 'bot_controller' build argument 'cmake_clean_first' from command line to 'False'
[0.214s] Level 5:colcon.colcon_core.verb:set package 'bot_controller' build argument 'cmake_force_configure' from command line to 'False'
[0.214s] Level 5:colcon.colcon_core.verb:set package 'bot_controller' build argument 'ament_cmake_args' from command line to 'None'
[0.214s] Level 5:colcon.colcon_core.verb:set package 'bot_controller' build argument 'catkin_cmake_args' from command line to 'None'
[0.214s] Level 5:colcon.colcon_core.verb:set package 'bot_controller' build argument 'catkin_skip_building_tests' from command line to 'False'
[0.214s] DEBUG:colcon.colcon_core.verb:Building package 'bot_controller' with the following arguments: {'ament_cmake_args': None, 'build_base': '/home/ayukine/holy_ws/build/bot_controller', 'catkin_cmake_args': None, 'catkin_skip_building_tests': False, 'cmake_args': None, 'cmake_clean_cache': False, 'cmake_clean_first': False, 'cmake_force_configure': False, 'cmake_target': None, 'cmake_target_skip_unavailable': False, 'install_base': '/home/ayukine/holy_ws/install/bot_controller', 'merge_install': False, 'path': '/home/ayukine/holy_ws/src/bot_controller', 'symlink_install': False, 'test_result_base': None}
[0.214s] Level 5:colcon.colcon_core.verb:set package 'can_motor' build argument 'cmake_args' from command line to 'None'
[0.214s] Level 5:colcon.colcon_core.verb:set package 'can_motor' build argument 'cmake_target' from command line to 'None'
[0.214s] Level 5:colcon.colcon_core.verb:set package 'can_motor' build argument 'cmake_target_skip_unavailable' from command line to 'False'
[0.214s] Level 5:colcon.colcon_core.verb:set package 'can_motor' build argument 'cmake_clean_cache' from command line to 'False'
[0.214s] Level 5:colcon.colcon_core.verb:set package 'can_motor' build argument 'cmake_clean_first' from command line to 'False'
[0.214s] Level 5:colcon.colcon_core.verb:set package 'can_motor' build argument 'cmake_force_configure' from command line to 'False'
[0.214s] Level 5:colcon.colcon_core.verb:set package 'can_motor' build argument 'ament_cmake_args' from command line to 'None'
[0.214s] Level 5:colcon.colcon_core.verb:set package 'can_motor' build argument 'catkin_cmake_args' from command line to 'None'
[0.214s] Level 5:colcon.colcon_core.verb:set package 'can_motor' build argument 'catkin_skip_building_tests' from command line to 'False'
[0.214s] DEBUG:colcon.colcon_core.verb:Building package 'can_motor' with the following arguments: {'ament_cmake_args': None, 'build_base': '/home/ayukine/holy_ws/build/can_motor', 'catkin_cmake_args': None, 'catkin_skip_building_tests': False, 'cmake_args': None, 'cmake_clean_cache': False, 'cmake_clean_first': False, 'cmake_force_configure': False, 'cmake_target': None, 'cmake_target_skip_unavailable': False, 'install_base': '/home/ayukine/holy_ws/install/can_motor', 'merge_install': False, 'path': '/home/ayukine/holy_ws/src/can_motor', 'symlink_install': False, 'test_result_base': None}
[0.215s] Level 5:colcon.colcon_core.verb:set package 'ds4_driver' build argument 'cmake_args' from command line to 'None'
[0.215s] Level 5:colcon.colcon_core.verb:set package 'ds4_driver' build argument 'cmake_target' from command line to 'None'
[0.215s] Level 5:colcon.colcon_core.verb:set package 'ds4_driver' build argument 'cmake_target_skip_unavailable' from command line to 'False'
[0.215s] Level 5:colcon.colcon_core.verb:set package 'ds4_driver' build argument 'cmake_clean_cache' from command line to 'False'
[0.215s] Level 5:colcon.colcon_core.verb:set package 'ds4_driver' build argument 'cmake_clean_first' from command line to 'False'
[0.215s] Level 5:colcon.colcon_core.verb:set package 'ds4_driver' build argument 'cmake_force_configure' from command line to 'False'
[0.215s] Level 5:colcon.colcon_core.verb:set package 'ds4_driver' build argument 'ament_cmake_args' from command line to 'None'
[0.215s] Level 5:colcon.colcon_core.verb:set package 'ds4_driver' build argument 'catkin_cmake_args' from command line to 'None'
[0.215s] Level 5:colcon.colcon_core.verb:set package 'ds4_driver' build argument 'catkin_skip_building_tests' from command line to 'False'
[0.215s] DEBUG:colcon.colcon_core.verb:Building package 'ds4_driver' with the following arguments: {'ament_cmake_args': None, 'build_base': '/home/ayukine/holy_ws/build/ds4_driver', 'catkin_cmake_args': None, 'catkin_skip_building_tests': False, 'cmake_args': None, 'cmake_clean_cache': False, 'cmake_clean_first': False, 'cmake_force_configure': False, 'cmake_target': None, 'cmake_target_skip_unavailable': False, 'install_base': '/home/ayukine/holy_ws/install/ds4_driver', 'merge_install': False, 'path': '/home/ayukine/holy_ws/src/ds4_driver/ds4_driver', 'symlink_install': False, 'test_result_base': None}
[0.215s] INFO:colcon.colcon_core.executor:Executing jobs using 'parallel' executor
[0.216s] DEBUG:colcon.colcon_parallel_executor.executor.parallel:run_until_complete
[0.216s] INFO:colcon.colcon_ros.task.ament_cmake.build:Building ROS package in '/home/ayukine/holy_ws/src/custom_messages' with build type 'ament_cmake'
[0.216s] INFO:colcon.colcon_cmake.task.cmake.build:Building CMake package in '/home/ayukine/holy_ws/src/custom_messages'
[0.217s] INFO:colcon.colcon_core.plugin_system:Skipping extension 'colcon_core.shell.bat': Not used on non-Windows systems
[0.217s] INFO:colcon.colcon_core.shell:Skip shell extension 'powershell' for command environment: Not usable outside of PowerShell
[0.217s] DEBUG:colcon.colcon_core.shell:Skip shell extension 'dsv' for command environment
[0.219s] INFO:colcon.colcon_ros.task.ament_cmake.build:Building ROS package in '/home/ayukine/holy_ws/src/ds4_driver/ds4_driver_msgs' with build type 'ament_cmake'
[0.219s] INFO:colcon.colcon_cmake.task.cmake.build:Building CMake package in '/home/ayukine/holy_ws/src/ds4_driver/ds4_driver_msgs'
[0.219s] INFO:colcon.colcon_core.shell:Skip shell extension 'powershell' for command environment: Not usable outside of PowerShell
[0.219s] DEBUG:colcon.colcon_core.shell:Skip shell extension 'dsv' for command environment
[0.223s] DEBUG:colcon.colcon_core.event_handler.log_command:Invoking command in '/home/ayukine/holy_ws/build/custom_messages': CMAKE_PREFIX_PATH=/opt/ros/humble /usr/bin/cmake /home/ayukine/holy_ws/src/custom_messages -DCMAKE_INSTALL_PREFIX=/home/ayukine/holy_ws/install/custom_messages
[0.226s] DEBUG:colcon.colcon_core.event_handler.log_command:Invoking command in '/home/ayukine/holy_ws/build/ds4_driver_msgs': CMAKE_PREFIX_PATH=/opt/ros/humble /usr/bin/cmake /home/ayukine/holy_ws/src/ds4_driver/ds4_driver_msgs -DCMAKE_INSTALL_PREFIX=/home/ayukine/holy_ws/install/ds4_driver_msgs
[1.193s] DEBUG:colcon.colcon_core.event_handler.log_command:Invoked command in '/home/ayukine/holy_ws/build/custom_messages' returned '0': CMAKE_PREFIX_PATH=/opt/ros/humble /usr/bin/cmake /home/ayukine/holy_ws/src/custom_messages -DCMAKE_INSTALL_PREFIX=/home/ayukine/holy_ws/install/custom_messages
[1.194s] DEBUG:colcon.colcon_core.event_handler.log_command:Invoking command in '/home/ayukine/holy_ws/build/custom_messages': CMAKE_PREFIX_PATH=/opt/ros/humble /usr/bin/cmake --build /home/ayukine/holy_ws/build/custom_messages -- -j16 -l16
[1.498s] DEBUG:colcon.colcon_core.event_handler.log_command:Invoked command in '/home/ayukine/holy_ws/build/ds4_driver_msgs' returned '0': CMAKE_PREFIX_PATH=/opt/ros/humble /usr/bin/cmake /home/ayukine/holy_ws/src/ds4_driver/ds4_driver_msgs -DCMAKE_INSTALL_PREFIX=/home/ayukine/holy_ws/install/ds4_driver_msgs
[1.498s] DEBUG:colcon.colcon_core.event_handler.log_command:Invoking command in '/home/ayukine/holy_ws/build/ds4_driver_msgs': CMAKE_PREFIX_PATH=/opt/ros/humble /usr/bin/cmake --build /home/ayukine/holy_ws/build/ds4_driver_msgs -- -j16 -l16
[4.314s] DEBUG:colcon.colcon_core.event_handler.log_command:Invoked command in '/home/ayukine/holy_ws/build/custom_messages' returned '0': CMAKE_PREFIX_PATH=/opt/ros/humble /usr/bin/cmake --build /home/ayukine/holy_ws/build/custom_messages -- -j16 -l16
[4.425s] DEBUG:colcon.colcon_core.event_handler.log_command:Invoking command in '/home/ayukine/holy_ws/build/custom_messages': CMAKE_PREFIX_PATH=/opt/ros/humble /usr/bin/cmake --install /home/ayukine/holy_ws/build/custom_messages
[4.477s] Level 1:colcon.colcon_core.environment:create_environment_scripts_only(custom_messages)
[4.477s] DEBUG:colcon.colcon_core.event_handler.log_command:Invoked command in '/home/ayukine/holy_ws/build/custom_messages' returned '0': CMAKE_PREFIX_PATH=/opt/ros/humble /usr/bin/cmake --install /home/ayukine/holy_ws/build/custom_messages
[4.478s] Level 1:colcon.colcon_core.environment:checking '/home/ayukine/holy_ws/install/custom_messages' for CMake module files
[4.479s] Level 1:colcon.colcon_core.environment:checking '/home/ayukine/holy_ws/install/custom_messages' for CMake config files
[4.479s] Level 1:colcon.colcon_core.shell:create_environment_hook('custom_messages', 'cmake_prefix_path')
[4.479s] INFO:colcon.colcon_core.shell:Creating environment hook '/home/ayukine/holy_ws/install/custom_messages/share/custom_messages/hook/cmake_prefix_path.ps1'
[4.479s] INFO:colcon.colcon_core.shell:Creating environment descriptor '/home/ayukine/holy_ws/install/custom_messages/share/custom_messages/hook/cmake_prefix_path.dsv'
[4.479s] INFO:colcon.colcon_core.shell:Creating environment hook '/home/ayukine/holy_ws/install/custom_messages/share/custom_messages/hook/cmake_prefix_path.sh'
[4.480s] Level 1:colcon.colcon_core.environment:checking '/home/ayukine/holy_ws/install/custom_messages/lib'
[4.480s] Level 1:colcon.colcon_core.shell:create_environment_hook('custom_messages', 'ld_library_path_lib')
[4.480s] INFO:colcon.colcon_core.shell:Creating environment hook '/home/ayukine/holy_ws/install/custom_messages/share/custom_messages/hook/ld_library_path_lib.ps1'
[4.480s] INFO:colcon.colcon_core.shell:Creating environment descriptor '/home/ayukine/holy_ws/install/custom_messages/share/custom_messages/hook/ld_library_path_lib.dsv'
[4.480s] INFO:colcon.colcon_core.shell:Creating environment hook '/home/ayukine/holy_ws/install/custom_messages/share/custom_messages/hook/ld_library_path_lib.sh'
[4.480s] Level 1:colcon.colcon_core.environment:checking '/home/ayukine/holy_ws/install/custom_messages/bin'
[4.481s] Level 1:colcon.colcon_core.environment:checking '/home/ayukine/holy_ws/install/custom_messages/lib/pkgconfig/custom_messages.pc'
[4.481s] Level 1:colcon.colcon_core.environment:checking '/home/ayukine/holy_ws/install/custom_messages/lib/python3.10/site-packages'
[4.481s] Level 1:colcon.colcon_core.environment:checking '/home/ayukine/holy_ws/install/custom_messages/bin'
[4.481s] INFO:colcon.colcon_core.shell:Creating package script '/home/ayukine/holy_ws/install/custom_messages/share/custom_messages/package.ps1'
[4.481s] INFO:colcon.colcon_core.shell:Creating package descriptor '/home/ayukine/holy_ws/install/custom_messages/share/custom_messages/package.dsv'
[4.482s] INFO:colcon.colcon_core.shell:Creating package script '/home/ayukine/holy_ws/install/custom_messages/share/custom_messages/package.sh'
[4.482s] INFO:colcon.colcon_core.shell:Creating package script '/home/ayukine/holy_ws/install/custom_messages/share/custom_messages/package.bash'
[4.482s] INFO:colcon.colcon_core.shell:Creating package script '/home/ayukine/holy_ws/install/custom_messages/share/custom_messages/package.zsh'
[4.483s] Level 1:colcon.colcon_core.environment:create_file_with_runtime_dependencies(/home/ayukine/holy_ws/install/custom_messages/share/colcon-core/packages/custom_messages)
[4.587s] Level 1:colcon.colcon_core.environment:create_environment_scripts_only(custom_messages)
[4.587s] Level 1:colcon.colcon_core.environment:checking '/home/ayukine/holy_ws/install/custom_messages' for CMake module files
[4.587s] Level 1:colcon.colcon_core.environment:checking '/home/ayukine/holy_ws/install/custom_messages' for CMake config files
[4.587s] Level 1:colcon.colcon_core.shell:create_environment_hook('custom_messages', 'cmake_prefix_path')
[4.588s] INFO:colcon.colcon_core.shell:Creating environment hook '/home/ayukine/holy_ws/install/custom_messages/share/custom_messages/hook/cmake_prefix_path.ps1'
[4.588s] INFO:colcon.colcon_core.shell:Creating environment descriptor '/home/ayukine/holy_ws/install/custom_messages/share/custom_messages/hook/cmake_prefix_path.dsv'
[4.588s] INFO:colcon.colcon_core.shell:Creating environment hook '/home/ayukine/holy_ws/install/custom_messages/share/custom_messages/hook/cmake_prefix_path.sh'
[4.588s] Level 1:colcon.colcon_core.environment:checking '/home/ayukine/holy_ws/install/custom_messages/lib'
[4.588s] Level 1:colcon.colcon_core.shell:create_environment_hook('custom_messages', 'ld_library_path_lib')
[4.588s] INFO:colcon.colcon_core.shell:Creating environment hook '/home/ayukine/holy_ws/install/custom_messages/share/custom_messages/hook/ld_library_path_lib.ps1'
[4.589s] INFO:colcon.colcon_core.shell:Creating environment descriptor '/home/ayukine/holy_ws/install/custom_messages/share/custom_messages/hook/ld_library_path_lib.dsv'
[4.589s] INFO:colcon.colcon_core.shell:Creating environment hook '/home/ayukine/holy_ws/install/custom_messages/share/custom_messages/hook/ld_library_path_lib.sh'
[4.589s] Level 1:colcon.colcon_core.environment:checking '/home/ayukine/holy_ws/install/custom_messages/bin'
[4.589s] Level 1:colcon.colcon_core.environment:checking '/home/ayukine/holy_ws/install/custom_messages/lib/pkgconfig/custom_messages.pc'
[4.589s] Level 1:colcon.colcon_core.environment:checking '/home/ayukine/holy_ws/install/custom_messages/lib/python3.10/site-packages'
[4.589s] Level 1:colcon.colcon_core.environment:checking '/home/ayukine/holy_ws/install/custom_messages/bin'
[4.589s] INFO:colcon.colcon_core.shell:Creating package script '/home/ayukine/holy_ws/install/custom_messages/share/custom_messages/package.ps1'
[4.590s] INFO:colcon.colcon_core.shell:Creating package descriptor '/home/ayukine/holy_ws/install/custom_messages/share/custom_messages/package.dsv'
[4.590s] INFO:colcon.colcon_core.shell:Creating package script '/home/ayukine/holy_ws/install/custom_messages/share/custom_messages/package.sh'
[4.590s] INFO:colcon.colcon_core.shell:Creating package script '/home/ayukine/holy_ws/install/custom_messages/share/custom_messages/package.bash'
[4.590s] INFO:colcon.colcon_core.shell:Creating package script '/home/ayukine/holy_ws/install/custom_messages/share/custom_messages/package.zsh'
[4.591s] Level 1:colcon.colcon_core.environment:create_file_with_runtime_dependencies(/home/ayukine/holy_ws/install/custom_messages/share/colcon-core/packages/custom_messages)
[4.591s] INFO:colcon.colcon_ros.task.ament_python.build:Building ROS package in '/home/ayukine/holy_ws/src/bot_controller' with build type 'ament_python'
[4.591s] Level 1:colcon.colcon_core.shell:create_environment_hook('bot_controller', 'ament_prefix_path')
[4.591s] INFO:colcon.colcon_core.shell:Creating environment hook '/home/ayukine/holy_ws/install/bot_controller/share/bot_controller/hook/ament_prefix_path.ps1'
[4.592s] INFO:colcon.colcon_core.shell:Creating environment descriptor '/home/ayukine/holy_ws/install/bot_controller/share/bot_controller/hook/ament_prefix_path.dsv'
[4.592s] INFO:colcon.colcon_core.shell:Creating environment hook '/home/ayukine/holy_ws/install/bot_controller/share/bot_controller/hook/ament_prefix_path.sh'
[4.592s] INFO:colcon.colcon_core.shell:Skip shell extension 'powershell' for command environment: Not usable outside of PowerShell
[4.592s] DEBUG:colcon.colcon_core.shell:Skip shell extension 'dsv' for command environment
[4.594s] INFO:colcon.colcon_ros.task.ament_python.build:Building ROS package in '/home/ayukine/holy_ws/src/can_motor' with build type 'ament_python'
[4.594s] Level 1:colcon.colcon_core.shell:create_environment_hook('can_motor', 'ament_prefix_path')
[4.594s] INFO:colcon.colcon_core.shell:Creating environment hook '/home/ayukine/holy_ws/install/can_motor/share/can_motor/hook/ament_prefix_path.ps1'
[4.594s] INFO:colcon.colcon_core.shell:Creating environment descriptor '/home/ayukine/holy_ws/install/can_motor/share/can_motor/hook/ament_prefix_path.dsv'
[4.595s] INFO:colcon.colcon_core.shell:Creating environment hook '/home/ayukine/holy_ws/install/can_motor/share/can_motor/hook/ament_prefix_path.sh'
[4.595s] INFO:colcon.colcon_core.shell:Skip shell extension 'powershell' for command environment: Not usable outside of PowerShell
[4.595s] DEBUG:colcon.colcon_core.shell:Skip shell extension 'dsv' for command environment
[4.757s] INFO:colcon.colcon_core.task.python.build:Building Python package in '/home/ayukine/holy_ws/src/bot_controller'
[4.758s] INFO:colcon.colcon_core.shell:Skip shell extension 'powershell' for command environment: Not usable outside of PowerShell
[4.758s] DEBUG:colcon.colcon_core.shell:Skip shell extension 'dsv' for command environment
[4.918s] INFO:colcon.colcon_core.task.python.build:Building Python package in '/home/ayukine/holy_ws/src/can_motor'
[4.918s] INFO:colcon.colcon_core.shell:Skip shell extension 'powershell' for command environment: Not usable outside of PowerShell
[4.918s] DEBUG:colcon.colcon_core.shell:Skip shell extension 'dsv' for command environment
[4.922s] DEBUG:colcon.colcon_core.event_handler.log_command:Invoked command in '/home/ayukine/holy_ws/build/ds4_driver_msgs' returned '0': CMAKE_PREFIX_PATH=/opt/ros/humble /usr/bin/cmake --build /home/ayukine/holy_ws/build/ds4_driver_msgs -- -j16 -l16
[4.981s] DEBUG:colcon.colcon_core.event_handler.log_command:Invoking command in '/home/ayukine/holy_ws/build/ds4_driver_msgs': CMAKE_PREFIX_PATH=/opt/ros/humble /usr/bin/cmake --install /home/ayukine/holy_ws/build/ds4_driver_msgs
[5.027s] Level 1:colcon.colcon_core.environment:create_environment_scripts_only(ds4_driver_msgs)
[5.027s] DEBUG:colcon.colcon_core.event_handler.log_command:Invoked command in '/home/ayukine/holy_ws/build/ds4_driver_msgs' returned '0': CMAKE_PREFIX_PATH=/opt/ros/humble /usr/bin/cmake --install /home/ayukine/holy_ws/build/ds4_driver_msgs
[5.027s] Level 1:colcon.colcon_core.environment:checking '/home/ayukine/holy_ws/install/ds4_driver_msgs' for CMake module files
[5.028s] Level 1:colcon.colcon_core.environment:checking '/home/ayukine/holy_ws/install/ds4_driver_msgs' for CMake config files
[5.028s] Level 1:colcon.colcon_core.shell:create_environment_hook('ds4_driver_msgs', 'cmake_prefix_path')
[5.028s] INFO:colcon.colcon_core.shell:Creating environment hook '/home/ayukine/holy_ws/install/ds4_driver_msgs/share/ds4_driver_msgs/hook/cmake_prefix_path.ps1'
[5.028s] INFO:colcon.colcon_core.shell:Creating environment descriptor '/home/ayukine/holy_ws/install/ds4_driver_msgs/share/ds4_driver_msgs/hook/cmake_prefix_path.dsv'
[5.028s] INFO:colcon.colcon_core.shell:Creating environment hook '/home/ayukine/holy_ws/install/ds4_driver_msgs/share/ds4_driver_msgs/hook/cmake_prefix_path.sh'
[5.029s] Level 1:colcon.colcon_core.environment:checking '/home/ayukine/holy_ws/install/ds4_driver_msgs/lib'
[5.029s] Level 1:colcon.colcon_core.shell:create_environment_hook('ds4_driver_msgs', 'ld_library_path_lib')
[5.029s] INFO:colcon.colcon_core.shell:Creating environment hook '/home/ayukine/holy_ws/install/ds4_driver_msgs/share/ds4_driver_msgs/hook/ld_library_path_lib.ps1'
[5.029s] INFO:colcon.colcon_core.shell:Creating environment descriptor '/home/ayukine/holy_ws/install/ds4_driver_msgs/share/ds4_driver_msgs/hook/ld_library_path_lib.dsv'
[5.029s] INFO:colcon.colcon_core.shell:Creating environment hook '/home/ayukine/holy_ws/install/ds4_driver_msgs/share/ds4_driver_msgs/hook/ld_library_path_lib.sh'
[5.029s] Level 1:colcon.colcon_core.environment:checking '/home/ayukine/holy_ws/install/ds4_driver_msgs/bin'
[5.029s] Level 1:colcon.colcon_core.environment:checking '/home/ayukine/holy_ws/install/ds4_driver_msgs/lib/pkgconfig/ds4_driver_msgs.pc'
[5.029s] Level 1:colcon.colcon_core.environment:checking '/home/ayukine/holy_ws/install/ds4_driver_msgs/lib/python3.10/site-packages'
[5.029s] Level 1:colcon.colcon_core.environment:checking '/home/ayukine/holy_ws/install/ds4_driver_msgs/bin'
[5.030s] INFO:colcon.colcon_core.shell:Creating package script '/home/ayukine/holy_ws/install/ds4_driver_msgs/share/ds4_driver_msgs/package.ps1'
[5.030s] INFO:colcon.colcon_core.shell:Creating package descriptor '/home/ayukine/holy_ws/install/ds4_driver_msgs/share/ds4_driver_msgs/package.dsv'
[5.030s] INFO:colcon.colcon_core.shell:Creating package script '/home/ayukine/holy_ws/install/ds4_driver_msgs/share/ds4_driver_msgs/package.sh'
[5.030s] INFO:colcon.colcon_core.shell:Creating package script '/home/ayukine/holy_ws/install/ds4_driver_msgs/share/ds4_driver_msgs/package.bash'
[5.030s] INFO:colcon.colcon_core.shell:Creating package script '/home/ayukine/holy_ws/install/ds4_driver_msgs/share/ds4_driver_msgs/package.zsh'
[5.031s] Level 1:colcon.colcon_core.environment:create_file_with_runtime_dependencies(/home/ayukine/holy_ws/install/ds4_driver_msgs/share/colcon-core/packages/ds4_driver_msgs)
[5.091s] Level 1:colcon.colcon_core.environment:create_environment_scripts_only(ds4_driver_msgs)
[5.091s] Level 1:colcon.colcon_core.environment:checking '/home/ayukine/holy_ws/install/ds4_driver_msgs' for CMake module files
[5.093s] Level 1:colcon.colcon_core.environment:checking '/home/ayukine/holy_ws/install/ds4_driver_msgs' for CMake config files
[5.093s] Level 1:colcon.colcon_core.shell:create_environment_hook('ds4_driver_msgs', 'cmake_prefix_path')
[5.093s] INFO:colcon.colcon_core.shell:Creating environment hook '/home/ayukine/holy_ws/install/ds4_driver_msgs/share/ds4_driver_msgs/hook/cmake_prefix_path.ps1'
[5.093s] INFO:colcon.colcon_core.shell:Creating environment descriptor '/home/ayukine/holy_ws/install/ds4_driver_msgs/share/ds4_driver_msgs/hook/cmake_prefix_path.dsv'
[5.093s] INFO:colcon.colcon_core.shell:Creating environment hook '/home/ayukine/holy_ws/install/ds4_driver_msgs/share/ds4_driver_msgs/hook/cmake_prefix_path.sh'
[5.094s] Level 1:colcon.colcon_core.environment:checking '/home/ayukine/holy_ws/install/ds4_driver_msgs/lib'
[5.094s] Level 1:colcon.colcon_core.shell:create_environment_hook('ds4_driver_msgs', 'ld_library_path_lib')
[5.094s] INFO:colcon.colcon_core.shell:Creating environment hook '/home/ayukine/holy_ws/install/ds4_driver_msgs/share/ds4_driver_msgs/hook/ld_library_path_lib.ps1'
[5.094s] INFO:colcon.colcon_core.shell:Creating environment descriptor '/home/ayukine/holy_ws/install/ds4_driver_msgs/share/ds4_driver_msgs/hook/ld_library_path_lib.dsv'
[5.094s] INFO:colcon.colcon_core.shell:Creating environment hook '/home/ayukine/holy_ws/install/ds4_driver_msgs/share/ds4_driver_msgs/hook/ld_library_path_lib.sh'
[5.094s] Level 1:colcon.colcon_core.environment:checking '/home/ayukine/holy_ws/install/ds4_driver_msgs/bin'
[5.094s] Level 1:colcon.colcon_core.environment:checking '/home/ayukine/holy_ws/install/ds4_driver_msgs/lib/pkgconfig/ds4_driver_msgs.pc'
[5.094s] Level 1:colcon.colcon_core.environment:checking '/home/ayukine/holy_ws/install/ds4_driver_msgs/lib/python3.10/site-packages'
[5.095s] Level 1:colcon.colcon_core.environment:checking '/home/ayukine/holy_ws/install/ds4_driver_msgs/bin'
[5.095s] INFO:colcon.colcon_core.shell:Creating package script '/home/ayukine/holy_ws/install/ds4_driver_msgs/share/ds4_driver_msgs/package.ps1'
[5.095s] INFO:colcon.colcon_core.shell:Creating package descriptor '/home/ayukine/holy_ws/install/ds4_driver_msgs/share/ds4_driver_msgs/package.dsv'
[5.095s] INFO:colcon.colcon_core.shell:Creating package script '/home/ayukine/holy_ws/install/ds4_driver_msgs/share/ds4_driver_msgs/package.sh'
[5.095s] INFO:colcon.colcon_core.shell:Creating package script '/home/ayukine/holy_ws/install/ds4_driver_msgs/share/ds4_driver_msgs/package.bash'
[5.096s] INFO:colcon.colcon_core.shell:Creating package script '/home/ayukine/holy_ws/install/ds4_driver_msgs/share/ds4_driver_msgs/package.zsh'
[5.096s] Level 1:colcon.colcon_core.environment:create_file_with_runtime_dependencies(/home/ayukine/holy_ws/install/ds4_driver_msgs/share/colcon-core/packages/ds4_driver_msgs)
[5.096s] INFO:colcon.colcon_ros.task.ament_cmake.build:Building ROS package in '/home/ayukine/holy_ws/src/ds4_driver/ds4_driver' with build type 'ament_cmake'
[5.096s] INFO:colcon.colcon_cmake.task.cmake.build:Building CMake package in '/home/ayukine/holy_ws/src/ds4_driver/ds4_driver'
[5.096s] INFO:colcon.colcon_core.shell:Skip shell extension 'powershell' for command environment: Not usable outside of PowerShell
[5.096s] DEBUG:colcon.colcon_core.shell:Skip shell extension 'dsv' for command environment
[5.101s] DEBUG:colcon.colcon_core.event_handler.log_command:Invoking command in '/home/ayukine/holy_ws/build/ds4_driver': AMENT_PREFIX_PATH=/home/ayukine/holy_ws/install/ds4_driver_msgs:${AMENT_PREFIX_PATH} CMAKE_PREFIX_PATH=/home/ayukine/holy_ws/install/ds4_driver_msgs:/opt/ros/humble LD_LIBRARY_PATH=/home/ayukine/holy_ws/install/ds4_driver_msgs/lib:${LD_LIBRARY_PATH} PYTHONPATH=/home/ayukine/holy_ws/install/ds4_driver_msgs/local/lib/python3.10/dist-packages:${PYTHONPATH} /usr/bin/cmake /home/ayukine/holy_ws/src/ds4_driver/ds4_driver -DCMAKE_INSTALL_PREFIX=/home/ayukine/holy_ws/install/ds4_driver
[5.122s] DEBUG:colcon.colcon_core.event_handler.log_command:Invoking command in '/home/ayukine/holy_ws/src/bot_controller': AMENT_PREFIX_PATH=/home/ayukine/holy_ws/install/custom_messages:${AMENT_PREFIX_PATH} CMAKE_PREFIX_PATH=/home/ayukine/holy_ws/install/custom_messages LD_LIBRARY_PATH=/home/ayukine/holy_ws/install/custom_messages/lib:${LD_LIBRARY_PATH} PYTHONPATH=/home/ayukine/holy_ws/build/bot_controller/prefix_override:/usr/lib/python3/dist-packages/colcon_core/task/python/colcon_distutils_commands:/home/ayukine/holy_ws/install/bot_controller/lib/python3.10/site-packages:/home/ayukine/holy_ws/install/custom_messages/local/lib/python3.10/dist-packages:${PYTHONPATH} /usr/bin/python3 -W ignore:setup.py install is deprecated setup.py egg_info --egg-base ../../build/bot_controller build --build-base /home/ayukine/holy_ws/build/bot_controller/build install --record /home/ayukine/holy_ws/build/bot_controller/install.log --install-scripts $base/lib/bot_controller --single-version-externally-managed install_data
[5.123s] DEBUG:colcon.colcon_core.event_handler.log_command:Invoking command in '/home/ayukine/holy_ws/src/can_motor': AMENT_PREFIX_PATH=/home/ayukine/holy_ws/install/custom_messages:${AMENT_PREFIX_PATH} CMAKE_PREFIX_PATH=/home/ayukine/holy_ws/install/custom_messages LD_LIBRARY_PATH=/home/ayukine/holy_ws/install/custom_messages/lib:${LD_LIBRARY_PATH} PYTHONPATH=/home/ayukine/holy_ws/build/can_motor/prefix_override:/usr/lib/python3/dist-packages/colcon_core/task/python/colcon_distutils_commands:/home/ayukine/holy_ws/install/can_motor/lib/python3.10/site-packages:/home/ayukine/holy_ws/install/custom_messages/local/lib/python3.10/dist-packages:${PYTHONPATH} /usr/bin/python3 -W ignore:setup.py install is deprecated setup.py egg_info --egg-base ../../build/can_motor build --build-base /home/ayukine/holy_ws/build/can_motor/build install --record /home/ayukine/holy_ws/build/can_motor/install.log --install-scripts $base/lib/can_motor --single-version-externally-managed install_data
[5.295s] Level 1:colcon.colcon_core.environment:checking '/home/ayukine/holy_ws/install/can_motor' for CMake module files
[5.295s] DEBUG:colcon.colcon_core.event_handler.log_command:Invoked command in '/home/ayukine/holy_ws/src/can_motor' returned '0': AMENT_PREFIX_PATH=/home/ayukine/holy_ws/install/custom_messages:${AMENT_PREFIX_PATH} CMAKE_PREFIX_PATH=/home/ayukine/holy_ws/install/custom_messages LD_LIBRARY_PATH=/home/ayukine/holy_ws/install/custom_messages/lib:${LD_LIBRARY_PATH} PYTHONPATH=/home/ayukine/holy_ws/build/can_motor/prefix_override:/usr/lib/python3/dist-packages/colcon_core/task/python/colcon_distutils_commands:/home/ayukine/holy_ws/install/can_motor/lib/python3.10/site-packages:/home/ayukine/holy_ws/install/custom_messages/local/lib/python3.10/dist-packages:${PYTHONPATH} /usr/bin/python3 -W ignore:setup.py install is deprecated setup.py egg_info --egg-base ../../build/can_motor build --build-base /home/ayukine/holy_ws/build/can_motor/build install --record /home/ayukine/holy_ws/build/can_motor/install.log --install-scripts $base/lib/can_motor --single-version-externally-managed install_data
[5.296s] Level 1:colcon.colcon_core.environment:checking '/home/ayukine/holy_ws/install/can_motor' for CMake config files
[5.296s] Level 1:colcon.colcon_core.environment:checking '/home/ayukine/holy_ws/install/can_motor/lib'
[5.296s] Level 1:colcon.colcon_core.environment:checking '/home/ayukine/holy_ws/install/can_motor/bin'
[5.296s] Level 1:colcon.colcon_core.environment:checking '/home/ayukine/holy_ws/install/can_motor/lib/pkgconfig/can_motor.pc'
[5.296s] Level 1:colcon.colcon_core.environment:checking '/home/ayukine/holy_ws/install/can_motor/lib/python3.10/site-packages'
[5.296s] Level 1:colcon.colcon_core.shell:create_environment_hook('can_motor', 'pythonpath')
[5.296s] INFO:colcon.colcon_core.shell:Creating environment hook '/home/ayukine/holy_ws/install/can_motor/share/can_motor/hook/pythonpath.ps1'
[5.296s] INFO:colcon.colcon_core.shell:Creating environment descriptor '/home/ayukine/holy_ws/install/can_motor/share/can_motor/hook/pythonpath.dsv'
[5.297s] INFO:colcon.colcon_core.shell:Creating environment hook '/home/ayukine/holy_ws/install/can_motor/share/can_motor/hook/pythonpath.sh'
[5.297s] Level 1:colcon.colcon_core.environment:checking '/home/ayukine/holy_ws/install/can_motor/bin'
[5.297s] Level 1:colcon.colcon_core.environment:create_environment_scripts_only(can_motor)
[5.297s] INFO:colcon.colcon_core.shell:Creating package script '/home/ayukine/holy_ws/install/can_motor/share/can_motor/package.ps1'
[5.297s] INFO:colcon.colcon_core.shell:Creating package descriptor '/home/ayukine/holy_ws/install/can_motor/share/can_motor/package.dsv'
[5.298s] INFO:colcon.colcon_core.shell:Creating package script '/home/ayukine/holy_ws/install/can_motor/share/can_motor/package.sh'
[5.298s] INFO:colcon.colcon_core.shell:Creating package script '/home/ayukine/holy_ws/install/can_motor/share/can_motor/package.bash'
[5.298s] INFO:colcon.colcon_core.shell:Creating package script '/home/ayukine/holy_ws/install/can_motor/share/can_motor/package.zsh'
[5.298s] Level 1:colcon.colcon_core.environment:create_file_with_runtime_dependencies(/home/ayukine/holy_ws/install/can_motor/share/colcon-core/packages/can_motor)
[5.298s] Level 1:colcon.colcon_core.environment:checking '/home/ayukine/holy_ws/install/bot_controller' for CMake module files
[5.299s] Level 1:colcon.colcon_core.environment:checking '/home/ayukine/holy_ws/install/bot_controller' for CMake config files
[5.299s] DEBUG:colcon.colcon_core.event_handler.log_command:Invoked command in '/home/ayukine/holy_ws/src/bot_controller' returned '0': AMENT_PREFIX_PATH=/home/ayukine/holy_ws/install/custom_messages:${AMENT_PREFIX_PATH} CMAKE_PREFIX_PATH=/home/ayukine/holy_ws/install/custom_messages LD_LIBRARY_PATH=/home/ayukine/holy_ws/install/custom_messages/lib:${LD_LIBRARY_PATH} PYTHONPATH=/home/ayukine/holy_ws/build/bot_controller/prefix_override:/usr/lib/python3/dist-packages/colcon_core/task/python/colcon_distutils_commands:/home/ayukine/holy_ws/install/bot_controller/lib/python3.10/site-packages:/home/ayukine/holy_ws/install/custom_messages/local/lib/python3.10/dist-packages:${PYTHONPATH} /usr/bin/python3 -W ignore:setup.py install is deprecated setup.py egg_info --egg-base ../../build/bot_controller build --build-base /home/ayukine/holy_ws/build/bot_controller/build install --record /home/ayukine/holy_ws/build/bot_controller/install.log --install-scripts $base/lib/bot_controller --single-version-externally-managed install_data
[5.299s] Level 1:colcon.colcon_core.environment:checking '/home/ayukine/holy_ws/install/bot_controller/lib'
[5.299s] Level 1:colcon.colcon_core.environment:checking '/home/ayukine/holy_ws/install/bot_controller/bin'
[5.299s] Level 1:colcon.colcon_core.environment:checking '/home/ayukine/holy_ws/install/bot_controller/lib/pkgconfig/bot_controller.pc'
[5.299s] Level 1:colcon.colcon_core.environment:checking '/home/ayukine/holy_ws/install/bot_controller/lib/python3.10/site-packages'
[5.300s] Level 1:colcon.colcon_core.shell:create_environment_hook('bot_controller', 'pythonpath')
[5.300s] INFO:colcon.colcon_core.shell:Creating environment hook '/home/ayukine/holy_ws/install/bot_controller/share/bot_controller/hook/pythonpath.ps1'
[5.300s] INFO:colcon.colcon_core.shell:Creating environment descriptor '/home/ayukine/holy_ws/install/bot_controller/share/bot_controller/hook/pythonpath.dsv'
[5.300s] INFO:colcon.colcon_core.shell:Creating environment hook '/home/ayukine/holy_ws/install/bot_controller/share/bot_controller/hook/pythonpath.sh'
[5.300s] Level 1:colcon.colcon_core.environment:checking '/home/ayukine/holy_ws/install/bot_controller/bin'
[5.300s] Level 1:colcon.colcon_core.environment:create_environment_scripts_only(bot_controller)
[5.300s] INFO:colcon.colcon_core.shell:Creating package script '/home/ayukine/holy_ws/install/bot_controller/share/bot_controller/package.ps1'
[5.301s] INFO:colcon.colcon_core.shell:Creating package descriptor '/home/ayukine/holy_ws/install/bot_controller/share/bot_controller/package.dsv'
[5.301s] INFO:colcon.colcon_core.shell:Creating package script '/home/ayukine/holy_ws/install/bot_controller/share/bot_controller/package.sh'
[5.301s] INFO:colcon.colcon_core.shell:Creating package script '/home/ayukine/holy_ws/install/bot_controller/share/bot_controller/package.bash'
[5.301s] INFO:colcon.colcon_core.shell:Creating package script '/home/ayukine/holy_ws/install/bot_controller/share/bot_controller/package.zsh'
[5.301s] Level 1:colcon.colcon_core.environment:create_file_with_runtime_dependencies(/home/ayukine/holy_ws/install/bot_controller/share/colcon-core/packages/bot_controller)
[5.786s] DEBUG:colcon.colcon_core.event_handler.log_command:Invoked command in '/home/ayukine/holy_ws/build/ds4_driver' returned '0': AMENT_PREFIX_PATH=/home/ayukine/holy_ws/install/ds4_driver_msgs:${AMENT_PREFIX_PATH} CMAKE_PREFIX_PATH=/home/ayukine/holy_ws/install/ds4_driver_msgs:/opt/ros/humble LD_LIBRARY_PATH=/home/ayukine/holy_ws/install/ds4_driver_msgs/lib:${LD_LIBRARY_PATH} PYTHONPATH=/home/ayukine/holy_ws/install/ds4_driver_msgs/local/lib/python3.10/dist-packages:${PYTHONPATH} /usr/bin/cmake /home/ayukine/holy_ws/src/ds4_driver/ds4_driver -DCMAKE_INSTALL_PREFIX=/home/ayukine/holy_ws/install/ds4_driver
[5.786s] DEBUG:colcon.colcon_core.event_handler.log_command:Invoking command in '/home/ayukine/holy_ws/build/ds4_driver': AMENT_PREFIX_PATH=/home/ayukine/holy_ws/install/ds4_driver_msgs:${AMENT_PREFIX_PATH} CMAKE_PREFIX_PATH=/home/ayukine/holy_ws/install/ds4_driver_msgs:/opt/ros/humble LD_LIBRARY_PATH=/home/ayukine/holy_ws/install/ds4_driver_msgs/lib:${LD_LIBRARY_PATH} PYTHONPATH=/home/ayukine/holy_ws/install/ds4_driver_msgs/local/lib/python3.10/dist-packages:${PYTHONPATH} /usr/bin/cmake --build /home/ayukine/holy_ws/build/ds4_driver -- -j16 -l16
[6.002s] DEBUG:colcon.colcon_core.event_handler.log_command:Invoked command in '/home/ayukine/holy_ws/build/ds4_driver' returned '0': AMENT_PREFIX_PATH=/home/ayukine/holy_ws/install/ds4_driver_msgs:${AMENT_PREFIX_PATH} CMAKE_PREFIX_PATH=/home/ayukine/holy_ws/install/ds4_driver_msgs:/opt/ros/humble LD_LIBRARY_PATH=/home/ayukine/holy_ws/install/ds4_driver_msgs/lib:${LD_LIBRARY_PATH} PYTHONPATH=/home/ayukine/holy_ws/install/ds4_driver_msgs/local/lib/python3.10/dist-packages:${PYTHONPATH} /usr/bin/cmake --build /home/ayukine/holy_ws/build/ds4_driver -- -j16 -l16
[6.017s] DEBUG:colcon.colcon_core.event_handler.log_command:Invoking command in '/home/ayukine/holy_ws/build/ds4_driver': AMENT_PREFIX_PATH=/home/ayukine/holy_ws/install/ds4_driver_msgs:${AMENT_PREFIX_PATH} CMAKE_PREFIX_PATH=/home/ayukine/holy_ws/install/ds4_driver_msgs:/opt/ros/humble LD_LIBRARY_PATH=/home/ayukine/holy_ws/install/ds4_driver_msgs/lib:${LD_LIBRARY_PATH} PYTHONPATH=/home/ayukine/holy_ws/install/ds4_driver_msgs/local/lib/python3.10/dist-packages:${PYTHONPATH} /usr/bin/cmake --install /home/ayukine/holy_ws/build/ds4_driver
[6.061s] Level 1:colcon.colcon_core.environment:create_environment_scripts_only(ds4_driver)
[6.061s] Level 1:colcon.colcon_core.environment:checking '/home/ayukine/holy_ws/install/ds4_driver' for CMake module files
[6.061s] DEBUG:colcon.colcon_core.event_handler.log_command:Invoked command in '/home/ayukine/holy_ws/build/ds4_driver' returned '0': AMENT_PREFIX_PATH=/home/ayukine/holy_ws/install/ds4_driver_msgs:${AMENT_PREFIX_PATH} CMAKE_PREFIX_PATH=/home/ayukine/holy_ws/install/ds4_driver_msgs:/opt/ros/humble LD_LIBRARY_PATH=/home/ayukine/holy_ws/install/ds4_driver_msgs/lib:${LD_LIBRARY_PATH} PYTHONPATH=/home/ayukine/holy_ws/install/ds4_driver_msgs/local/lib/python3.10/dist-packages:${PYTHONPATH} /usr/bin/cmake --install /home/ayukine/holy_ws/build/ds4_driver
[6.061s] Level 1:colcon.colcon_core.environment:checking '/home/ayukine/holy_ws/install/ds4_driver' for CMake config files
[6.062s] Level 1:colcon.colcon_core.shell:create_environment_hook('ds4_driver', 'cmake_prefix_path')
[6.062s] INFO:colcon.colcon_core.shell:Creating environment hook '/home/ayukine/holy_ws/install/ds4_driver/share/ds4_driver/hook/cmake_prefix_path.ps1'
[6.062s] INFO:colcon.colcon_core.shell:Creating environment descriptor '/home/ayukine/holy_ws/install/ds4_driver/share/ds4_driver/hook/cmake_prefix_path.dsv'
[6.062s] INFO:colcon.colcon_core.shell:Creating environment hook '/home/ayukine/holy_ws/install/ds4_driver/share/ds4_driver/hook/cmake_prefix_path.sh'
[6.062s] Level 1:colcon.colcon_core.environment:checking '/home/ayukine/holy_ws/install/ds4_driver/lib'
[6.062s] Level 1:colcon.colcon_core.environment:checking '/home/ayukine/holy_ws/install/ds4_driver/bin'
[6.062s] Level 1:colcon.colcon_core.environment:checking '/home/ayukine/holy_ws/install/ds4_driver/lib/pkgconfig/ds4_driver.pc'
[6.063s] Level 1:colcon.colcon_core.environment:checking '/home/ayukine/holy_ws/install/ds4_driver/lib/python3.10/site-packages'
[6.063s] Level 1:colcon.colcon_core.environment:checking '/home/ayukine/holy_ws/install/ds4_driver/bin'
[6.063s] INFO:colcon.colcon_core.shell:Creating package script '/home/ayukine/holy_ws/install/ds4_driver/share/ds4_driver/package.ps1'
[6.063s] INFO:colcon.colcon_core.shell:Creating package descriptor '/home/ayukine/holy_ws/install/ds4_driver/share/ds4_driver/package.dsv'
[6.063s] INFO:colcon.colcon_core.shell:Creating package script '/home/ayukine/holy_ws/install/ds4_driver/share/ds4_driver/package.sh'
[6.063s] INFO:colcon.colcon_core.shell:Creating package script '/home/ayukine/holy_ws/install/ds4_driver/share/ds4_driver/package.bash'
[6.064s] INFO:colcon.colcon_core.shell:Creating package script '/home/ayukine/holy_ws/install/ds4_driver/share/ds4_driver/package.zsh'
[6.064s] Level 1:colcon.colcon_core.environment:create_file_with_runtime_dependencies(/home/ayukine/holy_ws/install/ds4_driver/share/colcon-core/packages/ds4_driver)
[6.080s] Level 1:colcon.colcon_core.environment:create_environment_scripts_only(ds4_driver)
[6.080s] Level 1:colcon.colcon_core.environment:checking '/home/ayukine/holy_ws/install/ds4_driver' for CMake module files
[6.080s] Level 1:colcon.colcon_core.environment:checking '/home/ayukine/holy_ws/install/ds4_driver' for CMake config files
[6.080s] Level 1:colcon.colcon_core.shell:create_environment_hook('ds4_driver', 'cmake_prefix_path')
[6.080s] INFO:colcon.colcon_core.shell:Creating environment hook '/home/ayukine/holy_ws/install/ds4_driver/share/ds4_driver/hook/cmake_prefix_path.ps1'
[6.081s] INFO:colcon.colcon_core.shell:Creating environment descriptor '/home/ayukine/holy_ws/install/ds4_driver/share/ds4_driver/hook/cmake_prefix_path.dsv'
[6.081s] INFO:colcon.colcon_core.shell:Creating environment hook '/home/ayukine/holy_ws/install/ds4_driver/share/ds4_driver/hook/cmake_prefix_path.sh'
[6.081s] Level 1:colcon.colcon_core.environment:checking '/home/ayukine/holy_ws/install/ds4_driver/lib'
[6.081s] Level 1:colcon.colcon_core.environment:checking '/home/ayukine/holy_ws/install/ds4_driver/bin'
[6.081s] Level 1:colcon.colcon_core.environment:checking '/home/ayukine/holy_ws/install/ds4_driver/lib/pkgconfig/ds4_driver.pc'
[6.082s] Level 1:colcon.colcon_core.environment:checking '/home/ayukine/holy_ws/install/ds4_driver/lib/python3.10/site-packages'
[6.082s] Level 1:colcon.colcon_core.environment:checking '/home/ayukine/holy_ws/install/ds4_driver/bin'
[6.082s] INFO:colcon.colcon_core.shell:Creating package script '/home/ayukine/holy_ws/install/ds4_driver/share/ds4_driver/package.ps1'
[6.082s] INFO:colcon.colcon_core.shell:Creating package descriptor '/home/ayukine/holy_ws/install/ds4_driver/share/ds4_driver/package.dsv'
[6.083s] INFO:colcon.colcon_core.shell:Creating package script '/home/ayukine/holy_ws/install/ds4_driver/share/ds4_driver/package.sh'
[6.083s] INFO:colcon.colcon_core.shell:Creating package script '/home/ayukine/holy_ws/install/ds4_driver/share/ds4_driver/package.bash'
[6.083s] INFO:colcon.colcon_core.shell:Creating package script '/home/ayukine/holy_ws/install/ds4_driver/share/ds4_driver/package.zsh'
[6.084s] Level 1:colcon.colcon_core.environment:create_file_with_runtime_dependencies(/home/ayukine/holy_ws/install/ds4_driver/share/colcon-core/packages/ds4_driver)
[6.084s] DEBUG:colcon.colcon_parallel_executor.executor.parallel:closing loop
[6.084s] DEBUG:colcon.colcon_parallel_executor.executor.parallel:loop closed
[6.084s] DEBUG:colcon.colcon_parallel_executor.executor.parallel:run_until_complete finished with '0'
[6.084s] DEBUG:colcon.colcon_core.event_reactor:joining thread
[6.090s] INFO:colcon.colcon_core.plugin_system:Skipping extension 'colcon_notification.desktop_notification.terminal_notifier': Not used on non-Darwin systems
[6.090s] INFO:colcon.colcon_core.plugin_system:Skipping extension 'colcon_notification.desktop_notification.win32': Not used on non-Windows systems
[6.090s] INFO:colcon.colcon_notification.desktop_notification:Sending desktop notification using 'notify2'
[6.105s] DEBUG:colcon.colcon_core.event_reactor:joined thread
[6.105s] INFO:colcon.colcon_core.shell:Creating prefix script '/home/ayukine/holy_ws/install/local_setup.ps1'
[6.106s] INFO:colcon.colcon_core.shell:Creating prefix util module '/home/ayukine/holy_ws/install/_local_setup_util_ps1.py'
[6.108s] INFO:colcon.colcon_core.shell:Creating prefix chain script '/home/ayukine/holy_ws/install/setup.ps1'
[6.109s] INFO:colcon.colcon_core.shell:Creating prefix script '/home/ayukine/holy_ws/install/local_setup.sh'
[6.109s] INFO:colcon.colcon_core.shell:Creating prefix util module '/home/ayukine/holy_ws/install/_local_setup_util_sh.py'
[6.110s] INFO:colcon.colcon_core.shell:Creating prefix chain script '/home/ayukine/holy_ws/install/setup.sh'
[6.111s] INFO:colcon.colcon_core.shell:Creating prefix script '/home/ayukine/holy_ws/install/local_setup.bash'
[6.111s] INFO:colcon.colcon_core.shell:Creating prefix chain script '/home/ayukine/holy_ws/install/setup.bash'
[6.112s] INFO:colcon.colcon_core.shell:Creating prefix script '/home/ayukine/holy_ws/install/local_setup.zsh'
[6.113s] INFO:colcon.colcon_core.shell:Creating prefix chain script '/home/ayukine/holy_ws/install/setup.zsh'
